WIND_FORMAT_TIME                                                21-APR-1995 15:27:19    DEC Fortran V6.2-508                Page   1
                                                                26-JAN-1995 15:59:10    [WIND.SOFTWARE.LIB]WIND_FORMAT_TIME.FOR;6

	      1 	CHARACTER*30 FUNCTION WIND_FORMAT_TIME(TIMESTRC)
	      2 C
	      3 C This procedure takes as its input a RECORD of structure type T, which
	      4 C contains times.  It formats the fields of the structure using an internal
	      5 C WRITE statement, storing the result into a CHARACTER variable of length 30.
	      6 C This formatted string is returned as the value of the function.
	      7 C
	      8 	IMPLICIT NONE
	      9         INCLUDE 'INC_DIR:EDB.INC/NOLIST'

WIND_FORMAT_TIME                                                21-APR-1995 15:27:19    DEC Fortran V6.2-508                Page   2
                                                                26-JAN-1995 15:59:10    [WIND.SOFTWARE.LIB]WIND_FORMAT_TIME.FOR;6

	    785 	RECORD /T/ TIMESTRC
	    786 	CHARACTER*30 TEMP
	    787 C
	    788 	WRITE(TEMP,1001) TIMESTRC.YEAR,TIMESTRC.DOY,TIMESTRC.HR,TIMESTRC.MIN,
	    789      &			 TIMESTRC.SEC,TIMESTRC.CSEC
	    790 1001	FORMAT(6I5)
	    791 	WIND_FORMAT_TIME = TEMP
	    792 	RETURN
	    793 	END


PROGRAM SECTIONS

    Name				 Bytes   Attributes

  1 $DATA$                                  48 NOPIC CON REL LCL NOSHR NOEXE   RD   WRT OCTA
  2 $BSS$                                   80 NOPIC CON REL LCL NOSHR NOEXE   RD   WRT OCTA
  3 $IODATA$                                12 NOPIC CON REL LCL NOSHR NOEXE   RD   WRT OCTA
  4 $CODE$                                 764   PIC CON REL LCL   SHR   EXE NORD NOWRT OCTA
  5 $LINK$                                 184 NOPIC CON REL LCL NOSHR NOEXE   RD NOWRT OCTA
  6 EDB                                 454336 NOPIC OVR REL GBL NOSHR NOEXE   RD   WRT OCTA
  7 EDB_HEADER                              20 NOPIC OVR REL GBL NOSHR NOEXE   RD   WRT OCTA
  8 HDB                                    996 NOPIC OVR REL GBL NOSHR NOEXE   RD   WRT OCTA
  9 HK                                    3912 NOPIC OVR REL GBL NOSHR NOEXE   RD   WRT OCTA

    Total Space Allocated               460352


ENTRY POINTS

    Address   Type  Name            
                                    
  4-00000000  CHAR  WIND_FORMAT_TIME


VARIABLES

    Address   Type  Name                  Address   Type  Name                  Address   Type  Name             
                                                                                                                 
  7-00000006  L*1   BITRATE             7-0000000A  L*1   RAMCHECK            7-00000004  L*1   SUBS_ID          
  6-0006EEBC  I*4   EDBSET              7-00000000  I*4   SFPERBLOCK          7-00000007  L*1   SWICSPOWER       
  1-00000018  I*4   EDB_CORE_SIZE       7-00000010  I*4   SPINCOUNT           1-00000028  I*4   SWICS_H_RATE_SIZE
  7-00000005  L*1   HDBFLAG             7-00000009  L*1   STICSPOWER          1-0000002C  I*4   SWICS_N_RATE_SIZE
  7-00000008  L*1   MASSPOWER           1-00000020  I*4   STICS_H_RATE_SIZE   2-0000002C  I*4   SWICS_RATE_SIZE  
  1-0000001C  I*4   MASS_RATE_SIZE      1-00000024  I*4   STICS_N_RATE_SIZE   2-00000030  CHAR  TEMP             
  7-0000000C  I*4   MEASSPIN            2-00000028  I*4   STICS_RATE_SIZE                                        



WIND_FORMAT_TIME                                                21-APR-1995 15:27:19    DEC Fortran V6.2-508                Page   3
                                Symbol Table                    26-JAN-1995 15:59:10    [WIND.SOFTWARE.LIB]WIND_FORMAT_TIME.FOR;6

RECORDS

    Address   Name      Structure        Bytes
                                              
      **      TIMESTRC  T                    8


ARRAYS

     Address  Type  Name             Bytes  Dimensions

  6-00005688  I*1   CORE_DATA         1980  (0:10, 0:59, 3)
  8-000003CC  I*4   HDBTIME2            24  (2, 3)
  9-00000CF0  I*4   HKLOCI             300  (75)
  9-00000E1C  I*4   HKLOCJ             300  (75)
  9-00000CE4  I*4   HKSET               12  (3)
  7-0000000B  L*1   SPARFLAGS            1  (1)



RECORD ARRAYS

    Address   Name        Structure         Bytes  Dimensions

  8-00000000  HDB         HDBSTR             972  (3)
  9-00000000  HKEEP       HKEEP             3300  (3)
  6-0004D424  MASS_PHA    MA_PHA          137880  (3)
  6-0004BDA4  MASS_RATE   MA_RATE           5760  (3)
  6-00000000  SCI         CORE             22152  (3)
  6-00030F54  STICS_PHA   ST_PHA          110160  (3)
  6-00028DF4  STICS_RATE  ST_RATE          33120  (3)
  6-0000B2A4  SWICS_PHA   SW_PHA          121680  (3)
  6-00005E44  SWICS_RATE  SW_RATE          21600  (3)



LABELS

    Address   Label
                   
      **       1001

WIND_FORMAT_TIME                                                21-APR-1995 15:27:19    DEC Fortran V6.2-508                Page   4
                                Symbol Table                    26-JAN-1995 15:59:10    [WIND.SOFTWARE.LIB]WIND_FORMAT_TIME.FOR;6

	    794 
	    795 	CHARACTER*30 FUNCTION WIND_FORMAT_TIME2(TIMESTRC, FMT_SPEC)
	    796 C
	    797 C This procedure takes as its input a RECORD of structure type T, which
	    798 C contains times.  It formats the fields of the structure using an internal
	    799 C WRITE statement, storing the result into a CHARACTER variable of length 30.
	    800 C The format specification used with the internal WRITE is given by the
	    801 C CHARACTER variable FMT_SPEC.  
	    802 C
	    803 C FMT_SPEC must have six integer field specifications (I format) and must not
	    804 C exceed 30 characters in total length.
	    805 C
	    806 C The formatted string is returned as the value of the function.
	    807 C
	    808 	IMPLICIT NONE
	    809         INCLUDE 'INC_DIR:EDB.INC/NOLIST'

WIND_FORMAT_TIME2                                               21-APR-1995 15:27:19    DEC Fortran V6.2-508                Page   5
                                Symbol Table                    26-JAN-1995 15:59:10    [WIND.SOFTWARE.LIB]WIND_FORMAT_TIME.FOR;6

	   1585 	RECORD /T/ TIMESTRC
	   1586 	CHARACTER*(*) FMT_SPEC
	   1587 	CHARACTER*30 TEMP
	   1588 C
	   1589 	WRITE(TEMP,FMT_SPEC) TIMESTRC.YEAR,TIMESTRC.DOY,TIMESTRC.HR,TIMESTRC.MIN,
	   1590      &			 TIMESTRC.SEC,TIMESTRC.CSEC
	   1591 	WIND_FORMAT_TIME2 = TEMP
	   1592 	RETURN
	   1593 	END


PROGRAM SECTIONS

    Name				 Bytes   Attributes

  1 $DATA$                                  48 NOPIC CON REL LCL NOSHR NOEXE   RD   WRT OCTA
  2 $BSS$                                   80 NOPIC CON REL LCL NOSHR NOEXE   RD   WRT OCTA
  3 $IODATA$                                12 NOPIC CON REL LCL NOSHR NOEXE   RD   WRT OCTA
  4 $CODE$                                 764   PIC CON REL LCL   SHR   EXE NORD NOWRT OCTA
  5 $LINK$                                 184 NOPIC CON REL LCL NOSHR NOEXE   RD NOWRT OCTA
  6 EDB                                 454336 NOPIC OVR REL GBL NOSHR NOEXE   RD   WRT OCTA
  7 EDB_HEADER                              20 NOPIC OVR REL GBL NOSHR NOEXE   RD   WRT OCTA
  8 HDB                                    996 NOPIC OVR REL GBL NOSHR NOEXE   RD   WRT OCTA
  9 HK                                    3912 NOPIC OVR REL GBL NOSHR NOEXE   RD   WRT OCTA

    Total Space Allocated               460352


ENTRY POINTS

    Address   Type  Name             
                                     
  4-00000168  CHAR  WIND_FORMAT_TIME2


VARIABLES

    Address   Type  Name                  Address   Type  Name                  Address   Type  Name             
                                                                                                                 
  7-00000006  L*1   BITRATE             7-0000000A  L*1   RAMCHECK            7-00000007  L*1   SWICSPOWER       
  6-0006EEBC  I*4   EDBSET              7-00000000  I*4   SFPERBLOCK          1-00000010  I*4   SWICS_H_RATE_SIZE
  1-00000000  I*4   EDB_CORE_SIZE       7-00000010  I*4   SPINCOUNT           1-00000014  I*4   SWICS_N_RATE_SIZE
      **      CHAR  FMT_SPEC            7-00000009  L*1   STICSPOWER          2-00000004  I*4   SWICS_RATE_SIZE  
  7-00000005  L*1   HDBFLAG             1-00000008  I*4   STICS_H_RATE_SIZE   2-00000008  CHAR  TEMP             
  7-00000008  L*1   MASSPOWER           1-0000000C  I*4   STICS_N_RATE_SIZE                                      
  1-00000004  I*4   MASS_RATE_SIZE      2-00000000  I*4   STICS_RATE_SIZE                                        
  7-0000000C  I*4   MEASSPIN            7-00000004  L*1   SUBS_ID                                                



WIND_FORMAT_TIME2                                               21-APR-1995 15:27:19    DEC Fortran V6.2-508                Page   6
                                Symbol Table                    26-JAN-1995 15:59:10    [WIND.SOFTWARE.LIB]WIND_FORMAT_TIME.FOR;6

RECORDS

    Address   Name      Structure        Bytes
                                              
      **      TIMESTRC  T                    8


ARRAYS

     Address  Type  Name             Bytes  Dimensions

  6-00005688  I*1   CORE_DATA         1980  (0:10, 0:59, 3)
  8-000003CC  I*4   HDBTIME2            24  (2, 3)
  9-00000CF0  I*4   HKLOCI             300  (75)
  9-00000E1C  I*4   HKLOCJ             300  (75)
  9-00000CE4  I*4   HKSET               12  (3)
  7-0000000B  L*1   SPARFLAGS            1  (1)



RECORD ARRAYS

    Address   Name        Structure         Bytes  Dimensions

  8-00000000  HDB         HDBSTR             972  (3)
  9-00000000  HKEEP       HKEEP             3300  (3)
  6-0004D424  MASS_PHA    MA_PHA          137880  (3)
  6-0004BDA4  MASS_RATE   MA_RATE           5760  (3)
  6-00000000  SCI         CORE             22152  (3)
  6-00030F54  STICS_PHA   ST_PHA          110160  (3)
  6-00028DF4  STICS_RATE  ST_RATE          33120  (3)
  6-0000B2A4  SWICS_PHA   SW_PHA          121680  (3)
  6-00005E44  SWICS_RATE  SW_RATE          21600  (3)


WIND_FORMAT_TIME2                                               21-APR-1995 15:27:19    DEC Fortran V6.2-508                Page   7
                                Symbol Table                    26-JAN-1995 15:59:10    [WIND.SOFTWARE.LIB]WIND_FORMAT_TIME.FOR;6



  +---------------------------------------------------+
  |               KEY TO ADDRESS CODE FORMATS         |
  |   ppp-oooooooo  - In Psect ppp, Offset oooooooo   |
  |   ***-********  - External                        |
  |               # - Suffix: Also In Registers       |
  |   REG-rrrrrrrr  - In Register rrrrrrrr            |
  |   REG-########  - In Various Registers            |
  |        **       - Not Used; Not Allocated         |
  +---------------------------------------------------+


COMMAND QUALIFIERS

  /ALIGNMENT=(COMMONS=(PACKED,NOMULTILANGUAGE),RECORDS=PACKED)
  /ASSUME=(ACCURACY_SENSITIVE,BACKSLASH,NODUMMY_ALIASES,NOUNDERSCORE)
  /CHECK=(NOASSERTIONS,NOBOUNDS,FORMAT,NOFP_EXCEPTIONS,NOOVERFLOW,NOUNDERFLOW)
  /DEBUG=(NOSYMBOLS,TRACEBACK)
  /DESIGN=(NOCOMMENTS)
  /SHOW=(DICTIONARY,INCLUDE,MAP,PREPROCESSOR)
  /STANDARD=(NOSEMANTIC,NOSOURCE_FORM,NOSYNTAX)
  /WARNINGS=(NOALIGNMENT,NOARGUMENT_CHECKING,NODECLARATIONS,GENERAL,NOTRUNCATED_SOURCE,UNCALLED,
             UNINITIALIZED,UNREACHABLE,UNUSED)
  /NOAUTOMATIC  /BLAS=NOMAPPED  /CONVERT=NATIVE  /NOCROSS_REFERENCE  /NOD_LINES  /ERROR_LIMIT=30  /EXTEND_SOURCE
  /NOPAD_SOURCE  /NOF77  /FLOAT=G_FLOAT  /IEEE_MODE=FAST  /ROUNDING_MODE=NEAREST
  /GRANULARITY=QUADWORD  /INSTRUCTION_SET=FLOATING  /INTEGER_SIZE=32  /NOMACHINE_CODE
  /MATH_LIBRARY=ACCURATE  /NAMES=UPPERCASE  /OPTIMIZE=(LEVEL=4,UNROLL=0)  /REAL_SIZE=32  /NORECURSIVE
  /NOSEPARATE_COMPILATION  /NOSYNCHRONOUS_EXCEPTIONS  /NOSYNTAX_ONLY  /TERMINAL=NOSTATISTICS  /NOTIE  /VMS
  /NOANALYSIS_DATA
  /NODIAGNOSTICS
  /INCLUDE=(.FOR,.f,FORT$INCLUDE:.FOR,FORT$INCLUDE:.f)
  /LIST=SMS1:[WIND.SOFTWARE.LIB]WIND_FORMAT_TIME.LIS;4
  /OBJECT=SMS1:[WIND.SOFTWARE.LIB]WIND_FORMAT_TIME.OBJ;5
  /NOLIBRARY
   sys$lib=SYS$COMMON:[SYSLIB]FORSYSDEF.TLB;1

COMPILER: DEC Fortran V6.2-508-274F

COMPILATION STATISTICS

  CPU time:          0.89 seconds
  Elapsed time:      2.48 seconds
  Pagefaults:         296
  I/O Count:           33
