PRINTL1                                                          5-DEC-1995 16:58:57    DEC Fortran V6.2-508                Page   1
                                                                 5-DEC-1995 16:58:44    SMS1:[WIND.SOFTWARE.L1]PRINTL1.FOR;37

	      1 	PROGRAM PRINTL1
	      2 C
	      3 C This program reads the L1 data files on disk and prints out the times, rates
	      4 C and PHA words.
	      5 C
	      6       IMPLICIT NONE
	      7 
	      8       INCLUDE 'INC_DIR:EDBDEF.INC/NOLIST'

PRINTL1                                                          5-DEC-1995 16:58:57    DEC Fortran V6.2-508                Page   2
                                                                 5-DEC-1995 16:58:44    SMS1:[WIND.SOFTWARE.L1]PRINTL1.FOR;37

	    546       INCLUDE 'INC_DIR:L1FMT.INC/NOLIST'
	    678       INCLUDE '($RMSDEF)/NOLIST'
	   1389 
	   1390       INTEGER*4	JJ,STATUS,SPIN,KK,MM,RECCNTR,IOUT/17/,HKNUM,L1_LUN/8/
	   1391       INTEGER START,LAST,NDUMP,SENSOR,WHAT,WHICH
	   1392       LOGICAL DUMP_HEADER,DUMP_RATE,DUMP_PHA,DUMP_SWICS,DUMP_MASS,DUMP_STICS
	   1393       LOGICAL DUMP_THE_HDB,DUMP_THE_HK,DUMP_CORE
	   1394       CHARACTER*80 L1FILENAME,LISTFILENAME
	   1395       CHARACTER*30 FORMAT_TIME
	   1396       RECORD /CORE/ SCI
	   1397       RECORD /HKeep/ HKeep
	   1398       RECORD /HDBstr/ HDB
	   1399       RECORD /SW_RATE/ SWICS_RATE
	   1400       RECORD /SW_PHA/ SWICS_PHA
	   1401       RECORD /MA_RATE/ MASS_RATE
	   1402       RECORD /MA_PHA/ MASS_PHA
	   1403       RECORD /ST_RATE/ STICS_RATE
	   1404       RECORD /ST_PHA/ STICS_PHA
	   1405       INTEGER FORTERR,RMSSTC,RMSSTV,LUN,VAXERR
	   1406       LOGICAL NRT_MODE
	   1407       CHARACTER VALUE*10
	   1408       INTEGER*4 GET_LOGICAL,NCH
	   1409 C
	   1410 C Translate logical name WIND_NRT_MODE
	   1411 C If it's defined set variable NRT_MODE to .TRUE., else leave it .FALSE.
	   1412 C
	   1413       NRT_MODE = .FALSE.
	   1414       NCH = GET_LOGICAL( 'WIND_NRT_MODE', VALUE )
	   1415       IF (NCH .NE. 0) NRT_MODE = .TRUE.
	   1416 C
	   1417 C Get input file
	   1418 C Use different pattern if processing L1 files which came from NRT data
	   1419 C
	   1420       L1FILENAME = 'WIND_L1_DATA:WI*L1*.DAT'
	   1421       IF (NRT_MODE) L1FILENAME = 'WIND_NRT_DATA:WI*L1*.*'
	   1422       WRITE(6,1010) 'L1-FILE:'
	   1423 1010  FORMAT(1X,A)
	   1424       CALL WIND_GET_FILENAME(L1FILENAME, STATUS)
	   1425       IF(STATUS.NE.1)STOP
	   1426 C
	   1427 C Construct output filename
	   1428 C
	   1429       LISTFILENAME = L1FILENAME
	   1430       KK = INDEX(LISTFILENAME, ']')
	   1431       LISTFILENAME = LISTFILENAME(KK+1:)
	   1432       MM = INDEX(LISTFILENAME, '.')
	   1433       IF (MM .NE. 0) THEN
	   1434         LISTFILENAME(MM:) = '.DMP'
	   1435       ELSE
	   1436         MM = INDEX(LISTFILENAME, ' ')
	   1437         LISTFILENAME(MM:) = '.DMP'
	   1438       ENDIF
	   1439       WRITE(6,1010) 'LISTING FILE:'
	   1440       CALL WIND_GET_FILENAME(LISTFILENAME, STATUS)
	   1441       KK = INDEX(LISTFILENAME, ';')
	   1442       IF (KK .NE. 0) LISTFILENAME(KK:) = ' '
	   1443 C

PRINTL1                                                          5-DEC-1995 16:58:57    DEC Fortran V6.2-508                Page   3
                                                                 5-DEC-1995 16:58:44    SMS1:[WIND.SOFTWARE.L1]PRINTL1.FOR;37

	   1444 C Get run parameters
	   1445 C
	   1446       WRITE(6,1001) 
	   1447 1001  FORMAT(' Number of first record to dump (1=first): ',$)
	   1448       READ(5,*,END=9000) START
	   1449       IF (START .LT. 1) STOP
	   1450       WRITE(6,1002) 
	   1451 1002  FORMAT(' Number of records to dump: ',$)
	   1452       READ(5,*,END=9000) NDUMP
	   1453       IF (NDUMP .LT. 1) STOP
	   1454       LAST = START + NDUMP - 1
	   1455       WRITE(6,1003)
	   1456 1003  FORMAT(' What to dump (1=sensor data, 2=HDB, 3=HK, 4=headers, 5=Basic Core, 6=all): ',$)
	   1457       READ(5,*,END=9000) WHAT
	   1458       SENSOR = 0
	   1459       WHICH = 0
	   1460       IF (WHAT .EQ. 1 .OR. WHAT .EQ. 6) THEN
	   1461         WRITE(6,1004)
	   1462 1004    FORMAT(' What to dump (1=SWICS, 2=MASS, 3=STICS, 4=all): ',$)
	   1463         READ(5,*,END=9000) SENSOR
	   1464         WRITE(6,1005)
	   1465 1005    FORMAT(' What to dump (1=RATE, 2=PHA, 3=both): ',$)
	   1466         READ(5,*,END=9000) WHICH
	   1467       ENDIF
	   1468 C
	   1469       DUMP_HEADER = WHAT .EQ. 4 .OR. WHAT .EQ. 6
	   1470       DUMP_RATE = WHICH .EQ. 1 .OR. WHICH .EQ. 3
	   1471       DUMP_PHA = WHICH .EQ. 2 .OR. WHICH .EQ. 3
	   1472       DUMP_SWICS = SENSOR .EQ. 1 .OR. SENSOR .EQ. 4
	   1473       DUMP_MASS = SENSOR .EQ. 2 .OR. SENSOR .EQ. 4
	   1474       DUMP_STICS = SENSOR .EQ. 3 .OR. SENSOR .EQ. 4
	   1475       DUMP_THE_HDB = WHAT .EQ. 2 .OR. WHAT .EQ. 6
	   1476       DUMP_THE_HK = WHAT .EQ. 3 .OR. WHAT .EQ. 6
	   1477       DUMP_CORE = WHAT .EQ. 5 .OR. WHAT .EQ. 6
	   1478 C
	   1479       CALL WIND_L1_OPEN( L1_LUN, L1FILENAME, L1_FILE_HEADER, STATUS)
	   1480       IF (STATUS .NE. 1) GOTO 9001
	   1481       OPEN(UNIT=IOUT, FILE=LISTFILENAME, STATUS='NEW', ERR=9010, IOSTAT=STATUS)
	   1482 C
	   1483 C Dump file header if requested
	   1484 C
	   1485       IF (DUMP_HEADER) CALL DUMP_FILE_HEADER(IOUT,L1_FILE_HEADER)
	   1486 C
	   1487 C Skip START-1 Science Records
	   1488 C The next call to WIND_L1_READ_SR will get the START'th Sci Rec
	   1489 C
	   1490       CALL WIND_L1_SKIP_SR( L1_LUN, START-1, STATUS )
	   1491       IF (STATUS .NE. 1) GOTO 9002
	   1492 C
	   1493 C Read next Science Record
	   1494 C
	   1495 100   CONTINUE
	   1496       CALL WIND_L1_READ_SR( L1_LUN, RECCNTR, L1_SR_HEADER, STATUS )
	   1497       IF (STATUS .NE. 1) GOTO 9002
	   1498 C
	   1499       WRITE(IOUT,1007) RECCNTR,L1_SR_HEADER.SR_COUNT
	   1500 1007  FORMAT(/' RECORD ',I4,'   ORIGINAL SCI REC# ',I8)

PRINTL1                                                          5-DEC-1995 16:58:57    DEC Fortran V6.2-508                Page   4
                                                                 5-DEC-1995 16:58:44    SMS1:[WIND.SOFTWARE.L1]PRINTL1.FOR;37

	   1501 C
	   1502 C Dump Science Record header if requested
	   1503 C
	   1504       IF (DUMP_HEADER) CALL DUMP_SR_HEADER(IOUT,L1_SR_HEADER)
	   1505 C
	   1506 C Get the Basic Core data
	   1507 C
	   1508       CALL WIND_L1_GET_BASIC( L1_LUN, SCI, STATUS)
	   1509       IF (STATUS .NE. 1) GOTO 9003
	   1510 C
	   1511 C Dump the Basic Core data if requested
	   1512 C
	   1513       IF (DUMP_CORE) THEN
	   1514         DO SPIN=0,59
	   1515           WRITE(IOUT,1008) SPIN,FORMAT_TIME(SCI.EDB(SPIN).W_TIME),SCI.EDB(SPIN).EPOCH,
	   1516      &                 FORMAT_TIME(SCI.EDB(SPIN).SC_TIME),SCI.EDB(SPIN).SC_EPOCH
	   1517 1008    FORMAT(/' SPIN ',I2,T10,'W_TIME:  ',A30,5X,F15.0/
	   1518      &                      T10,'SC_TIME: ',A30,5X,F15.0)
	   1519 	  CALL DUMP_BASIC(IOUT,SCI,SPIN)
	   1520 	ENDDO
	   1521       ENDIF
	   1522 C
	   1523 C Get the Housekeeping Data Block (HDB) and dump it
	   1524 C
	   1525       IF (DUMP_THE_HDB) THEN
	   1526         CALL WIND_L1_GET_HDB( L1_LUN, HDB, STATUS)
	   1527         IF (STATUS .NE. 1) GOTO 9005
	   1528         CALL DUMP_HDB(IOUT,HDB)
	   1529 C
	   1530         SPIN = 0
	   1531         WRITE(IOUT,1008) SPIN,FORMAT_TIME(SCI.EDB(0).W_TIME),SCI.EDB(0).EPOCH,
	   1532      &                 FORMAT_TIME(SCI.EDB(0).SC_TIME),SCI.EDB(0).SC_EPOCH
	   1533       ENDIF
	   1534 C
	   1535 C Get the Housekeeping Records (HKs)
	   1536 C HKNUM will have number of HKs in data structure HKeep
	   1537 C
	   1538       IF (DUMP_THE_HK) THEN
	   1539         CALL WIND_L1_GET_HK( L1_LUN, HKeep, HKNUM, STATUS)
	   1540         IF (STATUS .NE. 1) GOTO 9004
	   1541         CALL DUMP_HK(IOUT,HKeep)
	   1542       ENDIF
	   1543 C
	   1544 C Get SWICS rates and PHA
	   1545 C
	   1546       IF (DUMP_SWICS) THEN
	   1547         CALL WIND_L1_GET_SWICS( L1_LUN, SWICS_RATE, SWICS_PHA, STATUS )
	   1548         IF (STATUS .NE. 1) GOTO 9006
	   1549 C
	   1550 C Now write them out formatted by voltage step for all 60 voltage steps
	   1551 C
	   1552         DO SPIN=0,59
	   1553           WRITE(IOUT,1012) SPIN
	   1554           WRITE(IOUT,1008) SPIN,FORMAT_TIME(SCI.EDB(SPIN).W_TIME),SCI.EDB(SPIN).EPOCH,
	   1555      &                 FORMAT_TIME(SCI.EDB(SPIN).SC_TIME),SCI.EDB(SPIN).SC_EPOCH
	   1556           WRITE(IOUT,1011)  (SWICS_RATE.EDB(SPIN).RATE(KK),KK=0,115)
	   1557 1011      FORMAT(1X,20Z3.2)

PRINTL1                                                          5-DEC-1995 16:58:57    DEC Fortran V6.2-508                Page   5
                                                                 5-DEC-1995 16:58:44    SMS1:[WIND.SOFTWARE.L1]PRINTL1.FOR;37

	   1558 1012      FORMAT(/' DUMP OF SWICS RATES IN SPIN ',I2)
	   1559         END DO
	   1560 C
	   1561         DO SPIN=0,59
	   1562           JJ = SCI.EDB( SPIN ).SWICS_Len * 4
	   1563           WRITE(IOUT,1013) SPIN,JJ
	   1564           WRITE(IOUT,1008) SPIN,FORMAT_TIME(SCI.EDB(SPIN).W_TIME),SCI.EDB(SPIN).EPOCH,
	   1565      &                 FORMAT_TIME(SCI.EDB(SPIN).SC_TIME),SCI.EDB(SPIN).SC_EPOCH
	   1566           WRITE(IOUT,1011)  (SWICS_PHA.EDB(SPIN).PHA(KK),KK=0,JJ-1)
	   1567 1013      FORMAT(/' DUMP OF SWICS PHA IN SPIN ',I2,'    #VALUES ',I4)
	   1568         END DO
	   1569       ENDIF
	   1570 C
	   1571 C Get MASS rates and PHA
	   1572 C
	   1573       IF (DUMP_MASS) THEN
	   1574         CALL WIND_L1_GET_MASS( L1_LUN, MASS_RATE, MASS_PHA, STATUS )
	   1575         IF (STATUS .NE. 1) GOTO 9007
	   1576 C
	   1577 C Now write them out formatted by voltage step for all 60 voltage steps
	   1578 C
	   1579         DO SPIN=0,59
	   1580           WRITE(IOUT,1014) SPIN
	   1581           WRITE(IOUT,1008) SPIN,FORMAT_TIME(SCI.EDB(SPIN).W_TIME),SCI.EDB(SPIN).EPOCH,
	   1582      &                 FORMAT_TIME(SCI.EDB(SPIN).SC_TIME),SCI.EDB(SPIN).SC_EPOCH
	   1583           WRITE(IOUT,1011)  (MASS_RATE.EDB(SPIN).RATE(KK),KK=0,26)
	   1584 1014      FORMAT(/' DUMP OF MASS RATES IN SPIN ',I2)
	   1585         END DO
	   1586 C
	   1587         DO SPIN=0,59
	   1588           JJ = SCI.EDB( SPIN ).MASS_Len * 2
	   1589           WRITE(IOUT,1015) SPIN,JJ
	   1590           WRITE(IOUT,1008) SPIN,FORMAT_TIME(SCI.EDB(SPIN).W_TIME),SCI.EDB(SPIN).EPOCH,
	   1591      &                 FORMAT_TIME(SCI.EDB(SPIN).SC_TIME),SCI.EDB(SPIN).SC_EPOCH
	   1592           WRITE(IOUT,1011)  (MASS_PHA.EDB(SPIN).PHA(KK),KK=0,JJ-1)
	   1593 1015      FORMAT(/' DUMP OF MASS PHA IN SPIN ',I2,'    #VALUES ',I4)
	   1594         END DO
	   1595       ENDIF
	   1596 C
	   1597 C Get STICS rates and PHA
	   1598 C
	   1599       IF (DUMP_STICS) THEN
	   1600         CALL WIND_L1_GET_STICS( L1_LUN, STICS_RATE, STICS_PHA, STATUS )
	   1601         IF (STATUS .NE. 1) GOTO 9008
	   1602 C
	   1603 C Now write them out formatted by voltage step for all 60 voltage steps
	   1604 C
	   1605         DO SPIN=0,59
	   1606           WRITE(IOUT,1016) SPIN
	   1607           WRITE(IOUT,1008) SPIN,FORMAT_TIME(SCI.EDB(SPIN).W_TIME),SCI.EDB(SPIN).EPOCH,
	   1608      &                 FORMAT_TIME(SCI.EDB(SPIN).SC_TIME),SCI.EDB(SPIN).SC_EPOCH
	   1609           WRITE(IOUT,1011)  (STICS_RATE.EDB(SPIN).RATE(KK),KK=0,179)
	   1610 1016      FORMAT(/'  DUMP OF STICS RATES IN SPIN ',I2)
	   1611         END DO
	   1612 C
	   1613         DO SPIN=0,59
	   1614           JJ = SCI.EDB( SPIN ).STICS_Len * 4

PRINTL1                                                          5-DEC-1995 16:58:57    DEC Fortran V6.2-508                Page   6
                                                                 5-DEC-1995 16:58:44    SMS1:[WIND.SOFTWARE.L1]PRINTL1.FOR;37

	   1615           WRITE(IOUT,1017) SPIN,JJ
	   1616           WRITE(IOUT,1008) SPIN,FORMAT_TIME(SCI.EDB(SPIN).W_TIME),SCI.EDB(SPIN).EPOCH,
	   1617      &                 FORMAT_TIME(SCI.EDB(SPIN).SC_TIME),SCI.EDB(SPIN).SC_EPOCH
	   1618           WRITE(IOUT,1011)  (STICS_PHA.EDB(SPIN).PHA(KK),KK=0,JJ-1)
	   1619 1017      FORMAT(/' DUMP OF STICS PHA IN SPIN ',I2,'    #VALUES ',I4)
	   1620         END DO
	   1621       ENDIF
	   1622 C
	   1623       IF (RECCNTR .LT. LAST) GOTO 100
	   1624 C
	   1625 C All done, close files
	   1626 C
	   1627 8000  CALL WIND_L1_CLOSE( L1_LUN, STATUS )
	   1628       IF (STATUS .NE. 1) GOTO 9009
	   1629       STOP
	   1630 C
	   1631 C Come here for errors
	   1632 C
	   1633 9000  STOP
	   1634 9001  TYPE *,'ERROR OPENING L1 FILE'
	   1635       GOTO 9900
	   1636 9002  CALL ERRSNS(FORTERR,RMSSTC,RMSSTV,LUN,VAXERR)
	   1637       IF (RMSSTC .EQ. RMS$_EOF) GOTO 8000
	   1638       TYPE *,'ERROR READING SCIENCE RECORD ',RECCNTR
	   1639       GOTO 9900
	   1640 9003  TYPE *,'ERROR GETTING BASIC CORE'
	   1641       GOTO 9900
	   1642 9004  TYPE *,'ERROR GETTING HK'
	   1643       GOTO 9900
	   1644 9005  TYPE *,'ERROR GETTING HDB'
	   1645       GOTO 9900
	   1646 9006  TYPE *,'ERROR GETTING SWICS DATA'
	   1647       GOTO 9900
	   1648 9007  TYPE *,'ERROR GETTING MASS DATA'
	   1649       GOTO 9900
	   1650 9008  TYPE *,'ERROR GETTING STICS DATA'
	   1651       GOTO 9900
	   1652 9009  TYPE *,'ERROR CLOSING L1 FILE'
	   1653       GOTO 9900
	   1654 9010  TYPE *,'ERROR OPENING OUTPUT FILE'
	   1655       GOTO 9900
	   1656 9900  CALL LIB$STOP(%VAL(STATUS))
	   1657       END

PRINTL1                                                          5-DEC-1995 16:58:57    DEC Fortran V6.2-508                Page   7
                                Symbol Table                     5-DEC-1995 16:58:44    SMS1:[WIND.SOFTWARE.L1]PRINTL1.FOR;37



PROGRAM SECTIONS

    Name				 Bytes   Attributes

  1 $DATA$                                   8 NOPIC CON REL LCL NOSHR NOEXE   RD   WRT OCTA
  2 $BSS$                               152440 NOPIC CON REL LCL NOSHR NOEXE   RD   WRT OCTA
  3 $IODATA$                               864 NOPIC CON REL LCL NOSHR NOEXE   RD   WRT OCTA
  4 $CODE$                                8740   PIC CON REL LCL   SHR   EXE NORD NOWRT OCTA
  5 $LINK$                                1120 NOPIC CON REL LCL NOSHR NOEXE   RD NOWRT OCTA
  6 LIB$INITIALIZE                           4 NOPIC CON REL GBL NOSHR NOEXE   RD NOWRT LONG
  7 L1_HEADERS                             644 NOPIC OVR REL GBL NOSHR NOEXE   RD   WRT OCTA

    Total Space Allocated               163820


ENTRY POINTS

    Address   Type  Name   
                           
  4-00000000        PRINTL1


VARIABLES

    Address   Type  Name             Address   Type  Name             Address   Type  Name             Address   Type  Name        
                                                                                                                                   
  0-00000060  L*4   DUMP_CORE      2-00000018  I*4   FORTERR        2-00000024  I*4   LUN            0-00000040# I*4   SPIN        
REG-00000009  L*4   DUMP_HEADER    2-00000008  I*4   HKNUM        REG-########  I*4   MM             2-0000000C  I*4   START       
  0-00000050  L*4   DUMP_MASS      1-00000000# I*4   IOUT         REG-00000000  I*4   NCH            2-00000000  I*4   STATUS      
      **      L*4   DUMP_PHA       0-00000044# I*4   JJ             2-00000010  I*4   NDUMP          2-00000030  CHAR  VALUE       
      **      L*4   DUMP_RATE    REG-########  I*4   KK           REG-00000000  L*4   NRT_MODE       2-00000028  I*4   VAXERR      
  0-00000054  L*4   DUMP_STICS     2-00000040  CHAR  L1FILENAME     2-00000004  I*4   RECCNTR        2-00000014  I*4   WHAT        
  0-0000004C  L*4   DUMP_SWICS     1-00000004  I*4   L1_LUN         2-0000001C  I*4   RMSSTC         0-00000038  I*4   WHICH       
  0-00000058  L*4   DUMP_THE_HDB   0-00000048  I*4   LAST           2-00000020  I*4   RMSSTV                                       
  0-0000005C  L*4   DUMP_THE_HK    2-00000090  CHAR  LISTFILENAME   0-0000003C# I*4   SENSOR                                       


RECORDS

    Address   Name            Structure                Bytes     Address   Name            Structure                Bytes
                                                                                                                         
  2-00002208  HDB             HDBSTR                     324   2-000000E0  SCI             CORE                      7384
  2-00001DB8  HKEEP           HKEEP                     1100   2-0001C408  STICS_PHA       ST_PHA                   36720
  7-00000000  L1_FILE_HEADER  ST_L1_FILE_HEADER          400   2-000198E8  STICS_RATE      ST_RATE                  11040
  7-00000190  L1_SR_HEADER    ST_L1_SR_HEADER            244   2-00003F70  SWICS_PHA       SW_PHA                   40560
  2-0000E560  MASS_PHA        MA_PHA                   45960   2-00002350  SWICS_RATE      SW_RATE                   7200
  2-0000DDE0  MASS_RATE       MA_RATE                   1920                                                             



PRINTL1                                                          5-DEC-1995 16:58:57    DEC Fortran V6.2-508                Page   8
                                Symbol Table                     5-DEC-1995 16:58:44    SMS1:[WIND.SOFTWARE.L1]PRINTL1.FOR;37

LABELS

    Address   Label     Address   Label     Address   Label     Address   Label     Address   Label     Address   Label
                                                                                                                       
  4-000007A0   100        **       1005       **       1012       **       1017       **       9003       **       9008
      **       1001       **       1007       **       1013   4-00001F38   8000       **       9004       **       9009
      **       1002       **       1008       **       1014   4-000005E4   9000       **       9005   4-00000000   9010
      **       1003       **       1010       **       1015       **       9001       **       9006   4-0000202C   9900
      **       1004       **       1011       **       1016       **       9002       **       9007                    


FUNCTIONS AND SUBROUTINES REFERENCED

  Type  Name                      Type  Name                      Type  Name                      Type  Name                   
                                                                                                                               
        DUMP_BASIC                CHAR  FORMAT_TIME                     WIND_L1_GET_BASIC               WIND_L1_GET_SWICS      
        DUMP_FILE_HEADER          I*4   GET_LOGICAL                     WIND_L1_GET_HDB                 WIND_L1_OPEN           
        DUMP_HDB                        LIB$STOP                        WIND_L1_GET_HK                  WIND_L1_READ_SR        
        DUMP_HK                         WIND_GET_FILENAME               WIND_L1_GET_MASS                WIND_L1_SKIP_SR        
        DUMP_SR_HEADER                  WIND_L1_CLOSE                   WIND_L1_GET_STICS                                      

PRINTL1                                                          5-DEC-1995 16:58:57    DEC Fortran V6.2-508                Page   9
                                Symbol Table                     5-DEC-1995 16:58:44    SMS1:[WIND.SOFTWARE.L1]PRINTL1.FOR;37



  +---------------------------------------------------+
  |               KEY TO ADDRESS CODE FORMATS         |
  |   ppp-oooooooo  - In Psect ppp, Offset oooooooo   |
  |   ***-********  - External                        |
  |               # - Suffix: Also In Registers       |
  |   REG-rrrrrrrr  - In Register rrrrrrrr            |
  |   REG-########  - In Various Registers            |
  |        **       - Not Used; Not Allocated         |
  +---------------------------------------------------+


COMMAND QUALIFIERS

  /ALIGNMENT=(COMMONS=(PACKED,NOMULTILANGUAGE),RECORDS=PACKED)
  /ASSUME=(ACCURACY_SENSITIVE,BACKSLASH,NODUMMY_ALIASES,NOUNDERSCORE)
  /CHECK=(ASSERTIONS,BOUNDS,FORMAT,FP_EXCEPTIONS,OVERFLOW,ÿÿÿ°&¶
  /DEBUG=(NOSYMBOLS,TRACEBACK)
  /DESIGN=(NOCOMMENTS)
  /SHOW=(DICTIONARY,INCLUDE,MAP,PREPROCESSOR)
  /STANDARD=(NOSEMANTIC,NOSOURCE_FORM,NOSYNTAX)
  /WARNINGS=(NOALIGNMENT,NOARGUMENT_CHECKING,DECLARATIONS,GENERAL,NOTRUNCATED_SOURCE,UNCALLED,
             UNINITIALIZED,UNREACHABLE,UNUSED)
  /NOAUTOMATIC  /BLAS=NOMAPPED  /CONVERT=NATIVE  /NOCROSS_REFERENCE  /NOD_LINES  /ERROR_LIMIT=30  /EXTEND_SOURCE
  /NOPAD_SOURCE  /NOF77  /FLOAT=G_FLOAT  /IEEE_MODE=FAST  /ROUNDING_MODE=NEAREST
  /GRANULARITY=QUADWORD  /INSTRUCTION_SET=FLOATING  /INTEGER_SIZE=32  /NOMACHINE_CODE
  /MATH_LIBRARY=ACCURATE  /NAMES=UPPERCASE  /OPTIMIZE=(LEVEL=4,UNROLL=0)  /REAL_SIZE=32  /NORECURSIVE
  /NOSEPARATE_COMPILATION  /NOSYNCHRONOUS_EXCEPTIONS  /NOSYNTAX_ONLY  /TERMINAL=NOSTATISTICS  /NOTIE  /VMS
  /NOANALYSIS_DATA
  /NODIAGNOSTICS
  /INCLUDE=(.FOR,.f,FORT$INCLUDE:.FOR,FORT$INCLUDE:.f)
  /LIST=SMS1:[WIND.SOFTWARE.L1]PRINTL1.LIS;36
  /OBJECT=SMS1:[WIND.SOFTWARE.L1]PRINTL1.OBJ;30
  /NOLIBRARY
   sys$lib=SYS$COMMON:[SYSLIB]FORSYSDEF.TLB;1

COMPILER: DEC Fortran V6.2-508-274F

COMPILATION STATISTICS

  CPU time:          3.27 seconds
  Elapsed time:      5.57 seconds
  Pagefaults:         439
  I/O Count:           40
