 CDF NAME = wind_or_data:WI_OR_DEF_19950130_V02

 VARIABLES AND SPECIFIED RANGES                                        Output
 ----------------------------------------------------------------------------
 **RECORD_NUM**                              1                       84  Y 
 Epoch                01-Jul-1992 00:00:00.000 31-Dec-2020 23:59:59.000  Y 
 Time_PB5                                                                Y 
 label_time                                                              Y 
 unit_time                                                               Y 
 format_time                                                             Y 
 GCI_POS                        -1800000.00000            1800000.00000  Y 
 GCI_VEL                           -12.0000000               12.0000000  Y 
 label_v                                                                 Y 
 cartesian                                                               Y 
 GSE_POS                        -1800000.00000            1800000.00000  Y 
 GSE_VEL                           -12.0000000               12.0000000  Y 
 GSM_POS                        -1800000.00000            1800000.00000  Y 
 GSM_VEL                           -12.0000000               12.0000000  Y 
 SUN_VECTOR                   -160000000.00000          160000000.00000  Y 
 REC          Epoch              Time_PB5            label_time          unit_time format_time      GCI_POS          GCI_VEL    label_v cartesian      GSE_POS          GSE_VEL         GSM_POS          GSM_VEL        SUN_VECTOR    
   1 30-Jan-1995 10:00:00.000         1995   Year                        year I4       447028.34036     0.3848752 vx x      1171965.79929     0.1026418      1171965.79929     0.1026418     94948623.43565
   1 30-Jan-1995 10:00:00.000           30   Day of Year (Jan 1 = day 1) day  I3     -1038406.48284     0.0575986 vy y      -402806.88355     0.1066100      -397454.29662    -0.1241799   -103404644.76120
   1 30-Jan-1995 10:00:00.000     36000000   elapsed ms of day           msec I8      -510591.68514     0.0731255 vz z       -55398.64153     0.0441791       -85746.58601     1.1049585    -44831948.98606
   2 30-Jan-1995 10:10:00.000         1995   Year                        year I4       447259.25860     0.3848523 vx x      1172027.36743     0.1025853      1172027.36743     0.1025853     94962589.90906
   2 30-Jan-1995 10:10:00.000           30   Day of Year (Jan 1 = day 1) day  I3     -1038371.88933     0.0577132 vy y      -402742.90856     0.1066399      -397512.14410    -0.0688501   -103394013.74334
   2 30-Jan-1995 10:10:00.000     36600000   elapsed ms of day           msec I8      -510547.79270     0.0731826 vz z       -55372.13369     0.0441859       -85158.78630     0.8544478    -44827339.61384
   3 30-Jan-1995 10:20:00.000         1995   Year                        year I4       447490.16307     0.3848293 vx x      1172088.90164     0.1025288      1172088.90164     0.1025288     94976554.95782
   3 30-Jan-1995 10:20:00.000           30   Day of Year (Jan 1 = day 1) day  I3     -1038337.22706     0.0578277 vy y      -402678.91568     0.1066696      -397537.14140    -0.0146460   -103383381.17170
   3 30-Jan-1995 10:20:00.000     37200000   elapsed ms of day           msec I8      -510503.86598     0.0732398 vz z       -55345.62175     0.0441928       -84721.12004     0.6045919    -44822729.56918
   4 30-Jan-1995 10:30:00.000         1995   Year                        year I4       447721.05374     0.3848063 vx x      1172150.40194     0.1024722      1172150.40194     0.1024722     94990518.58172
   4 30-Jan-1995 10:30:00.000           30   Day of Year (Jan 1 = day 1) day  I3     -1038302.49606     0.0579423 vy y      -402614.90491     0.1066995      -397529.90354     0.0386344   -103372747.04644
   4 30-Jan-1995 10:30:00.000     37800000   elapsed ms of day           msec I8      -510459.90498     0.0732969 vz z       -55319.10568     0.0441996       -84433.05575     0.3558492    -44818118.85217
   5 30-Jan-1995 10:40:00.000         1995   Year                        year I4       447951.93057     0.3847832 vx x      1172211.86833     0.1024157      1172211.86833     0.1024157     95004480.78054
   5 30-Jan-1995 10:40:00.000           30   Day of Year (Jan 1 = day 1) day  I3     -1038267.69635     0.0580568 vy y      -402550.87630     0.1067292      -397490.92372     0.0911945   -103362111.36776
   5 30-Jan-1995 10:40:00.000     38400000   elapsed ms of day           msec I8      -510415.90971     0.0733540 vz z       -55292.58549     0.0442065       -84293.79323     0.1086572    -44813507.46286
   6 30-Jan-1995 10:50:00.000         1995   Year                        year I4       448182.79355     0.3847601 vx x      1172273.30084     0.1023593      1172273.30084     0.1023593     95018441.55406
   6 30-Jan-1995 10:50:00.000           30   Day of Year (Jan 1 = day 1) day  I3     -1038232.82795     0.0581712 vy y      -402486.82984     0.1067589      -397420.57320     0.1432369   -103351474.13581
   6 30-Jan-1995 10:50:00.000     39000000   elapsed ms of day           msec I8      -510371.88020     0.0734111 vz z       -55266.06119     0.0442134       -84302.27584    -0.1365665    -44808895.40135
   7 30-Jan-1995 11:00:00.000         1995   Year                        year I4       448413.64265     0.3847369 vx x      1172334.69946     0.1023028      1172334.69946     0.1023028     95032400.90205
   7 30-Jan-1995 11:00:00.000           30   Day of Year (Jan 1 = day 1) day  I3     -1038197.89088     0.0582857 vy y      -402422.76556     0.1067886      -397319.10258     0.1949609   -103340835.35079
   7 30-Jan-1995 11:00:00.000     39600000   elapsed ms of day           msec I8      -510327.81644     0.0734681 vz z       -55239.53278     0.0442201       -84457.20187    -0.3794226    -44804282.66771
   8 30-Jan-1995 11:10:00.000         1995   Year                        year I4       448644.47783     0.3847137 vx x      1172396.06421     0.1022463      1172396.06421     0.1022463     95046358.82428
   8 30-Jan-1995 11:10:00.000           30   Day of Year (Jan 1 = day 1) day  I3     -1038162.88517     0.0584001 vy y      -402358.68348     0.1068182      -397186.64450     0.2465602   -103330195.01286
   8 30-Jan-1995 11:10:00.000     40200000   elapsed ms of day           msec I8      -510283.71846     0.0735252 vz z       -55213.00027     0.0442270       -84757.03512    -0.6195282    -44799669.26201
   9 30-Jan-1995 11:20:00.000         1995   Year                        year I4       448875.29906     0.3846904 vx x      1172457.39510     0.1021899      1172457.39510     0.1021899     95060315.32067
   9 30-Jan-1995 11:20:00.000           30   Day of Year (Jan 1 = day 1) day  I3     -1038127.81083     0.0585144 vy y      -402294.58364     0.1068478      -397023.21763     0.2982205   -103319553.12211
   9 30-Jan-1995 11:20:00.000     40800000   elapsed ms of day           msec I8      -510239.58626     0.0735822 vz z       -55186.46364     0.0442338       -85200.01441    -0.8565160    -44795055.18429
  10 30-Jan-1995 11:30:00.000         1995   Year                        year I4       449106.10633     0.3846671 vx x      1172518.69214     0.1021335      1172518.69214     0.1021335     95074270.39074
  10 30-Jan-1995 11:30:00.000           30   Day of Year (Jan 1 = day 1) day  I3     -1038092.66788     0.0586287 vy y      -402230.46601     0.1068774      -396828.73181     0.3501184   -103308909.67889
  10 30-Jan-1995 11:30:00.000     41400000   elapsed ms of day           msec I8      -510195.41986     0.0736392 vz z       -55159.92292     0.0442407       -85784.16227    -1.0900322    -44790440.43471
  11 30-Jan-1995 11:40:00.000         1995   Year                        year I4       449336.89961     0.3846438 vx x      1172579.95535     0.1020772      1172579.95535     0.1020772     95088224.03439
  11 30-Jan-1995 11:40:00.000           30   Day of Year (Jan 1 = day 1) day  I3     -1038057.45635     0.0587430 vy y      -402166.33065     0.1069070      -396602.99444     0.4024188   -103298264.68329
  11 30-Jan-1995 11:40:00.000     42000000   elapsed ms of day           msec I8      -510151.21928     0.0736961 vz z       -55133.37811     0.0442474       -86507.29272    -1.3197354    -44785825.01330
  12 30-Jan-1995 11:50:00.000         1995   Year                        year I4       449567.67885     0.3846204 vx x      1172641.18471     0.1020208      1172641.18471     0.1020208     95102176.25141
  12 30-Jan-1995 11:50:00.000           30   Day of Year (Jan 1 = day 1) day  I3     -1038022.17626     0.0588573 vy y      -402102.17757     0.1069365      -396345.71773     0.4552738   -103287618.13549
  12 30-Jan-1995 11:50:00.000     42600000   elapsed ms of day           msec I8      -510106.98451     0.0737531 vz z       -55106.82919     0.0442542       -87367.01821    -1.5452949    -44781208.92013
  13 30-Jan-1995 12:00:00.000         1995   Year                        year I4       449798.44405     0.3845969 vx x      1172702.38028     0.1019644      1172702.38028     0.1019644     95116127.04157
  13 30-Jan-1995 12:00:00.000           30   Day of Year (Jan 1 = day 1) day  I3     -1037986.82763     0.0589715 vy y      -402038.00678     0.1069660      -396056.52695     0.5088206   -103276970.03566
  13 30-Jan-1995 12:00:00.000     43200000   elapsed ms of day           msec I8      -510062.71558     0.0738100 vz z       -55080.27618     0.0442610       -88360.75589    -1.7663901    -44776592.15530
  14 30-Jan-1995 12:10:00.000         1995   Year                        year I4       450029.19517     0.3845734 vx x      1172763.54203     0.1019080      1172763.54203     0.1019080     95130076.40464
  14 30-Jan-1995 12:10:00.000           30   Day of Year (Jan 1 = day 1) day  I3     -1037951.41047     0.0590857 vy y      -401973.81830     0.1069954      -395734.96960     0.5631812   -103266320.38398
  14 30-Jan-1995 12:10:00.000     43800000   elapsed ms of day           msec I8      -510018.41250     0.0738669 vz z       -55053.71909     0.0442678       -89485.73307    -1.9827087    -44771974.71886
  15 30-Jan-1995 12:20:00.000         1995   Year                        year I4       450259.93218     0.3845499 vx x      1172824.66998     0.1018518      1172824.66998     0.1018518     95144024.34041
  15 30-Jan-1995 12:20:00.000           30   Day of Year (Jan 1 = day 1) day  I3     -1037915.92482     0.0591998 vy y      -401909.61216     0.1070248      -395380.52526     0.6184599   -103255669.18062
  15 30-Jan-1995 12:20:00.000     44400000   elapsed ms of day           msec I8      -509974.07528     0.0739238 vz z       -55027.15791     0.0442746       -90738.99218    -2.1939465    -44767356.61090
  16 30-Jan-1995 12:30:00.000         1995   Year                        year I4       450490.65505     0.3845263 vx x      1172885.76415     0.1017955      1172885.76415     0.1017955     95157970.84866
  16 30-Jan-1995 12:30:00.000           30   Day of Year (Jan 1 = day 1) day  I3     -1037880.37069     0.0593139 vy y      -401845.38837     0.1070542      -394992.61618     0.6747431   -103245016.42576
  16 30-Jan-1995 12:30:00.000     45000000   elapsed ms of day           msec I8      -509929.70393     0.0739807 vz z       -55000.59265     0.0442814       -92117.39529    -2.3998063    -44762737.83150
  17 30-Jan-1995 12:40:00.000         1995   Year                        year I4       450721.36376     0.3845027 vx x      1172946.82455     0.1017392      1172946.82455     0.1017392     95171915.92916
  17 30-Jan-1995 12:40:00.000           30   Day of Year (Jan 1 = day 1) day  I3     -1037844.74810     0.0594280 vy y      -401781.14696     0.1070836      -394570.61851     0.7320981   -103234362.11958
  17 30-Jan-1995 12:40:00.000     45600000   elapsed ms of day           msec I8      -509885.29847     0.0740375 vz z       -54974.02331     0.0442881       -93617.62813    -2.5999977    -44758118.38073
  18 30-Jan-1995 12:50:00.000         1995   Year                        year I4       450952.05828     0.3844790 vx x      1173007.85118     0.1016829      1173007.85118     0.1016829     95185859.58180
  18 30-Jan-1995 12:50:00.000           30   Day of Year (Jan 1 = day 1) day  I3     -1037809.05707     0.0595421 vy y      -401716.88793     0.1071130      -394113.87410     0.7905718   -103223706.26216
  18 30-Jan-1995 12:50:00.000     46200000   elapsed ms of day           msec I8      -509840.85891     0.0740944 vz z       -54947.44989     0.0442950       -95236.20393    -2.7942360    -44753498.25862
  19 30-Jan-1995 13:00:00.000         1995   Year                        year I4       451182.73859     0.3844553 vx x      1173068.84406     0.1016266      1173068.84406     0.1016266     95199801.80614
  19 30-Jan-1995 13:00:00.000           30   Day of Year (Jan 1 = day 1) day  I3     -1037773.29763     0.0596561 vy y      -401652.61130     0.1071423      -393621.70271     0.8501906   -103213048.85386
  19 30-Jan-1995 13:00:00.000     46800000   elapsed ms of day           msec I8      -509796.38525     0.0741512 vz z       -54920.87239     0.0443017       -96969.46706    -2.9822430    -44748877.46534
  20 30-Jan-1995 13:10:00.000         1995   Year                        year I4       451413.40465     0.3844315 vx x      1173129.80320     0.1015705      1173129.80320     0.1015705     95213742.60206
  20 30-Jan-1995 13:10:00.000           30   Day of Year (Jan 1 = day 1) day  I3     -1037737.46980     0.0597700 vy y      -401588.31711     0.1071715      -393093.41473     0.9109594   -103202389.89476
  20 30-Jan-1995 13:10:00.000     47400000   elapsed ms of day           msec I8      -509751.87752     0.0742079 vz z       -54894.29083     0.0443084       -98813.59673    -3.1637464    -44744256.00092
  21 30-Jan-1995 13:20:00.000         1995   Year                        year I4       451644.05643     0.3844077 vx x      1173190.72861     0.1015142      1173190.72861     0.1015142     95227681.96936
  21 30-Jan-1995 13:20:00.000           30   Day of Year (Jan 1 = day 1) day  I3     -1037701.57360     0.0598840 vy y      -401524.00537     0.1072008      -392528.32408     0.9728615   -103191729.38505
  21 30-Jan-1995 13:20:00.000     48000000   elapsed ms of day           msec I8      -509707.33572     0.0742647 vz z       -54867.70519     0.0443152      -100764.61062    -3.3384800    -44739633.86544
  22 30-Jan-1995 13:30:00.000         1995   Year                        year I4       451874.69392     0.3843839 vx x      1173251.62030     0.1014581      1173251.62030     0.1014581     95241619.90779
  22 30-Jan-1995 13:30:00.000           30   Day of Year (Jan 1 = day 1) day  I3     -1037665.60904     0.0599979 vy y      -401459.67608     0.1072300      -391925.76147     1.0358576   -103181067.32489
  22 30-Jan-1995 13:30:00.000     48600000   elapsed ms of day           msec I8      -509662.75988     0.0743214 vz z       -54841.11550     0.0443219      -102818.36880    -3.5061848    -44735011.05896
  23 30-Jan-1995 13:40:00.000         1995   Year                        year I4       452105.31708     0.3843600 vx x      1173312.47828     0.1014019      1173312.47828     0.1014019     95255556.41715
  23 30-Jan-1995 13:40:00.000           30   Day of Year (Jan 1 = day 1) day  I3     -1037629.57616     0.0601117 vy y      -401395.32929     0.1072592      -391285.08782     1.0998862   -103170403.71446
  23 30-Jan-1995 13:40:00.000     49200000   elapsed ms of day           msec I8      -509618.14999     0.0743782 vz z       -54814.52174     0.0443288      -104970.57787    -3.6666083    -44730387.58158
  24 30-Jan-1995 13:50:00.000         1995   Year                        year I4       452335.92589     0.3843360 vx x      1173373.30256     0.1013457      1173373.30256     0.1013457     95269491.49721
  24 30-Jan-1995 13:50:00.000           30   Day of Year (Jan 1 = day 1) day  I3     -1037593.47496     0.0602256 vy y      -401330.96498     0.1072883      -390605.70759     1.1648636   -103159738.55395
  24 30-Jan-1995 13:50:00.000     49800000   elapsed ms of day           msec I8      -509573.50607     0.0744349 vz z       -54787.92392     0.0443355      -107216.79560    -3.8195070    -44725763.43336
  25 30-Jan-1995 14:00:00.000         1995   Year                        year I4       452566.52031     0.3843120 vx x      1173434.09316     0.1012895      1173434.09316     0.1012895     95283425.14776
  25 30-Jan-1995 14:00:00.000           30   Day of Year (Jan 1 = day 1) day  I3     -1037557.30549     0.0603394 vy y      -401266.58322     0.1073174      -389887.08236     1.2306835   -103149071.84352
  25 30-Jan-1995 14:00:00.000     50400000   elapsed ms of day           msec I8      -509528.82815     0.0744916 vz z       -54761.32205     0.0443422      -109552.43592    -3.9646453    -44721138.61439
  26 30-Jan-1995 14:10:00.000         1995   Year                        year I4       452797.10033     0.3842880 vx x      1173494.85008     0.1012335      1173494.85008     0.1012335     95297357.36856
  26 30-Jan-1995 14:10:00.000           30   Day of Year (Jan 1 = day 1) day  I3     -1037521.06774     0.0604531 vy y      -401202.18398     0.1073465      -389128.74391     1.2972177   -103138403.58335
  26 30-Jan-1995 14:10:00.000     51000000   elapsed ms of day           msec I8      -509484.11621     0.0745482 vz z       -54734.71612     0.0443489      -111972.77455    -4.1017981    -44716513.12474
  27 30-Jan-1995 14:20:00.000         1995   Year                        year I4       453027.66591     0.3842639 vx x      1173555.57333     0.1011774      1173555.57333     0.1011774     95311288.15952
  27 30-Jan-1995 14:20:00.000           30   Day of Year (Jan 1 = day 1) day  I3     -1037484.76175     0.0605668 vy y      -401137.76731     0.1073755      -388330.30753     1.3643165   -103127733.77354
  27 30-Jan-1995 14:20:00.000     51600000   elapsed ms of day           msec I8      -509439.37029     0.0746049 vz z       -54708.10615     0.0443557      -114472.95528    -4.2307509    -44711886.96444
  28 30-Jan-1995 14:30:00.000         1995   Year                        year I4       453258.21702     0.3842398 vx x      1173616.26294     0.1011213      1173616.26294     0.1011213     95325217.52017
  28 30-Jan-1995 14:30:00.000           30   Day of Year (Jan 1 = day 1) day  I3     -1037448.38755     0.0606805 vy y      -401073.33323     0.1074046      -387491.48459     1.4318095   -103117062.41443
  28 30-Jan-1995 14:30:00.000     52200000   elapsed ms of day           msec I8      -509394.59040     0.0746615 vz z       -54681.49213     0.0443624      -117047.99689    -4.3513017    -44707260.13365
  29 30-Jan-1995 14:40:00.000         1995   Year                        year I4       453488.75365     0.3842156 vx x      1173676.91891     0.1010652      1173676.91891     0.1010652     95339145.45043
  29 30-Jan-1995 14:40:00.000           30   Day of Year (Jan 1 = day 1) day  I3     -1037411.94514     0.0607942 vy y      -401008.88173     0.1074336      -386612.09490     1.4995056   -103106389.50611
  29 30-Jan-1995 14:40:00.000     52800000   elapsed ms of day           msec I8      -509349.77654     0.0747181 vz z       -54654.87406     0.0443691      -119692.80081    -4.4632618    -44702632.63241
  30 30-Jan-1995 14:50:00.000         1995   Year                        year I4       453719.27575     0.3841914 vx x      1173737.54124     0.1010092      1173737.54124     0.1010092     95353071.95005
  30 30-Jan-1995 14:50:00.000           30   Day of Year (Jan 1 = day 1) day  I3     -1037375.43455     0.0609078 vy y      -400944.41286     0.1074625      -385692.07853     1.5671952   -103095715.04876
  30 30-Jan-1995 14:50:00.000     53400000   elapsed ms of day           msec I8      -509304.92873     0.0747746 vz z       -54628.25196     0.0443758      -122402.15961    -4.5664571    -44698004.46080
  31 30-Jan-1995 15:00:00.000         1995   Year                        year I4       453949.78332     0.3841671 vx x      1173798.12996     0.1009531      1173798.12996     0.1009531     95366997.01884
  31 30-Jan-1995 15:00:00.000           30   Day of Year (Jan 1 = day 1) day  I3     -1037338.85581     0.0610214 vy y      -400879.92661     0.1074915      -384731.50689     1.6346504   -103085039.04256
  31 30-Jan-1995 15:00:00.000     54000000   elapsed ms of day           msec I8      -509260.04698     0.0748312 vz z       -54601.62581     0.0443825      -125170.76621    -4.6607296    -44693375.61889
  32 30-Jan-1995 15:10:00.000         1995   Year                        year I4       454180.27631     0.3841428 vx x      1173858.68506     0.1008972      1173858.68506     0.1008972     95380920.65655
  32 30-Jan-1995 15:10:00.000           30   Day of Year (Jan 1 = day 1) day  I3     -1037302.20893     0.0611349 vy y      -400815.42303     0.1075203      -383730.59316     1.7016268   -103074361.48768
  32 30-Jan-1995 15:10:00.000     54600000   elapsed ms of day           msec I8      -509215.13130     0.0748877 vz z       -54574.99563     0.0443892      -127993.22388    -4.7459388    -44688746.10676
  33 30-Jan-1995 15:20:00.000         1995   Year                        year I4       454410.75470     0.3841185 vx x      1173919.20658     0.1008412      1173919.20658     0.1008412     95394842.86298
  33 30-Jan-1995 15:20:00.000           30   Day of Year (Jan 1 = day 1) day  I3     -1037265.49394     0.0612484 vy y      -400750.90212     0.1075492      -382689.70179     1.7678648   -103063682.38431
  33 30-Jan-1995 15:20:00.000     55200000   elapsed ms of day           msec I8      -509170.18171     0.0749442 vz z       -54548.36142     0.0443959      -130864.05704    -4.8219625    -44684115.92449
  34 30-Jan-1995 15:30:00.000         1995   Year                        year I4       454641.21846     0.3840941 vx x      1173979.69449     0.1007852      1173979.69449     0.1007852     95408763.63790
  34 30-Jan-1995 15:30:00.000           30   Day of Year (Jan 1 = day 1) day  I3     -1037228.71085     0.0613619 vy y      -400686.36390     0.1075781      -381609.35709     1.8330914   -103053001.73261
  34 30-Jan-1995 15:30:00.000     55800000   elapsed ms of day           msec I8      -509125.19822     0.0750007 vz z       -54521.72318     0.0444026      -133777.72272    -4.8886985    -44679485.07215
  35 30-Jan-1995 15:40:00.000         1995   Year                        year I4       454871.66758     0.3840696 vx x      1174040.14885     0.1007293      1174040.14885     0.1007293     95422682.98108
  35 30-Jan-1995 15:40:00.000           30   Day of Year (Jan 1 = day 1) day  I3     -1037191.85970     0.0614753 vy y      -400621.80839     0.1076068      -380490.25077     1.8970218   -103042319.53276
  35 30-Jan-1995 15:40:00.000     56400000   elapsed ms of day           msec I8      -509080.18084     0.0750572 vz z       -54495.08091     0.0444093      -136728.62272    -4.9460651    -44674853.54981
  36 30-Jan-1995 15:50:00.000         1995   Year                        year I4       455102.10201     0.3840451 vx x      1174100.56964     0.1006733      1174100.56964     0.1006733     95436600.89244
  36 30-Jan-1995 15:50:00.000           30   Day of Year (Jan 1 = day 1) day  I3     -1037154.94050     0.0615887 vy y      -400557.23562     0.1076356      -379333.24837     1.9593618   -103031635.78486
  36 30-Jan-1995 15:50:00.000     57000000   elapsed ms of day           msec I8      -509035.12958     0.0751136 vz z       -54468.43461     0.0444160      -139711.11643    -4.9940028    -44670221.35753
  37 30-Jan-1995 16:00:00.000         1995   Year                        year I4       455332.52174     0.3840206 vx x      1174160.95688     0.1006174      1174160.95688     0.1006174     95450517.37151
  37 30-Jan-1995 16:00:00.000           30   Day of Year (Jan 1 = day 1) day  I3     -1037117.95327     0.0617021 vy y      -400492.64559     0.1076644      -378139.39446     2.0198094   -103020950.48925
  37 30-Jan-1995 16:00:00.000     57600000   elapsed ms of day           msec I8      -508990.04447     0.0751701 vz z       -54441.78431     0.0444227      -142719.53408    -5.0324740    -44665588.49545
  38 30-Jan-1995 16:10:00.000         1995   Year                        year I4       455562.92673     0.3839960 vx x      1174221.31058     0.1005615      1174221.31058     0.1005615     95464432.41818
  38 30-Jan-1995 16:10:00.000           30   Day of Year (Jan 1 = day 1) day  I3     -1037080.89804     0.0618154 vy y      -400428.03833     0.1076930      -376909.91659     2.0780567   -103010263.64603
  38 30-Jan-1995 16:10:00.000     58200000   elapsed ms of day           msec I8      -508944.92550     0.0752265 vz z       -54415.12998     0.0444294      -145748.19047    -5.0614648    -44660954.96360
  39 30-Jan-1995 16:20:00.000         1995   Year                        year I4       455793.31696     0.3839714 vx x      1174281.63075     0.1005057      1174281.63075     0.1005057     95478346.03225
  39 30-Jan-1995 16:20:00.000           30   Day of Year (Jan 1 = day 1) day  I3     -1037043.77482     0.0619287 vy y      -400363.41386     0.1077217      -375646.22795     2.1337933   -102999575.25537
  39 30-Jan-1995 16:20:00.000     58800000   elapsed ms of day           msec I8      -508899.77269     0.0752829 vz z       -54388.47163     0.0444360      -148791.39904    -5.0809848    -44656320.76207
  40 30-Jan-1995 16:30:00.000         1995   Year                        year I4       456023.69240     0.3839467 vx x      1174341.91740     0.1004498      1174341.91740     0.1004498     95492258.21348
  40 30-Jan-1995 16:30:00.000           30   Day of Year (Jan 1 = day 1) day  I3     -1037006.58364     0.0620419 vy y      -400298.77219     0.1077503      -374349.92863     2.1867071   -102988885.31745
  40 30-Jan-1995 16:30:00.000     59400000   elapsed ms of day           msec I8      -508854.58606     0.0753392 vz z       -54361.80928     0.0444427      -151843.48608    -5.0910674    -44651685.89094
  41 30-Jan-1995 16:40:00.000         1995   Year                        year I4       456254.05303     0.3839220 vx x      1174402.17056     0.1003940      1174402.17056     0.1003940     95506168.96166
  41 30-Jan-1995 16:40:00.000           30   Day of Year (Jan 1 = day 1) day  I3     -1036969.32453     0.0621551 vy y      -400234.11336     0.1077789      -373022.80552     2.2364877   -102978193.83245
  41 30-Jan-1995 16:40:00.000     60000000   elapsed ms of day           msec I8      -508809.36562     0.0753956 vz z       -54335.14292     0.0444494      -154898.80508    -5.0917695    -44647050.35027
  42 30-Jan-1995 16:50:00.000         1995   Year                        year I4       456484.39882     0.3838973 vx x      1174462.39022     0.1003382      1174462.39022     0.1003382     95520078.27657
  42 30-Jan-1995 16:50:00.000           30   Day of Year (Jan 1 = day 1) day  I3     -1036931.99750     0.0622683 vy y      -400169.43736     0.1078076      -371666.83086     2.2828282   -102967500.80054
  42 30-Jan-1995 16:50:00.000     60600000   elapsed ms of day           msec I8      -508764.11138     0.0754519 vz z       -54308.47255     0.0444560      -157951.75095    -5.0831723    -44642414.14016
  43 30-Jan-1995 17:00:00.000         1995   Year                        year I4       456714.72974     0.3838725 vx x      1174522.57639     0.1002825      1174522.57639     0.1002825     95533986.15798
  43 30-Jan-1995 17:00:00.000           30   Day of Year (Jan 1 = day 1) day  I3     -1036894.60257     0.0623814 vy y      -400104.74423     0.1078361      -370284.15938     2.3254275   -102956806.22191
  43 30-Jan-1995 17:00:00.000     61200000   elapsed ms of day           msec I8      -508718.82335     0.0755082 vz z       -54281.79818     0.0444627      -160996.77414    -5.0653798    -44637777.26066
  44 30-Jan-1995 17:10:00.000         1995   Year                        year I4       456945.04577     0.3838476 vx x      1174582.72911     0.1002266      1174582.72911     0.1002266     95547892.60568
  44 30-Jan-1995 17:10:00.000           30   Day of Year (Jan 1 = day 1) day  I3     -1036857.13977     0.0624945 vy y      -400040.03398     0.1078646      -368877.12406     2.3639928   -102946110.09672
  44 30-Jan-1995 17:10:00.000     61800000   elapsed ms of day           msec I8      -508673.50155     0.0755645 vz z       -54255.11981     0.0444693      -164028.39435    -5.0385187    -44633139.71187
  45 30-Jan-1995 17:20:00.000         1995   Year                        year I4       457175.34687     0.3838227 vx x      1174642.84835     0.1001709      1174642.84835     0.1001709     95561797.61956
  45 30-Jan-1995 17:20:00.000           30   Day of Year (Jan 1 = day 1) day  I3     -1036819.60912     0.0626076 vy y      -399975.30664     0.1078931      -367448.23068     2.3982416   -102935412.42507
  45 30-Jan-1995 17:20:00.000     62400000   elapsed ms of day           msec I8      -508628.14599     0.0756207 vz z       -54228.43745     0.0444759      -167041.21382    -5.0027372    -44628501.49381
  46 30-Jan-1995 17:30:00.000         1995   Year                        year I4       457405.63303     0.3837978 vx x      1174702.93416     0.1001152      1174702.93416     0.1001152     95575701.19917
  46 30-Jan-1995 17:30:00.000           30   Day of Year (Jan 1 = day 1) day  I3     -1036782.01064     0.0627206 vy y      -399910.56221     0.1079215      -366000.15094     2.4279034   -102924713.20732
  46 30-Jan-1995 17:30:00.000     63000000   elapsed ms of day           msec I8      -508582.75668     0.0756770 vz z       -54201.75109     0.0444826      -170029.92999    -4.9582042    -44623862.60665
  47 30-Jan-1995 17:40:00.000         1995   Year                        year I4       457635.90421     0.3837728 vx x      1174762.98653     0.1000594      1174762.98653     0.1000594     95589603.34440
  47 30-Jan-1995 17:40:00.000           30   Day of Year (Jan 1 = day 1) day  I3     -1036744.34436     0.0628336 vy y      -399845.80072     0.1079499      -364535.71457     2.4527223   -102914012.44354
  47 30-Jan-1995 17:40:00.000     63600000   elapsed ms of day           msec I8      -508537.33363     0.0757332 vz z       -54175.06073     0.0444892      -172989.34753    -4.9051080    -44619223.05042
  48 30-Jan-1995 17:50:00.000         1995   Year                        year I4       457866.16039     0.3837478 vx x      1174823.00548     0.1000037      1174823.00548     0.1000037     95603504.05505
  48 30-Jan-1995 17:50:00.000           30   Day of Year (Jan 1 = day 1) day  I3     -1036706.61029     0.0629466 vy y      -399781.02219     0.1079784      -363057.90018     2.4724583   -102903310.13393
  48 30-Jan-1995 17:50:00.000     64200000   elapsed ms of day           msec I8      -508491.87686     0.0757894 vz z       -54148.36639     0.0444958      -175914.38942    -4.8436544    -44614582.82520
  49 30-Jan-1995 18:00:00.000         1995   Year                        year I4       458096.40154     0.3837227 vx x      1174882.99101     0.0999481      1174882.99101     0.0999481     95617403.33087
  49 30-Jan-1995 18:00:00.000           30   Day of Year (Jan 1 = day 1) day  I3     -1036668.80846     0.0630595 vy y      -399716.22664     0.1080067      -361569.82516     2.4868889   -102892606.27865
  49 30-Jan-1995 18:00:00.000     64800000   elapsed ms of day           msec I8      -508446.38638     0.0758455 vz z       -54121.66807     0.0445024      -178800.10719    -4.7740659    -44609941.93107
  50 30-Jan-1995 18:10:00.000         1995   Year                        year I4       458326.62764     0.3836976 vx x      1174942.94314     0.0998924      1174942.94314     0.0998924     95631301.17166
  50 30-Jan-1995 18:10:00.000           30   Day of Year (Jan 1 = day 1) day  I3     -1036630.93888     0.0631724 vy y      -399651.41408     0.1080350      -360074.73464     2.4958110   -102881900.87789
  50 30-Jan-1995 18:10:00.000     65400000   elapsed ms of day           msec I8      -508400.86221     0.0759017 vz z       -54094.96577     0.0445091      -181641.69007    -4.6965787    -44605300.36809
  51 30-Jan-1995 18:20:00.000         1995   Year                        year I4       458556.83866     0.3836724 vx x      1175002.86190     0.0998368      1175002.86190     0.0998368     95645197.57720
  51 30-Jan-1995 18:20:00.000           30   Day of Year (Jan 1 = day 1) day  I3     -1036593.00160     0.0632852 vy y      -399586.58454     0.1080633      -358575.98966     2.4990417   -102871193.93183
  51 30-Jan-1995 18:20:00.000     66000000   elapsed ms of day           msec I8      -508355.30435     0.0759578 vz z       -54068.25948     0.0445157      -184434.47310    -4.6114422    -44600658.13636
  52 30-Jan-1995 18:30:00.000         1995   Year                        year I4       458787.03457     0.3836472 vx x      1175062.74727     0.0997812      1175062.74727     0.0997812     95659092.54727
  52 30-Jan-1995 18:30:00.000           30   Day of Year (Jan 1 = day 1) day  I3     -1036554.99661     0.0633980 vy y      -399521.73803     0.1080915      -357077.05454     2.4964197   -102860485.44063
  52 30-Jan-1995 18:30:00.000     66600000   elapsed ms of day           msec I8      -508309.71281     0.0760139 vz z       -54041.54922     0.0445223      -187173.94403    -4.5189158    -44596015.23594
  53 30-Jan-1995 18:40:00.000         1995   Year                        year I4       459017.21535     0.3836220 vx x      1175122.59928     0.0997256      1175122.59928     0.0997256     95672986.08164
  53 30-Jan-1995 18:40:00.000           30   Day of Year (Jan 1 = day 1) day  I3     -1036516.92395     0.0635108 vy y      -399456.87457     0.1081198      -355581.48374     2.4878060   -102849775.40448
  53 30-Jan-1995 18:40:00.000     67200000   elapsed ms of day           msec I8      -508264.08762     0.0760700 vz z       -54014.83498     0.0445289      -189855.74910    -4.4192679    -44591371.66692
  54 30-Jan-1995 18:50:00.000         1995   Year                        year I4       459247.38097     0.3835967 vx x      1175182.41795     0.0996700      1175182.41795     0.0996700     95686878.18021
  54 30-Jan-1995 18:50:00.000           30   Day of Year (Jan 1 = day 1) day  I3     -1036478.78364     0.0636235 vy y      -399391.99419     0.1081480      -354092.90825     2.4730846   -102839063.82347
  54 30-Jan-1995 18:50:00.000     67800000   elapsed ms of day           msec I8      -508218.42879     0.0761261 vz z       -53988.11678     0.0445355      -192475.69743    -4.3127728    -44586727.42932
  55 30-Jan-1995 19:00:00.000         1995   Year                        year I4       459477.53140     0.3835714 vx x      1175242.20327     0.0996145      1175242.20327     0.0996145     95700768.84253
  55 30-Jan-1995 19:00:00.000           30   Day of Year (Jan 1 = day 1) day  I3     -1036440.57571     0.0637362 vy y      -399327.09690     0.1081762      -352615.02159     2.4521632   -102828350.69795
  55 30-Jan-1995 19:00:00.000     68400000   elapsed ms of day           msec I8      -508172.73632     0.0761821 vz z       -53961.39461     0.0445421      -195029.76433    -4.1997099    -44582082.52332
  56 30-Jan-1995 19:10:00.000         1995   Year                        year I4       459707.66662     0.3835460 vx x      1175301.95526     0.0995589      1175301.95526     0.0995589     95714658.06850
  56 30-Jan-1995 19:10:00.000           30   Day of Year (Jan 1 = day 1) day  I3     -1036402.30016     0.0638489 vy y      -399262.18271     0.1082043      -351151.56547     2.4249733   -102817636.02802
  56 30-Jan-1995 19:10:00.000     69000000   elapsed ms of day           msec I8      -508127.01023     0.0762382 vz z       -53934.66847     0.0445487      -197514.09336    -4.0803602    -44577436.94894
  57 30-Jan-1995 19:20:00.000         1995   Year                        year I4       459937.78660     0.3835206 vx x      1175361.67394     0.0995034      1175361.67394     0.0995034     95728545.85790
  57 30-Jan-1995 19:20:00.000           30   Day of Year (Jan 1 = day 1) day  I3     -1036363.95703     0.0639615 vy y      -399197.25165     0.1082324      -349706.31549     2.3914707   -102806919.81385
  57 30-Jan-1995 19:20:00.000     69600000   elapsed ms of day           msec I8      -508081.25053     0.0762942 vz z       -53907.93837     0.0445553      -199924.99708    -3.9550057    -44572790.70626
  58 30-Jan-1995 19:30:00.000         1995   Year                        year I4       460167.89131     0.3834951 vx x      1175421.35931     0.0994479      1175421.35931     0.0994479     95742432.21051
  58 30-Jan-1995 19:30:00.000           30   Day of Year (Jan 1 = day 1) day  I3     -1036325.54634     0.0640741 vy y      -399132.30375     0.1082605      -348283.06662     2.3516349   -102796202.05561
  58 30-Jan-1995 19:30:00.000     70200000   elapsed ms of day           msec I8      -508035.45724     0.0763501 vz z       -53881.20431     0.0445618      -202258.95674    -3.8239266    -44568143.79536
  59 30-Jan-1995 19:40:00.000         1995   Year                        year I4       460397.98073     0.3834696 vx x      1175481.01140     0.0993924      1175481.01140     0.0993924     95756317.12610
  59 30-Jan-1995 19:40:00.000           30   Day of Year (Jan 1 = day 1) day  I3     -1036287.06812     0.0641867 vy y      -399067.33901     0.1082886      -346885.61880     2.3054698   -102785482.75349
  59 30-Jan-1995 19:40:00.000     70800000   elapsed ms of day           msec I8      -507989.63036     0.0764061 vz z       -53854.46629     0.0445684      -204512.62083    -3.6873996    -44563496.21632
  60 30-Jan-1995 19:50:00.000         1995   Year                        year I4       460628.05484     0.3834441 vx x      1175540.63021     0.0993370      1175540.63021     0.0993370     95770200.60447
  60 30-Jan-1995 19:50:00.000           30   Day of Year (Jan 1 = day 1) day  I3     -1036248.52237     0.0642992 vy y      -399002.35745     0.1083166      -345517.76259     2.2530027   -102774761.90767
  60 30-Jan-1995 19:50:00.000     71400000   elapsed ms of day           msec I8      -507943.76992     0.0764620 vz z       -53827.72433     0.0445749      -206682.80261    -3.5456970    -44558847.96921
  61 30-Jan-1995 20:00:00.000         1995   Year                        year I4       460858.11360     0.3834185 vx x      1175600.21574     0.0992815      1175600.21574     0.0992815     95784082.64538
  61 30-Jan-1995 20:00:00.000           30   Day of Year (Jan 1 = day 1) day  I3     -1036209.90913     0.0644116 vy y      -398937.35910     0.1083445      -344183.26512     2.1942843   -102764039.51832
  61 30-Jan-1995 20:00:00.000     72000000   elapsed ms of day           msec I8      -507897.87592     0.0765180 vz z       -53800.97841     0.0445816      -208766.47664    -3.3990840    -44554199.05411
  62 30-Jan-1995 20:10:00.000         1995   Year                        year I4       461088.15699     0.3833928 vx x      1175659.76803     0.0992261      1175659.76803     0.0992261     95797963.24863
  62 30-Jan-1995 20:10:00.000           30   Day of Year (Jan 1 = day 1) day  I3     -1036171.22842     0.0645241 vy y      -398872.34397     0.1083725      -342885.85618     2.1293884   -102753315.58563
  62 30-Jan-1995 20:10:00.000     72600000   elapsed ms of day           msec I8      -507851.94838     0.0765738 vz z       -53774.22854     0.0445880      -210760.77451    -3.2478187    -44549549.47110
  63 30-Jan-1995 20:20:00.000         1995   Year                        year I4       461318.18498     0.3833671 vx x      1175719.28706     0.0991707      1175719.28706     0.0991707     95811842.41410
  63 30-Jan-1995 20:20:00.000           30   Day of Year (Jan 1 = day 1) day  I3     -1036132.48026     0.0646365 vy y      -398807.31209     0.1084004      -341629.21457     2.0584110   -102742590.10967
  63 30-Jan-1995 20:20:00.000     73200000   elapsed ms of day           msec I8      -507805.98731     0.0766297 vz z       -53747.47473     0.0445946      -212662.97977    -3.0921493    -44544899.22021
  64 30-Jan-1995 20:30:00.000         1995   Year                        year I4       461548.19755     0.3833414 vx x      1175778.77288     0.0991153      1175778.77288     0.0991153     95825720.14135
  64 30-Jan-1995 20:30:00.000           30   Day of Year (Jan 1 = day 1) day  I3     -1036093.66468     0.0647488 vy y      -398742.26347     0.1084282      -340416.95493     1.9814699   -102731863.09081
  64 30-Jan-1995 20:30:00.000     73800000   elapsed ms of day           msec I8      -507759.99272     0.0766856 vz z       -53720.71698     0.0446012      -214470.52222    -2.9323148    -44540248.30161
  65 30-Jan-1995 20:40:00.000         1995   Year                        year I4       461778.19467     0.3833156 vx x      1175838.22547     0.0990600      1175838.22547     0.0990600     95839596.43027
  65 30-Jan-1995 20:40:00.000           30   Day of Year (Jan 1 = day 1) day  I3     -1036054.78169     0.0648611 vy y      -398677.19812     0.1084561      -339252.61473     1.8987043   -102721134.52914
  65 30-Jan-1995 20:40:00.000     74400000   elapsed ms of day           msec I8      -507713.96462     0.0767414 vz z       -53693.95528     0.0446077      -216180.97171    -2.7685432    -44535596.71532
  66 30-Jan-1995 20:50:00.000         1995   Year                        year I4       462008.17632     0.3832898 vx x      1175897.64486     0.0990046      1175897.64486     0.0990046     95853471.28064
  66 30-Jan-1995 20:50:00.000           30   Day of Year (Jan 1 = day 1) day  I3     -1036015.83132     0.0649734 vy y      -398612.11607     0.1084839      -338139.64175     1.8102741   -102710404.42484
  66 30-Jan-1995 20:50:00.000     75000000   elapsed ms of day           msec I8      -507667.90304     0.0767972 vz z       -53667.18966     0.0446143      -217792.03154    -2.6010511    -44530944.46143
  67 30-Jan-1995 21:00:00.000         1995   Year                        year I4       462238.14247     0.3832640 vx x      1175957.03105     0.0989493      1175957.03105     0.0989493     95867344.69225
  67 30-Jan-1995 21:00:00.000           30   Day of Year (Jan 1 = day 1) day  I3     -1035976.81359     0.0650857 vy y      -398547.01734     0.1085118      -337081.38184     1.7163591   -102699672.77808
  67 30-Jan-1995 21:00:00.000     75600000   elapsed ms of day           msec I8      -507621.80798     0.0768530 vz z       -53640.42010     0.0446208      -219301.53151    -2.4300435    -44526291.54002
  68 30-Jan-1995 21:10:00.000         1995   Year                        year I4       462468.09309     0.3832381 vx x      1176016.38406     0.0988940      1176016.38406     0.0988940     95881216.66488
  68 30-Jan-1995 21:10:00.000           30   Day of Year (Jan 1 = day 1) day  I3     -1035937.72852     0.0651979 vy y      -398481.90195     0.1085395      -336081.06708     1.6171585   -102688939.58904
  68 30-Jan-1995 21:10:00.000     76200000   elapsed ms of day           msec I8      -507575.67945     0.0769088 vz z       -53613.64661     0.0446274      -220707.42089    -2.2557136    -44521637.95116
  69 30-Jan-1995 21:20:00.000         1995   Year                        year I4       462698.02816     0.3832121 vx x      1176075.70391     0.0988388      1176075.70391     0.0988388     95895087.19830
  69 30-Jan-1995 21:20:00.000           30   Day of Year (Jan 1 = day 1) day  I3     -1035898.57614     0.0653100 vy y      -398416.76991     0.1085671      -335141.80426     1.5128905   -102678204.85791
  69 30-Jan-1995 21:20:00.000     76800000   elapsed ms of day           msec I8      -507529.51747     0.0769645 vz z       -53586.86919     0.0446339      -222007.76143    -2.0782433    -44516983.69492
  70 30-Jan-1995 21:30:00.000         1995   Year                        year I4       462927.94765     0.3831862 vx x      1176134.99060     0.0987835      1176134.99060     0.0987835     95908956.29231
  70 30-Jan-1995 21:30:00.000           30   Day of Year (Jan 1 = day 1) day  I3     -1035859.35648     0.0654222 vy y      -398351.62125     0.1085949      -334266.56366     1.4037920   -102667468.58485
  70 30-Jan-1995 21:30:00.000     77400000   elapsed ms of day           msec I8      -507483.32204     0.0770202 vz z       -53560.08784     0.0446403      -223200.72039    -1.8978025    -44512328.77140
  71 30-Jan-1995 21:40:00.000         1995   Year                        year I4       463157.85154     0.3831601 vx x      1176194.24414     0.0987283      1176194.24414     0.0987283     95922823.94667
  71 30-Jan-1995 21:40:00.000           30   Day of Year (Jan 1 = day 1) day  I3     -1035820.06954     0.0655343 vy y      -398286.45598     0.1086226      -333458.16811     1.2901175   -102656730.77006
  71 30-Jan-1995 21:40:00.000     78000000   elapsed ms of day           msec I8      -507437.09320     0.0770759 vz z       -53533.30258     0.0446468      -224284.56394    -1.7145509    -44507673.18065
  72 30-Jan-1995 21:50:00.000         1995   Year                        year I4       463387.73979     0.3831341 vx x      1176253.46455     0.0986731      1176253.46455     0.0986731     95936690.16129
  72 30-Jan-1995 21:50:00.000           30   Day of Year (Jan 1 = day 1) day  I3     -1035780.71536     0.0656463 vy y      -398221.27413     0.1086502      -332719.28241     1.1721393   -102645991.41361
  72 30-Jan-1995 21:50:00.000     78600000   elapsed ms of day           msec I8      -507390.83094     0.0771316 vz z       -53506.51340     0.0446534      -225257.65083    -1.5286377    -44503016.92273
  73 30-Jan-1995 22:00:00.000         1995   Year                        year I4       463617.61239     0.3831079 vx x      1176312.65185     0.0986179      1176312.65185     0.0986179     95950554.93571
  73 30-Jan-1995 22:00:00.000           30   Day of Year (Jan 1 = day 1) day  I3     -1035741.29396     0.0657583 vy y      -398156.07570     0.1086777      -332052.35262     1.0501480   -102635250.51587
  73 30-Jan-1995 22:00:00.000     79200000   elapsed ms of day           msec I8      -507344.53527     0.0771873 vz z       -53479.72029     0.0446600      -226118.50039    -1.3402046    -44498359.99779
  74 30-Jan-1995 22:10:00.000         1995   Year                        year I4       463847.46931     0.3830818 vx x      1176371.80603     0.0985628      1176371.80609     0.0985628     95964418.26984
  74 30-Jan-1995 22:10:00.000           30   Day of Year (Jan 1 = day 1) day  I3     -1035701.80535     0.0658703 vy y      -398090.86072     0.1087054      -331459.79419     0.9244475   -102624508.07692
  74 30-Jan-1995 22:10:00.000     79800000   elapsed ms of day           msec I8      -507298.20622     0.0772429 vz z       -53452.92328     0.0446664      -226865.49560    -1.1493818    -44493702.40586
  75 30-Jan-1995 22:20:00.000         1995   Year                        year I4       464077.31052     0.3830556 vx x      1176430.92713     0.0985076      1176430.92719     0.0985076     95978280.16345
  75 30-Jan-1995 22:20:00.000           30   Day of Year (Jan 1 = day 1) day  I3     -1035662.24958     0.0659823 vy y      -398025.62922     0.1087329      -330943.68923     0.7953619   -102613764.09695
  75 30-Jan-1995 22:20:00.000     80400000   elapsed ms of day           msec I8      -507251.84380     0.0772985 vz z       -53426.12235     0.0446729      -227497.31097    -0.9562965    -44489044.14702
  76 30-Jan-1995 22:30:00.000         1995   Year                        year I4       464307.13600     0.3830293 vx x      1176490.01514     0.0984524      1176490.01519     0.0984524     95992140.61633
  76 30-Jan-1995 22:30:00.000           30   Day of Year (Jan 1 = day 1) day  I3     -1035622.62664     0.0660942 vy y      -397960.38120     0.1087604      -330505.96671     0.6632305   -102603018.57614
  76 30-Jan-1995 22:30:00.000     81000000   elapsed ms of day           msec I8      -507205.44801     0.0773541 vz z       -53399.31752     0.0446794      -228012.62678    -0.7610698    -44484385.22136
  77 30-Jan-1995 22:40:00.000         1995   Year                        year I4       464536.94572     0.3830031 vx x      1176549.07009     0.0983974      1176549.07013     0.0983974     96005999.62826
  77 30-Jan-1995 22:40:00.000           30   Day of Year (Jan 1 = day 1) day  I3     -1035582.93658     0.0662060 vy y      -397895.11669     0.1087879      -330148.34823     0.5284089   -102592271.51465
  77 30-Jan-1995 22:40:00.000     81600000   elapsed ms of day           msec I8      -507159.01888     0.0774097 vz z       -53372.50879     0.0446859      -228410.19381    -0.5638200    -44479725.62894
  78 30-Jan-1995 22:50:00.000         1995   Year                        year I4       464766.73965     0.3829767 vx x      1176608.09197     0.0983422      1176608.09201     0.0983422     96019857.19902
  78 30-Jan-1995 22:50:00.000           30   Day of Year (Jan 1 = day 1) day  I3     -1035543.17941     0.0663179 vy y      -397829.83571     0.1088153      -329872.33730     0.3912686   -102581522.91268
  78 30-Jan-1995 22:50:00.000     82200000   elapsed ms of day           msec I8      -507112.55641     0.0774652 vz z       -53345.69615     0.0446923      -228688.83329    -0.3646642    -44475065.36985
  79 30-Jan-1995 23:00:00.000         1995   Year                        year I4       464996.51778     0.3829504 vx x      1176667.08083     0.0982873      1176667.08086     0.0982873     96033713.32839
  79 30-Jan-1995 23:00:00.000           30   Day of Year (Jan 1 = day 1) day  I3     -1035503.35516     0.0664296 vy y      -397764.53827     0.1088427      -329679.20974     0.2521968   -102570772.77040
  79 30-Jan-1995 23:00:00.000     82800000   elapsed ms of day           msec I8      -507066.06062     0.0775207 vz z       -53318.87961     0.0446988      -228847.43697    -0.1637205    -44470404.44416
  80 30-Jan-1995 23:10:00.000         1995   Year                        year I4       465226.28007     0.3829239 vx x      1176726.03664     0.0982321      1176726.03667     0.0982321     96047568.01615
  80 30-Jan-1995 23:10:00.000           30   Day of Year (Jan 1 = day 1) day  I3     -1035463.46384     0.0665414 vy y      -397699.22438     0.1088701      -329570.00445     0.1115961   -102560021.08799
  80 30-Jan-1995 23:10:00.000     83400000   elapsed ms of day           msec I8      -507019.53151     0.0775763 vz z       -53292.05917     0.0447053      -228884.96838     0.0388895    -44465742.85196
  81 30-Jan-1995 23:20:00.000         1995   Year                        year I4       465456.02650     0.3828975 vx x      1176784.95944     0.0981772      1176784.95946     0.0981772     96061421.26221
  81 30-Jan-1995 23:20:00.000           30   Day of Year (Jan 1 = day 1) day  I3     -1035423.50549     0.0666531 vy y      -397633.89409     0.1088975      -329545.51407    -0.0301154   -102549267.86554
  81 30-Jan-1995 23:20:00.000     84000000   elapsed ms of day           msec I8      -506972.96911     0.0776317 vz z       -53265.23484     0.0447117      -228800.46564     0.2430382    -44461080.59327
  82 30-Jan-1995 23:30:00.000         1995   Year                        year I4       465685.75704     0.3828710 vx x      1176843.84923     0.0981222      1176843.84925     0.0981222     96075273.06610
  82 30-Jan-1995 23:30:00.000           30   Day of Year (Jan 1 = day 1) day  I3     -1035383.48012     0.0667648 vy y      -397568.54740     0.1089248      -329606.27609    -0.1725053   -102538513.10341
  82 30-Jan-1995 23:30:00.000     84600000   elapsed ms of day           msec I8      -506926.37343     0.0776872 vz z       -53238.40663     0.0447182      -228593.04569     0.4485900    -44456417.66825
  83 30-Jan-1995 23:40:00.000         1995   Year                        year I4       465915.47167     0.3828444 vx x      1176902.70603     0.0980672      1176902.70605     0.0980672     96089123.42773
  83 30-Jan-1995 23:40:00.000           30   Day of Year (Jan 1 = day 1) day  I3     -1035343.38776     0.0668764 vy y      -397503.18433     0.1089520      -329752.56412    -0.3151266   -102527756.80169
  83 30-Jan-1995 23:40:00.000     85200000   elapsed ms of day           msec I8      -506879.74448     0.0777426 vz z       -53211.57452     0.0447247      -228261.91018     0.6553979    -44451754.07695
  84 30-Jan-1995 23:50:00.000         1995   Year                        year I4       466145.17036     0.3828179 vx x      1176961.52986     0.0980123      1176961.52986     0.0980123     96102972.34689
  84 30-Jan-1995 23:50:00.000           30   Day of Year (Jan 1 = day 1) day  I3     -1035303.22843     0.0669880 vy y      -397437.80490     0.1089793      -329984.37956    -0.4575188   -102516998.96055
  84 30-Jan-1995 23:50:00.000     85800000   elapsed ms of day           msec I8      -506833.08227     0.0777981 vz z       -53184.73853     0.0447312      -227806.35285     0.8633014    -44447089.81944
