WIND_L1_GET_HK                                                  21-APR-1995 16:15:16    DEC Fortran V6.2-508                Page   1
                                                                26-JAN-1995 17:57:17    SMS1:[WIND.SOFTWARE.L1]WIND_L1_GET_HK.FOR;16

	      1 	SUBROUTINE wind_l1_get_hk( L1_unit, hk_structure, hk_count, status ) 
	      2 C
	      3 C This routine copies the Housekeeping (HK) data structure from the Science
	      4 C Record associated with unit L1_unit to the caller's argument hk_structure,
	      5 C which is a record of type Hkeep.  All HK entries are copied.  The number of
	      6 C valid HKs in the structure is returned in the argument hk_count. 
	      7 C
	      8 C     This version:	13-SEP-1994
	      9 C
	     10 C     Creation:
	     11 C	L. BLeau	12-SEP-1994
	     12 C
	     13 C     Revisions:
	     14 C 1.1	13-SEP-1994	L.Bleau		HK component of L1 record structure was
	     15 C					changed to include count of valid HKs;
	     16 C					return that count to the caller
	     17 C
	     18 CDEC$	IDENT   '1.1'
	     19 
	     20 	IMPLICIT NONE
	     21 
	     22 	INCLUDE 'INC_DIR:EDBDEF.INC/NOLIST'

WIND_L1_GET_HK                                                  21-APR-1995 16:15:16    DEC Fortran V6.2-508                Page   2
1.1                                                             26-JAN-1995 17:57:17    SMS1:[WIND.SOFTWARE.L1]WIND_L1_GET_HK.FOR;16

	    560 	INCLUDE 'INC_DIR:L1FMT.INC/NOLIST'
	    692 	INCLUDE 'INC_DIR:L1READ.INC/NOLIST'
	    744 
	    745 	INTEGER*4 L1_unit, hk_count, status
	    746 	RECORD /HKeep/ hk_structure
	    747 
 C	    748 D	type *,'WIND_L1_GET_HK: L1_unit=',L1_unit
	    749 	hk_count = L1_HKeep(L1_unit).HKcount
	    750 	hk_structure.CHK = L1_HKeep(L1_unit).CHK
	    751 	status = 1
	    752 
	    753 	RETURN
	    754 	END


PROGRAM SECTIONS

    Name				 Bytes   Attributes

  1 $CODE$                                 168   PIC CON REL LCL   SHR   EXE NORD NOWRT OCTA
  2 $LINK$                                  48 NOPIC CON REL LCL NOSHR NOEXE   RD NOWRT OCTA
  3 L1_HEADERS                             644 NOPIC OVR REL GBL NOSHR NOEXE   RD   WRT OCTA
  4 L1INFO                             3044160 NOPIC OVR REL GBL NOSHR NOEXE   RD   WRT OCTA
  5 L1INFO2                              13042 NOPIC OVR REL GBL NOSHR NOEXE   RD   WRT OCTA
  6 L1BUF                                65534 NOPIC OVR REL GBL NOSHR NOEXE   RD   WRT OCTA
  7 NULLBUF                              65536 NOPIC OVR REL GBL NOSHR NOEXE   RD   WRT OCTA

    Total Space Allocated              3189132


ENTRY POINTS

    Address   Type  Name          
                                  
  1-00000000        WIND_L1_GET_HK


VARIABLES

    Address   Type  Name            Address   Type  Name            Address   Type  Name       
                                                                                               
  6-00000000  CHAR  BUFFER            **      I*4   L1_UNIT       7-00000000  CHAR  NULL_BUFFER
      **      I*4   HK_COUNT      5-000000A0  CHAR  MAX_VERSION       **      I*4   STATUS     


RECORDS

    Address   Name            Structure                Bytes     Address   Name            Structure                Bytes
                                                                                                                         
      **      HK_STRUCTURE    HKEEP                     1100   3-00000190  L1_SR_HEADER    ST_L1_SR_HEADER            244
  3-00000000  L1_FILE_HEADER  ST_L1_FILE_HEADER          400                                                             



WIND_L1_GET_HK                                                  21-APR-1995 16:15:16    DEC Fortran V6.2-508                Page   3
1.1                             Symbol Table                    26-JAN-1995 17:57:17    SMS1:[WIND.SOFTWARE.L1]WIND_L1_GET_HK.FOR;16

ARRAYS

     Address  Type  Name                   Bytes  Dimensions

  5-00000000  I*4   L1_UNITS                  80  (20)
  7-00000000  I*1   NULL_BYTE_ARRAY        65534  (65534)
  7-00000000  I*4   NULL_I4_ARRAY          65536  (16384)
  5-00000050  I*4   SCIRECNUM                 80  (20)



RECORD ARRAYS

    Address   Name               Structure                 Bytes  Dimensions

  4-002E0400  L1_HDB             HDBSTR                    6480  (20)
  5-000000A2  L1_HEADER          ST_L1_FILE_HEADER         8000  (20)
  4-002E1D50  L1_HKEEP           HKEEP                    22000  (20)
  4-001FFD60  L1_MASS_PHA        MA_PHA                  919200  (20)
  4-001F6760  L1_MASS_RATE       MA_RATE                  38400  (20)
  4-00000000  L1_SCI             CORE                    147680  (20)
  5-00001FE2  L1_SCI_REC_HEADER  ST_L1_SR_HEADER           4880  (20)
  4-001432A0  L1_STICS_PHA       ST_PHA                  734400  (20)
  4-0010D420  L1_STICS_RATE      ST_RATE                 220800  (20)
  4-00047360  L1_SWICS_PHA       SW_PHA                  811200  (20)
  4-000240E0  L1_SWICS_RATE      SW_RATE                 144000  (20)


WIND_L1_GET_HK                                                  21-APR-1995 16:15:16    DEC Fortran V6.2-508                Page   4
1.1                             Symbol Table                    26-JAN-1995 17:57:17    SMS1:[WIND.SOFTWARE.L1]WIND_L1_GET_HK.FOR;16



  +---------------------------------------------------+
  |               KEY TO ADDRESS CODE FORMATS         |
  |   ppp-oooooooo  - In Psect ppp, Offset oooooooo   |
  |   ***-********  - External                        |
  |               # - Suffix: Also In Registers       |
  |   REG-rrrrrrrr  - In Register rrrrrrrr            |
  |   REG-########  - In Various Registers            |
  |        **       - Not Used; Not Allocated         |
  +---------------------------------------------------+


COMMAND QUALIFIERS

  /ALIGNMENT=(COMMONS=(PACKED,NOMULTILANGUAGE),RECORDS=PACKED)
  /ASSUME=(ACCURACY_SENSITIVE,BACKSLASH,NODUMMY_ALIASES,NOUNDERSCORE)
  /CHECK=(ASSERTIONS,BOUNDS,FORMAT,FP_EXCEPTIONS,OVERFLOW,ÿÿÿ°&¶
  /DEBUG=(NOSYMBOLS,TRACEBACK)
  /DESIGN=(NOCOMMENTS)
  /SHOW=(DICTIONARY,INCLUDE,MAP,PREPROCESSOR)
  /STANDARD=(NOSEMANTIC,NOSOURCE_FORM,NOSYNTAX)
  /WARNINGS=(NOALIGNMENT,NOARGUMENT_CHECKING,DECLARATIONS,GENERAL,NOTRUNCATED_SOURCE,UNCALLED,
             UNINITIALIZED,UNREACHABLE,UNUSED)
  /NOAUTOMATIC  /BLAS=NOMAPPED  /CONVERT=NATIVE  /NOCROSS_REFERENCE  /NOD_LINES  /ERROR_LIMIT=30  /EXTEND_SOURCE
  /NOPAD_SOURCE  /NOF77  /FLOAT=G_FLOAT  /IEEE_MODE=FAST  /ROUNDING_MODE=NEAREST
  /GRANULARITY=QUADWORD  /INSTRUCTION_SET=FLOATING  /INTEGER_SIZE=32  /NOMACHINE_CODE
  /MATH_LIBRARY=ACCURATE  /NAMES=UPPERCASE  /OPTIMIZE=(LEVEL=4,UNROLL=0)  /REAL_SIZE=32  /NORECURSIVE
  /NOSEPARATE_COMPILATION  /NOSYNCHRONOUS_EXCEPTIONS  /NOSYNTAX_ONLY  /TERMINAL=NOSTATISTICS  /NOTIE  /VMS
  /NOANALYSIS_DATA
  /NODIAGNOSTICS
  /INCLUDE=(.FOR,.f,FORT$INCLUDE:.FOR,FORT$INCLUDE:.f)
  /LIST=SMS1:[WIND.SOFTWARE.L1]WIND_L1_GET_HK.LIS;20
  /OBJECT=SMS1:[WIND.SOFTWARE.L1]WIND_L1_GET_HK.OBJ;20
  /NOLIBRARY
   sys$lib=SYS$COMMON:[SYSLIB]FORSYSDEF.TLB;1

COMPILER: DEC Fortran V6.2-508-274F

COMPILATION STATISTICS

  CPU time:          0.42 seconds
  Elapsed time:      2.10 seconds
  Pagefaults:         147
  I/O Count:           19
