WIND_SAVE_HK                                                    30-NOV-1995 14:17:08    DEC Fortran V6.2-508                Page   1
                                                                23-FEB-1995 21:56:18    SMS1:[WIND.SOFTWARE.LZ]WIND_SAVE_HK.FOR;27

	      1       SUBROUTINE WIND_SAVE_HK ( Major_Frame_Count, SET_NO, SYNC_WORD )
	      2 C
	      3 C  This version:   1.8   23-FEB-1995
	      4 C
	      5 C       This subroutine extracts the housekeeping data from the LZ-file
	      6 C       and builds the HK array including the qual-flag for every value.
	      7 C       This routine should be called whenever a new major frame is
	      8 C       accessed.
	      9 C       2 sets of housekeeping data are maintained, currently set #2 is
	     10 C       the older one.
	     11 C
	     12 C  USAGE and PARAMETERS:
	     13 C       CALL WIND_SAVE_HK( MajorFrame_Count, SET_NO )
	     14 C
	     15 C               MajorFrame_Count        = NEW major frame counter
	     16 C               SET_NO                  = 0 -> MAX_HK 
	     17 C
	     18 C  CREATION:
	     19 C       16-FEB-1994     H.BROER
	     20 C  REVISIONS:
	     21 C       25-MAY-1994     H.BROER  UMD    new HK.INC
	     22 C       26-MAY-1994     H.BROER  UMD    save previous dataset in other set
	     23 C        9-JUN-1994     H.BROER  UMD    changed HK.inc to EDB.inc
	     24 C       29-JUN-1994                     new structures
	     25 C        9-SEP-1994     L.Bleau         altered HK structure; changed
	     26 C                                       references to HKset and Hkeep to array
	     27 C                                       references using EDBset as subscript
	     28 C       13-SEP-1994     L.Bleau         added line to save SET_NO (number of
	     29 C                                       valid HKs) in HKcount field of structure
	     30 C       27-OCT-1994     L. Bleau        made WRITE statements to KB conditional,
	     31 C                                       added common block DIAG, added IMPLICIT
	     32 C                                       NONE
	     33 C        4-NOV-1994     L. Bleau        write message if more than 5 HKs instead
	     34 C                                       of doing a STOP
	     35 C        7-NOV-1994     J. PAQUETTE     allow the writing of HK data when the 
	     36 C                                       experiment DPU is off
	     37 C	18-NOV-1994	L. Bleau	add extra WRITE statement
	     38 C       13-DEC-1994     L. Bleau        move SET_NO=1 to after L1 record is
	     39 C                                       written (ELSE part of IF), otherwise we
	     40 C                                       lose HKs if we somehow get more than 5;
	     41 C					change max number of HKs to MAX_HK,
	     42 C					which is a PARAMETER currently set to 6
	     43 C	13-JAN-1995	L. Bleau	change call to WIND_STORE_L1 to
	     44 C					WIND_OUTPUT_L1 so that L1 records will
	     45 C					be output even if only HKs are present
	     46 C                                 NOTE: This change did not completely correct 
	     47 C                                       the problem it was intended to fix
	     48 C	 9-FEB-1995	L. Bleau	change include stmt to use EDBDEF.INC
	     49 C					and EDBVARS.INC instead of EDB.INC only
	     50 C	23-FEB-1995	L. Bleau	removed common DIAg, added INCLUDE
	     51 C					DIAG.INC
	     52 C 1.8	23-FEB-1995	L. Bleau	modified to dump HK if in PRINTLZ mode
	     53 CDEC$ IDENT   '1.8'
	     54 
	     55       IMPLICIT NONE
	     56 
	     57       INCLUDE   'INC_DIR:EDBDEF.INC/NOLIST'

WIND_SAVE_HK                                                    30-NOV-1995 14:17:08    DEC Fortran V6.2-508                Page   2
1.8                                                             23-FEB-1995 21:56:18    SMS1:[WIND.SOFTWARE.LZ]WIND_SAVE_HK.FOR;27

	    595       INCLUDE   'INC_DIR:EDBVARS.INC/NOLIST'

WIND_SAVE_HK                                                    30-NOV-1995 14:17:08    DEC Fortran V6.2-508                Page   3
1.8                                                             23-FEB-1995 21:56:18    SMS1:[WIND.SOFTWARE.LZ]WIND_SAVE_HK.FOR;27

	    777       INCLUDE   'INC_DIR:L0_DATA_Record.INC/NOLIST'

WIND_SAVE_HK                                                    30-NOV-1995 14:17:08    DEC Fortran V6.2-508                Page   4
1.8                                                             23-FEB-1995 21:56:18    SMS1:[WIND.SOFTWARE.LZ]WIND_SAVE_HK.FOR;27

	    945       INCLUDE   'INC_DIR:WIND_LUN.INC/NOLIST'
	    975       INCLUDE   'INC_DIR:DIAG.INC/NOLIST'
	    984       INCLUDE   '($SSDEF)/NOLIST'
	   2409 
	   2410       INTEGER*4         II,                     ! internal pointer
	   2411      +                  IJ,                     ! internal pointer
	   2412      +                  ISTAT,                  ! FUNCTION STATUS
	   2413      +                  JJ,                     ! internal pointer
	   2414      +                  Major_Frame_Count,      ! Input Variable
	   2415      +                  SET_NO,                 ! number of HKs
	   2416      +                  jjj
	   2417       LOGICAL           SYNC_WORD
	   2418 
	   2419       SET_NO = SET_NO + 1
	   2420       IF( SET_NO .GT. MAX_HK ) THEN
	   2421         SET_NO=MAX_HK
	   2422         HKeep( EDBset ).HKcount = SET_NO
	   2423 C
	   2424 C If we have more than MAX_HK HK's and we have found a sync word, then we have
	   2425 C an error condition; inform the user.  MAX_HK is currently 6.
	   2426 C
	   2427         IF(SYNC_WORD)THEN
	   2428           WRITE( TTOUT, *) '*** ERROR: MORE THAN ',MAX_HK,' HKs; SET_NO=',SET_NO
	   2429           WRITE( TTOUT, *) ' '
	   2430 C
	   2431 C If we have more than MAX_HK HK's and we have not found a sync word, then
	   2432 C there is HK data, but no science data; the DPU is off.  Flag the rest of the
	   2433 C current science record as bad, then output the data in SCI(1).  Since we call
	   2434 C the same output routine as used by WIND_CD_READ all the proper operations
	   2435 C will get done.
	   2436 C Remember to reset the HK counter.  
	   2437 C Don't call WIND_RESET_HK since there are no EDBs with which to compare times.
	   2438 C
	   2439         ELSE
	   2440           CALL WIND_DPU_OFF
	   2441           IF (PRINTLZ_MODE) WRITE(28,9995) (HKeep( EDBset ).HKSET( SET_NO ).HK(jjj).BVAL,JJJ=1,75)
	   2442  9995     FORMAT(' HK',/,(1X,20Z3.2))
	   2443           CALL WIND_OUTPUT_L1
	   2444           SET_NO = 1
	   2445         ENDIF
	   2446       ENDIF
	   2447 C
	   2448       HKeep( EDBset ).HKcount = SET_NO
	   2449 
	   2450       DO JJ = 1, 75
	   2451           II    = HKLOCI( JJ )
	   2452           IJ    = HKLOCJ( JJ )
	   2453           HKeep( EDBset ).HKSET( SET_NO ).HK(JJ).BVAL   = DR_MinFr_SMS( II, IJ )
	   2454           HKeep( EDBset ).HKSET( SET_NO ).HK(JJ).QUAL   = DR_MinFr_QUAL( IJ )
	   2455       END DO
	   2456 
	   2457       HKeep( EDBset ).HKSET( SET_NO ).EPOCH     = DR_BEG_EPOCH
	   2458       HKeep( EDBset ).HKSET( SET_NO ).SC_EPOCH  = DR_SC_EPOCH
	   2459       CALL EPOCH_TO_ITIME( DR_BEG_EPOCH, HKeep( EDBset ).HKSET( SET_NO ).W_Time, ISTAT )
	   2460       IF( ISTAT .NE. SS$_NORMAL )       STOP 0902
	   2461       CALL EPOCH_TO_ITIME( DR_SC_EPOCH, HKeep( EDBset ).HKSET( SET_NO ).SC_Time, ISTAT )
	   2462       IF( ISTAT .NE. SS$_NORMAL )       STOP 0903

WIND_SAVE_HK                                                    30-NOV-1995 14:17:08    DEC Fortran V6.2-508                Page   5
1.8                                                             23-FEB-1995 21:56:18    SMS1:[WIND.SOFTWARE.LZ]WIND_SAVE_HK.FOR;27

	   2463 
	   2464       IF(DIAG .LE. 1) WRITE( 20, 197 )  HKeep( EDBset ).HKSET( SET_NO ).EPOCH,
	   2465      :                  HKeep( EDBset ).HKSET( SET_NO ).SC_EPOCH,
	   2466      :                  HKeep( EDBset ).HKSET( SET_NO ).W_Time.YEAR,
	   2467      :                  HKeep( EDBset ).HKSET( SET_NO ).SC_Time.YEAR,
	   2468      :                  HKeep( EDBset ).HKSET( SET_NO ).W_Time.DOY,
	   2469      :                  HKeep( EDBset ).HKSET( SET_NO ).SC_Time.DOY,
	   2470      :                  HKeep( EDBset ).HKSET( SET_NO ).W_Time.HR,
	   2471      :                  HKeep( EDBset ).HKSET( SET_NO ).SC_Time.HR,
	   2472      :                  HKeep( EDBset ).HKSET( SET_NO ).W_Time.MIN,
	   2473      :                  HKeep( EDBset ).HKSET( SET_NO ).SC_Time.MIN,
	   2474      :                  HKeep( EDBset ).HKSET( SET_NO ).W_Time.SEC,
	   2475      :                  HKeep( EDBset ).HKSET( SET_NO ).SC_Time.SEC,
	   2476      :                  HKeep( EDBset ).HKSET( SET_NO ).W_Time.CSEC,
	   2477      :                  HKeep( EDBset ).HKSET( SET_NO ).SC_Time.CSEC,
	   2478      :                  Major_Frame_Count, SET_NO,
	   2479      :                  ( HKeep( EDBset ).HKSET( SET_NO ).HK(JJ).BVAL, JJ = 1, 75 )
	   2480   197 FORMAT( 1H0, ' HOUSE KEEPING *** TIME:', 2F20.3 /,
	   2481      :                  T19,'YEAR:', I16, I20, /,
	   2482      :                  T20,'DOY:',  I16, I20, /,
	   2483      :                  T19,'HOUR:', I16, I20, /,
	   2484      :                  T16,'MINUTES:',I16,I20,/,
	   2485      :                  T16,'SECONDS:',I16,I20,/,
	   2486      :                  T21, 'cs:',  I16, I20, /,
	   2487      :                  ' MAJOR FRAME COUNT =', I11, ',  SET_NO =', I3, 
	   2488      :                  /, 1X, 5Z4.2, /, 7( /, 1X, 5Z4.2, 3X, 5Z4.2 ) ) 
	   2489 
	   2490       IF(DIAG .LE. 1) WRITE( 19, 198 )  Major_Frame_Count, SET_NO,
	   2491      :                  HKeep( EDBset ).HKSET( SET_NO ).EPOCH,
	   2492      :                  HKeep( EDBset ).HKSET( SET_NO ).W_Time.YEAR,
	   2493      :                  HKeep( EDBset ).HKSET( SET_NO ).W_Time.DOY,
	   2494      :                  HKeep( EDBset ).HKSET( SET_NO ).W_Time.HR,
	   2495      :                  HKeep( EDBset ).HKSET( SET_NO ).W_Time.MIN,
	   2496      :                  HKeep( EDBset ).HKSET( SET_NO ).W_Time.SEC,
	   2497      :                  HKeep( EDBset ).HKSET( SET_NO ).W_Time.CSEC,
	   2498      :                  HKeep( EDBset ).HKSET( SET_NO ).SC_EPOCH,
	   2499      :                  HKeep( EDBset ).HKSET( SET_NO ).SC_Time.YEAR,
	   2500      :                  HKeep( EDBset ).HKSET( SET_NO ).SC_Time.DOY,
	   2501      :                  HKeep( EDBset ).HKSET( SET_NO ).SC_Time.HR,
	   2502      :                  HKeep( EDBset ).HKSET( SET_NO ).SC_Time.MIN,
	   2503      :                  HKeep( EDBset ).HKSET( SET_NO ).SC_Time.SEC,
	   2504      :                  HKeep( EDBset ).HKSET( SET_NO ).SC_Time.CSEC
	   2505   198 FORMAT( 1H0, ' HOUSE KEEPING *** MAJOR FRAME COUNT =',I11,',  SET_NO =', I3,  /,
	   2506      :                  1X,F20.3,5X,6I5/1X,F20.3,5X,6I5)
	   2507       IF(DIAG .LE. 2) WRITE(19,*) 'SAVE_HK: HKSET ARRAY=',(HKSET(II),II=1,3)
	   2508       RETURN
	   2509 
	   2510       END

WIND_SAVE_HK                                                    30-NOV-1995 14:17:08    DEC Fortran V6.2-508                Page   6
1.8                             Symbol Table                    23-FEB-1995 21:56:18    SMS1:[WIND.SOFTWARE.LZ]WIND_SAVE_HK.FOR;27



PROGRAM SECTIONS

    Name				 Bytes   Attributes

  1 $DATA$                               46024 NOPIC CON REL LCL NOSHR NOEXE   RD   WRT OCTA
  2 $BSS$                                   12 NOPIC CON REL LCL NOSHR NOEXE   RD   WRT OCTA
  3 $IODATA$                               464 NOPIC CON REL LCL NOSHR NOEXE   RD   WRT OCTA
  4 $CODE$                                6484   PIC CON REL LCL   SHR   EXE NORD NOWRT OCTA
  5 $LINK$                                 418 NOPIC CON REL LCL NOSHR NOEXE   RD NOWRT OCTA
  6 EDB                                 454336 NOPIC OVR REL GBL NOSHR NOEXE   RD   WRT OCTA
  7 EDB_HEADER                              20 NOPIC OVR REL GBL NOSHR NOEXE   RD   WRT OCTA
  8 HDB                                    996 NOPIC OVR REL GBL NOSHR NOEXE   RD   WRT OCTA
  9 HK                                    3912 NOPIC OVR REL GBL NOSHR NOEXE   RD   WRT OCTA
 10 DATA_RECORD                          13300 NOPIC OVR REL GBL NOSHR NOEXE   RD   WRT OCTA
 11 DATA_RECORD2                         13300 NOPIC OVR REL GBL NOSHR NOEXE   RD   WRT OCTA
 12 DIAG                                    48 NOPIC OVR REL GBL NOSHR NOEXE   RD   WRT OCTA

    Total Space Allocated               539314


ENTRY POINTS

    Address   Type  Name        
                                
  4-00000000        WIND_SAVE_HK


VARIABLES

    Address   Type  Name                       Address   Type  Name                       Address   Type  Name                  
                                                                                                                                
  7-00000006  L*1   BITRATE                 10-0000001C  I*4   DR_BEG_MSEC              7-00000008  L*1   MASSPOWER             
  1-00000018  CHAR  C_BIG_NULL_BUFFER       10-00000014  I*4   DR_BEG_YEAR              1-00000004  I*4   MASS_RATE_SIZE        
 11-00000000  CHAR  C_DR2_BUFFER            10-00000000  I*4   DR_INSTR_NUM             7-0000000C  I*4   MEASSPIN              
 10-00000000  CHAR  C_DR_BUFFER             10-00000024  I*4   DR_NUM_MINFR_FILL       12-00000008  L*4   NRT_MODE              
  1-00000018  CHAR  C_NULL_BUFFER           10-00000028  I*4   DR_NUM_MINFR_SYNC_ERR   10-00003210  R*8   PREF_EPOCH            
 12-00000000  I*4   DIAG                    10-00000004  I*4   DR_PHYS_REC_NUM         12-0000000C  L*4   PRINTLZ_MODE          
 11-00000018  I*4   DR2_BEG_DOY             10-00003208  R*8   DR_SC_EPOCH             12-00000027  CHAR  PROG_VERSION          
 11-00003200  R*8   DR2_BEG_EPOCH           10-0000002C  I*4   DR_TLM_MODE              7-0000000A  L*1   RAMCHECK              
 11-00000008  I*4   DR2_BEG_MAJFR_CNT        6-0006EEBC  I*4   EDBSET                       **      I*4   SET_NO                
 11-00000020  I*4   DR2_BEG_MICSEC           1-00000000  I*4   EDB_CORE_SIZE            7-00000000  I*4   SFPERBLOCK            
 11-0000001C  I*4   DR2_BEG_MSEC            12-0000002C  L*4   HALT_IF_NO_EPH           7-00000010  I*4   SPINCOUNT             
 11-00000014  I*4   DR2_BEG_YEAR             7-00000005  L*1   HDBFLAG                  7-00000009  L*1   STICSPOWER            
 11-00000000  I*4   DR2_INSTR_NUM          REG-########  I*4   II                       1-00000008  I*4   STICS_H_RATE_SIZE     
 11-00000024  I*4   DR2_NUM_MINFR_FILL     REG-0000001A  I*4   IJ                       1-0000000C  I*4   STICS_N_RATE_SIZE     
 11-00000028  I*4   DR2_NUM_MINFR_SYNC_ERR  12-00000004  L*4   INTER                    2-00000000  I*4   STICS_RATE_SIZE       
 11-00000004  I*4   DR2_PHYS_REC_NUM         2-00000008  I*4   ISTAT                    7-00000004  L*1   SUBS_ID               
 11-00003208  R*8   DR2_SC_EPOCH           REG-########  I*4   JJ                       7-00000007  L*1   SWICSPOWER            
 11-0000002C  I*4   DR2_TLM_MODE           REG-00000007  I*4   JJJ                      1-00000010  I*4   SWICS_H_RATE_SIZE     
 10-00000018  I*4   DR_BEG_DOY              10-0000321C  L*1   L0_FILE_READONLY         1-00000014  I*4   SWICS_N_RATE_SIZE     
 10-00003200  R*8   DR_BEG_EPOCH            10-00003218  I*4   L0_FILE_REC_PNTR         2-00000004  I*4   SWICS_RATE_SIZE       
 10-00000008  I*4   DR_BEG_MAJFR_CNT        12-00000010  CHAR  LINK_DATE_TIME               **      L*4   SYNC_WORD             
 10-00000020  I*4   DR_BEG_MICSEC                **      I*4   MAJOR_FRAME_COUNT                                                



WIND_SAVE_HK                                                    30-NOV-1995 14:17:08    DEC Fortran V6.2-508                Page   7
1.8                             Symbol Table                    23-FEB-1995 21:56:18    SMS1:[WIND.SOFTWARE.LZ]WIND_SAVE_HK.FOR;27

ARRAYS

     Address  Type  Name                          Bytes  Dimensions

  6-00005688  I*1   CORE_DATA                      1980  (0:10, 0:59, 3)
 11-0000000C  I*4   DR2_BEG_SC_CLOCK                  8  (2)
 11-00000000  I*1   DR2_BUFFER                    13300  (13300)
 11-00000000  I*1   DR2_BUFFER_CONTINGENCY        13300  (13300)
 11-0000012A  I*1   DR2_FILL                          2  (2)
 11-0000012C  I*1   DR2_MINFR                     12500  (12500)
 11-0000012C  I*1   DR2_MINFR_3DP                 12500  (50, 0:249)
 11-0000012C  I*1   DR2_MINFR_EPA                  6000  (24, 0:249)
 11-0000012C  I*1   DR2_MINFR_KON                  1500  (6, 0:249)
 11-0000012C  I*1   DR2_MINFR_MFI                  6250  (25, 0:249)
 11-00000030  I*1   DR2_MINFR_QUAL                  250  (0:249)
 11-0000012C  I*1   DR2_MINFR_SMS                 10500  (42, 0:249)
 11-0000012C  I*1   DR2_MINFR_SWE                 11250  (45, 0:249)
 11-0000012C  I*1   DR2_MINFR_TGR                  5250  (21, 0:249)
 11-0000012C  I*1   DR2_MINFR_WAV                 11250  (45, 0:249)
 10-0000000C  I*4   DR_BEG_SC_CLOCK                   8  (2)
 10-00000000  I*1   DR_BUFFER                     13300  (13300)
 10-00000000  I*1   DR_BUFFER_CONTINGENCY         13300  (13300)
 10-0000012A  I*1   DR_FILL                           2  (2)
 10-0000012C  I*1   DR_MINFR                      12500  (12500)
 10-0000012C  I*1   DR_MINFR_3DP                  12500  (50, 0:249)
 10-0000012C  I*1   DR_MINFR_EPA                   6000  (24, 0:249)
 10-0000012C  I*1   DR_MINFR_KON                   1500  (6, 0:249)
 10-0000012C  I*1   DR_MINFR_MFI                   6250  (25, 0:249)
 10-00000030  I*1   DR_MINFR_QUAL                   250  (0:249)
 10-0000012C  I*1   DR_MINFR_SMS                  10500  (42, 0:249)
 10-0000012C  I*1   DR_MINFR_SWE                  11250  (45, 0:249)
 10-0000012C  I*1   DR_MINFR_TGR                   5250  (21, 0:249)
 10-0000012C  I*1   DR_MINFR_WAV                  11250  (45, 0:249)
  8-000003CC  I*4   HDBTIME2                         24  (2, 3)
  9-00000CF0  I*4   HKLOCI                          300  (75)
  9-00000E1C  I*4   HKLOCJ                          300  (75)
  9-00000CE4  I*4   HKSET                            12  (3)
  1-00000018  I*1   NULL_BUFFER                   46000  (46000)
  7-0000000B  L*1   SPARFLAGS                         1  (1)



RECORD ARRAYS

    Address   Name        Structure         Bytes  Dimensions

  8-00000000  HDB         HDBSTR             972  (3)
  9-00000000  HKEEP       HKEEP             3300  (3)
  6-0004D424  MASS_PHA    MA_PHA          137880  (3)
  6-0004BDA4  MASS_RATE   MA_RATE           5760  (3)
  6-00000000  SCI         CORE             22152  (3)
  6-00030F54  STICS_PHA   ST_PHA          110160  (3)
  6-00028DF4  STICS_RATE  ST_RATE          33120  (3)
  6-0000B2A4  SWICS_PHA   SW_PHA          121680  (3)
  6-00005E44  SWICS_RATE  SW_RATE          21600  (3)



WIND_SAVE_HK                                                    30-NOV-1995 14:17:08    DEC Fortran V6.2-508                Page   8
1.8                             Symbol Table                    23-FEB-1995 21:56:18    SMS1:[WIND.SOFTWARE.LZ]WIND_SAVE_HK.FOR;27

LABELS

    Address   Label     Address   Label     Address   Label
                                                           
      **       197        **       198        **       9995


FUNCTIONS AND SUBROUTINES REFERENCED

  Type  Name                   Type  Name                   Type  Name                
                                                                                      
        EPOCH_TO_ITIME               WIND_DPU_OFF                 WIND_OUTPUT_L1      

WIND_SAVE_HK                                                    30-NOV-1995 14:17:08    DEC Fortran V6.2-508                Page   9
1.8                             Symbol Table                    23-FEB-1995 21:56:18    SMS1:[WIND.SOFTWARE.LZ]WIND_SAVE_HK.FOR;27



  +---------------------------------------------------+
  |               KEY TO ADDRESS CODE FORMATS         |
  |   ppp-oooooooo  - In Psect ppp, Offset oooooooo   |
  |   ***-********  - External                        |
  |               # - Suffix: Also In Registers       |
  |   REG-rrrrrrrr  - In Register rrrrrrrr            |
  |   REG-########  - In Various Registers            |
  |        **       - Not Used; Not Allocated         |
  +---------------------------------------------------+


COMMAND QUALIFIERS

  /ALIGNMENT=(COMMONS=(PACKED,NOMULTILANGUAGE),RECORDS=PACKED)
  /ASSUME=(ACCURACY_SENSITIVE,BACKSLASH,NODUMMY_ALIASES,NOUNDERSCORE)
  /CHECK=(ASSERTIONS,BOUNDS,FORMAT,FP_EXCEPTIONS,OVERFLOW,ÿÿÿ°&¶
  /DEBUG=(NOSYMBOLS,TRACEBACK)
  /DESIGN=(NOCOMMENTS)
  /SHOW=(DICTIONARY,INCLUDE,MAP,PREPROCESSOR)
  /STANDARD=(NOSEMANTIC,NOSOURCE_FORM,NOSYNTAX)
  /WARNINGS=(NOALIGNMENT,NOARGUMENT_CHECKING,DECLARATIONS,GENERAL,NOTRUNCATED_SOURCE,UNCALLED,
             UNINITIALIZED,UNREACHABLE,UNUSED)
  /NOAUTOMATIC  /BLAS=NOMAPPED  /CONVERT=NATIVE  /NOCROSS_REFERENCE  /NOD_LINES  /ERROR_LIMIT=30  /EXTEND_SOURCE
  /NOPAD_SOURCE  /NOF77  /FLOAT=G_FLOAT  /IEEE_MODE=FAST  /ROUNDING_MODE=NEAREST
  /GRANULARITY=QUADWORD  /INSTRUCTION_SET=FLOATING  /INTEGER_SIZE=32  /NOMACHINE_CODE
  /MATH_LIBRARY=ACCURATE  /NAMES=UPPERCASE  /OPTIMIZE=(LEVEL=4,UNROLL=0)  /REAL_SIZE=32  /NORECURSIVE
  /NOSEPARATE_COMPILATION  /NOSYNCHRONOUS_EXCEPTIONS  /NOSYNTAX_ONLY  /TERMINAL=NOSTATISTICS  /NOTIE  /VMS
  /NOANALYSIS_DATA
  /NODIAGNOSTICS
  /INCLUDE=(.FOR,.f,FORT$INCLUDE:.FOR,FORT$INCLUDE:.f)
  /LIST=SMS1:[WIND.SOFTWARE.LZ]WIND_SAVE_HK.LIS;92
  /OBJECT=SMS1:[WIND.SOFTWARE.LZ]WIND_SAVE_HK.OBJ;51
  /NOLIBRARY
   sys$lib=SYS$COMMON:[SYSLIB]FORSYSDEF.TLB;1

COMPILER: DEC Fortran V6.2-508-274F

COMPILATION STATISTICS

  CPU time:          3.12 seconds
  Elapsed time:      4.96 seconds
  Pagefaults:         397
  I/O Count:           43
