WIND_CONCATENATE_STICS_RATES                                    30-NOV-1995 14:17:30    DEC Fortran V6.2-508                Page   1
                                                                16-FEB-1995 12:35:28    WIND_CONCATENATE_STICS_RATES.FOR;9

	      1       SUBROUTINE WIND_CONCATENATE_STICS_RATES(SCI_REC_NO)
	      2 C
	      3 C	Concatenates STICS rates. In low(=normal) bit rate, a voltage step for
	      4 C	STICS lasts for 2 spins. The resultant data is split up and part of it
	      5 C	is output over a pair of spins. This routine puts the two parts of the
	      6 C	data back together in the even-numbered spin of the pair. Only a place-
	      7 C	holder is left in the odd-numbered spin of the pair.
	      8 C
	      9 C	This version:   1.2   16-FEB-1995
	     10 C
	     11 C     Creation:
	     12 C	JOHN PAQUETTE	18-JUL-1994
	     13 C
	     14 C     Revisions:
	     15 C	29-JUL-1994	J. PAQUETTE	Resolved bit rate confusion
	     16 C       30-SEP-1994	J. PAQUETTE     Changed this routine to modify the 
	     17 C                                       SCI_REC_NO'th science rec, instead of
	     18 C                                       the first
	     19 C       24-OCT-1994     J. PAQUETTE     Set STICS length variable in Core data
	     20 C  1.1  16-DEC-1994     L. Bleau        removed unneeded diagnostic
	     21 C       19-JAN-1995     J.PAQUETTE      this routine now concatenates Rate data
	     22 C					only 
	     23 C        6-FEB-1995     J.PAQUETTE      added check to handle loss of bitrate
	     24 C			L.BLEAU         info at data gap
	     25 C	 9-FEB-1995	L. Bleau	change comment delimiters
	     26 C	 9-FEB-1995	L. Bleau	change include stmt to use EDBDEF.INC
	     27 C					and EDBVARS.INC instead of EDB.INC only
	     28 C  1.2  16-FEB-1995	J.PAQUETTE	correct error in quality flag setting
	     29 C
	     30 CDEC$ IDENT	'1.2'
	     31 
	     32       IMPLICIT NONE
	     33 
	     34       INCLUDE	'INC_DIR:EDBDEF.INC/NOLIST'

WIND_CONCATENATE_STICS_RATES                                    30-NOV-1995 14:17:30    DEC Fortran V6.2-508                Page   2
1.2                                                             16-FEB-1995 12:35:28    WIND_CONCATENATE_STICS_RATES.FOR;9

	    572       INCLUDE	'INC_DIR:EDBVARS.INC/NOLIST'

WIND_CONCATENATE_STICS_RATES                                    30-NOV-1995 14:17:30    DEC Fortran V6.2-508                Page   3
1.2                                                             16-FEB-1995 12:35:28    WIND_CONCATENATE_STICS_RATES.FOR;9

	    754       INCLUDE	'INC_DIR:WIND_L0_RECORD.INC/NOLIST'
	    805       INCLUDE   'INC_DIR:WIND_Lun.INC/NOLIST'
	    835       INCLUDE	'($SSDEF)/NOLIST'
	   2260 
	   2261       INTEGER*4	II,JJ,KK,LL,SCI_REC_NO
	   2262 C
	   2263 C Loop over the 60 spins in a science record
	   2264 C
	   2265       DO 400 II = 0, 58,2
	   2266 C
	   2267 C Check to see if either of the spins that we may be about to concatenate  are
	   2268 C bad (i.e. have a quality flag which is nonzero). If both are bad, don't
	   2269 C concatenate (since we don't really know the bitrate of either). If one of the
	   2270 C two is bad, use the other's bitrate for both.
	   2271 C
	   2272         IF ((SCI(SCI_REC_NO).EDB(II).Qual.NE.0).AND.(SCI(SCI_REC_NO).EDB(II+1).Qual.NE.0))GO TO 400
	   2273         IF(SCI(SCI_REC_NO).EDB(II).Qual.NE.0)THEN
	   2274           SCI(SCI_REC_NO).EDB(II).BitRate = SCI(SCI_REC_NO).EDB(II+1).BitRate
	   2275         ELSEIF(SCI(SCI_REC_NO).EDB(II+1).Qual.NE.0)THEN
	   2276           SCI(SCI_REC_NO).EDB(II+1).BitRate = SCI(SCI_REC_NO).EDB(II).BitRate
	   2277         ENDIF
	   2278 C
	   2279 C Concatenate only if low bitrate
	   2280 C
	   2281         IF(.NOT.SCI(SCI_REC_NO).EDB(II).BitRate)THEN
	   2282           DO 200 JJ = 0,STICS_N_RATE_Size
	   2283 C
	   2284 C Copy rate data from spin II+1 to spin II, adding it to what's already there.
	   2285 C
	   2286             STICS_RATE( SCI_REC_NO ).EDB( II ).RATE( JJ + STICS_N_RATE_Size + 1 ) =
	   2287      &	    STICS_RATE( SCI_REC_NO ).EDB( II + 1 ).RATE( JJ )
	   2288 C
	   2289 C Adjust quality flags. Note that this depends on LOGICAL*1 being equivalent to BYTE
	   2290 C
	   2291 	    SCI(SCI_REC_NO).EDB(II).ST_HMR_Qual = 
	   2292      &       SCI(SCI_REC_NO).EDB(II).ST_HMR_Qual.OR.SCI(SCI_REC_NO).EDB(II+1).ST_HMR_Qual
	   2293             SCI(SCI_REC_NO).EDB(II).ST_SMR_Qual =
	   2294      &       SCI(SCI_REC_NO).EDB(II).ST_SMR_Qual.OR.SCI(SCI_REC_NO).EDB(II+1).ST_SMR_Qual
	   2295             SCI(SCI_REC_NO).EDB(II).ST_BR_Qual =
	   2296      &       SCI(SCI_REC_NO).EDB(II).ST_BR_Qual.OR.SCI(SCI_REC_NO).EDB(II+1).ST_BR_Qual
	   2297             SCI(SCI_REC_NO).EDB(II).ST_OMR_Qual =
	   2298      &       SCI(SCI_REC_NO).EDB(II).ST_OMR_Qual.OR.SCI(SCI_REC_NO).EDB(II+1).ST_OMR_Qual
	   2299             SCI(SCI_REC_NO).EDB(II).ST_ER_Qual =
	   2300      &       SCI(SCI_REC_NO).EDB(II).ST_ER_Qual.OR.SCI(SCI_REC_NO).EDB(II+1).ST_ER_Qual
	   2301 C
	   2302 C Remove the data from the odd-numbered spin.
	   2303 C
	   2304             STICS_RATE( SCI_REC_NO ).EDB( II + 1 ).RATE( JJ ) = 0
	   2305  200      CONTINUE
	   2306 C
	   2307 C Adjust quality flags. Since the odd spins no longer contain data, set them to
	   2308 C 8 ( which denotes 'missing EDB'; see EDB.INC).
	   2309 C
	   2310           SCI(SCI_REC_NO).EDB(II+1).ST_HMR_Qual = 8
	   2311           SCI(SCI_REC_NO).EDB(II+1).ST_SMR_Qual = 8
	   2312           SCI(SCI_REC_NO).EDB(II+1).ST_BR_Qual  = 8
	   2313           SCI(SCI_REC_NO).EDB(II+1).ST_OMR_Qual = 8

WIND_CONCATENATE_STICS_RATES                                    30-NOV-1995 14:17:30    DEC Fortran V6.2-508                Page   4
1.2                                                             16-FEB-1995 12:35:28    WIND_CONCATENATE_STICS_RATES.FOR;9

	   2314           SCI(SCI_REC_NO).EDB(II+1).ST_ER_Qual  = 8
	   2315 C
	   2316 C Adjust the number of rates per spin in the Core to reflect the  fact that
	   2317 C some spins now contain as much rate data as a spin at high bit rate, and some
	   2318 C contain no data.
	   2319 C
	   2320           SCI(SCI_REC_NO).EDB(II).STICS_RATE_Size   = STICS_H_RATE_Size
	   2321           SCI(SCI_REC_NO).EDB(II+1).STICS_RATE_Size = 0
	   2322         ENDIF
	   2323  400  CONTINUE
	   2324 C
	   2325       RETURN
	   2326 C
	   2327       END


PROGRAM SECTIONS

    Name				 Bytes   Attributes

  1 $DATA$                                  24 NOPIC CON REL LCL NOSHR NOEXE   RD   WRT OCTA
  2 $BSS$                                   16 NOPIC CON REL LCL NOSHR NOEXE   RD   WRT OCTA
  3 $CODE$                                1048   PIC CON REL LCL   SHR   EXE NORD NOWRT OCTA
  4 $LINK$                                  56 NOPIC CON REL LCL NOSHR NOEXE   RD NOWRT OCTA
  5 EDB                                 454336 NOPIC OVR REL GBL NOSHR NOEXE   RD   WRT OCTA
  6 EDB_HEADER                              20 NOPIC OVR REL GBL NOSHR NOEXE   RD   WRT OCTA
  7 HDB                                    996 NOPIC OVR REL GBL NOSHR NOEXE   RD   WRT OCTA
  8 HK                                    3912 NOPIC OVR REL GBL NOSHR NOEXE   RD   WRT OCTA
  9 L0_RECORD                               38 NOPIC OVR REL GBL NOSHR NOEXE   RD   WRT OCTA

    Total Space Allocated               460446


ENTRY POINTS

    Address   Type  Name                        
                                                
  3-00000000        WIND_CONCATENATE_STICS_RATES


VARIABLES

    Address   Type  Name                  Address   Type  Name                  Address   Type  Name             
                                                                                                                 
  6-00000006  L*1   BITRATE             2-0000000C  I*4   LL                  6-00000000  I*4   SFPERBLOCK       
  9-00000006  I*2   COREID              6-00000008  L*1   MASSPOWER           9-00000010  I*2   SPHAID           
  9-00000018  I*2   CORENUM             1-00000004  I*4   MASS_RATE_SIZE      9-00000022  I*2   SPHANUM          
  5-0006EEBC  I*4   EDBSET              9-0000000C  I*2   MCOREID             6-00000010  I*4   SPINCOUNT        
  1-00000000  I*4   EDB_CORE_SIZE       9-0000001E  I*2   MCORENUM            6-00000009  L*1   STICSPOWER       
  6-00000005  L*1   HDBFLAG             6-0000000C  I*4   MEASSPIN            1-00000008  I*4   STICS_H_RATE_SIZE
  9-00000002  I*2   HDBRECID            9-00000012  I*2   MPHAID              1-0000000C  I*4   STICS_N_RATE_SIZE
  9-00000014  I*2   HDBRECNUM           9-00000024  I*2   MPHANUM             2-00000000  I*4   STICS_RATE_SIZE  
  9-00000004  I*2   HKRECID             6-0000000A  L*1   RAMCHECK            6-00000004  L*1   SUBS_ID          
  9-00000016  I*2   HKRECNUM            9-00000000  I*2   RECORDID            6-00000007  L*1   SWICSPOWER       
REG-00000013  I*4   II                      **      I*4   SCI_REC_NO          1-00000010  I*4   SWICS_H_RATE_SIZE
REG-0000001A  I*4   JJ                  9-0000000A  I*2   SCOREID             1-00000014  I*4   SWICS_N_RATE_SIZE
  2-00000008  I*4   KK                  9-0000001C  I*2   SCORENUM            2-00000004  I*4   SWICS_RATE_SIZE  

WIND_CONCATENATE_STICS_RATES                                    30-NOV-1995 14:17:30    DEC Fortran V6.2-508                Page   5
1.2                             Symbol Table                    16-FEB-1995 12:35:28    WIND_CONCATENATE_STICS_RATES.FOR;9

    Address   Type  Name                  Address   Type  Name             
                                                                           
  9-00000008  I*2   WCOREID             9-0000000E  I*2   WPHAID           
  9-0000001A  I*2   WCORENUM            9-00000020  I*2   WPHANUM          


ARRAYS

     Address  Type  Name             Bytes  Dimensions

  5-00005688  I*1   CORE_DATA         1980  (0:10, 0:59, 3)
  7-000003CC  I*4   HDBTIME2            24  (2, 3)
  8-00000CF0  I*4   HKLOCI             300  (75)
  8-00000E1C  I*4   HKLOCJ             300  (75)
  8-00000CE4  I*4   HKSET               12  (3)
  6-0000000B  L*1   SPARFLAGS            1  (1)



RECORD ARRAYS

    Address   Name        Structure         Bytes  Dimensions

  7-00000000  HDB         HDBSTR             972  (3)
  8-00000000  HKEEP       HKEEP             3300  (3)
  5-0004D424  MASS_PHA    MA_PHA          137880  (3)
  5-0004BDA4  MASS_RATE   MA_RATE           5760  (3)
  5-00000000  SCI         CORE             22152  (3)
  5-00030F54  STICS_PHA   ST_PHA          110160  (3)
  5-00028DF4  STICS_RATE  ST_RATE          33120  (3)
  5-0000B2A4  SWICS_PHA   SW_PHA          121680  (3)
  5-00005E44  SWICS_RATE  SW_RATE          21600  (3)



LABELS

    Address   Label     Address   Label
                                       
  3-00000000   200    3-000003A4   400 

WIND_CONCATENATE_STICS_RATES                                    30-NOV-1995 14:17:30    DEC Fortran V6.2-508                Page   6
1.2                             Symbol Table                    16-FEB-1995 12:35:28    WIND_CONCATENATE_STICS_RATES.FOR;9



  +---------------------------------------------------+
  |               KEY TO ADDRESS CODE FORMATS         |
  |   ppp-oooooooo  - In Psect ppp, Offset oooooooo   |
  |   ***-********  - External                        |
  |               # - Suffix: Also In Registers       |
  |   REG-rrrrrrrr  - In Register rrrrrrrr            |
  |   REG-########  - In Various Registers            |
  |        **       - Not Used; Not Allocated         |
  +---------------------------------------------------+


COMMAND QUALIFIERS

  /ALIGNMENT=(COMMONS=(PACKED,NOMULTILANGUAGE),RECORDS=PACKED)
  /ASSUME=(ACCURACY_SENSITIVE,BACKSLASH,NODUMMY_ALIASES,NOUNDERSCORE)
  /CHECK=(ASSERTIONS,BOUNDS,FORMAT,FP_EXCEPTIONS,OVERFLOW,ÿÿÿ°&¶
  /DEBUG=(NOSYMBOLS,TRACEBACK)
  /DESIGN=(NOCOMMENTS)
  /SHOW=(DICTIONARY,INCLUDE,MAP,PREPROCESSOR)
  /STANDARD=(NOSEMANTIC,NOSOURCE_FORM,NOSYNTAX)
  /WARNINGS=(NOALIGNMENT,NOARGUMENT_CHECKING,DECLARATIONS,GENERAL,NOTRUNCATED_SOURCE,UNCALLED,
             UNINITIALIZED,UNREACHABLE,UNUSED)
  /NOAUTOMATIC  /BLAS=NOMAPPED  /CONVERT=NATIVE  /NOCROSS_REFERENCE  /NOD_LINES  /ERROR_LIMIT=30  /EXTEND_SOURCE
  /NOPAD_SOURCE  /NOF77  /FLOAT=G_FLOAT  /IEEE_MODE=FAST  /ROUNDING_MODE=NEAREST
  /GRANULARITY=QUADWORD  /INSTRUCTION_SET=FLOATING  /INTEGER_SIZE=32  /NOMACHINE_CODE
  /MATH_LIBRARY=ACCURATE  /NAMES=UPPERCASE  /OPTIMIZE=(LEVEL=4,UNROLL=0)  /REAL_SIZE=32  /NORECURSIVE
  /NOSEPARATE_COMPILATION  /NOSYNCHRONOUS_EXCEPTIONS  /NOSYNTAX_ONLY  /TERMINAL=NOSTATISTICS  /NOTIE  /VMS
  /NOANALYSIS_DATA
  /NODIAGNOSTICS
  /INCLUDE=(.FOR,.f,FORT$INCLUDE:.FOR,FORT$INCLUDE:.f)
  /LIST=SMS1:[WIND.SOFTWARE.LZ]WIND_CONCATENATE_STICS_RATES.LIS;34
  /OBJECT=SMS1:[WIND.SOFTWARE.LZ]WIND_CONCATENATE_STICS_RATES.OBJ;31
  /NOLIBRARY
   sys$lib=SYS$COMMON:[SYSLIB]FORSYSDEF.TLB;1

COMPILER: DEC Fortran V6.2-508-274F

COMPILATION STATISTICS

  CPU time:          1.80 seconds
  Elapsed time:      3.49 seconds
  Pagefaults:         292
  I/O Count:           31
