WIND_DPU_OFF                                                    23-FEB-1995 12:31:21    DEC Fortran V6.2-508                Page   1
                                                                 9-FEB-1995 20:43:32    SMS1:[WIND.SOFTWARE.LZ]WIND_DPU_OFF.FOR;5

	      1       SUBROUTINE WIND_DPU_OFF
	      2 C
	      3 C This subroutine handles the case in which HK data is present even though the
	      4 C experiment DPU is not producing sync words. It sets various quality flags to
	      5 C 8 (meaning "missing") preparatory to storing the data.
	      6 C
	      7 C     This version:    9-FEB-1995 
	      8 C
	      9 C     CREATION:
	     10 C        7-NOV-1994     J.PAQUETTE
	     11 C
	     12 C     REVISIONS:
	     13 C	 9-FEB-1995	L. Bleau	change include stmt to use EDBDEF.INC
	     14 C					and EDBVARS.INC instead of EDB.INC only
	     15 C
	     16 CDEC$ IDENT   '1.0'
	     17 
	     18       INCLUDE   'INC_DIR:EDBDEF.INC/NOLIST'

WIND_DPU_OFF                                                    23-FEB-1995 12:31:21    DEC Fortran V6.2-508                Page   2
1.0                                                              9-FEB-1995 20:43:32    SMS1:[WIND.SOFTWARE.LZ]WIND_DPU_OFF.FOR;5

	    554       INCLUDE   'INC_DIR:EDBVARS.INC/NOLIST'

WIND_DPU_OFF                                                    23-FEB-1995 12:31:21    DEC Fortran V6.2-508                Page   3
1.0                                                              9-FEB-1995 20:43:32    SMS1:[WIND.SOFTWARE.LZ]WIND_DPU_OFF.FOR;5

	    753 
	    754       INTEGER II
	    755 C
	    756       DO 200 II = 0, 59
	    757         SCI( EDBset ).EDB( II ).Qual              = 8
	    758         SCI( EDBset ).EDB( II ).CORE_Qual         = 8
	    759         SCI( EDBset ).EDB( II ).SW_BR_Qual        = 8
	    760         SCI( EDBset ).EDB( II ).SW_MR_Qual        = 8
	    761         SCI( EDBset ).EDB( II ).SW_ME1_Qual       = 8
	    762         SCI( EDBset ).EDB( II ).SW_ME2_Qual       = 8
	    763         SCI( EDBset ).EDB( II ).SW_ER_Qual        = 8
	    764         SCI( EDBset ).EDB( II ).SW_P_Qual         = 8
	    765         SCI( EDBset ).EDB( II ).ST_HMR_Qual       = 8
	    766         SCI( EDBset ).EDB( II ).ST_SMR_Qual       = 8
	    767         SCI( EDBset ).EDB( II ).ST_BR_Qual        = 8
	    768         SCI( EDBset ).EDB( II ).ST_OMR_Qual       = 8
	    769         SCI( EDBset ).EDB( II ).ST_ER_Qual        = 8
	    770         SCI( EDBset ).EDB( II ).ST_P_Qual         = 8
	    771         SCI( EDBset ).EDB( II ).MA_UER_Qual       = 8
	    772         SCI( EDBset ).EDB( II ).MA_SER_Qual       = 8
	    773         SCI( EDBset ).EDB( II ).MA_BR_Qual        = 8
	    774         SCI( EDBset ).EDB( II ).MA_MR_Qual        = 8
	    775         SCI( EDBset ).EDB( II ).MA_P_Qual         = 8
	    776 200   CONTINUE
	    777 C
	    778       RETURN
	    779       END


PROGRAM SECTIONS

    Name				 Bytes   Attributes

  1 $DATA$                                  24 NOPIC CON REL LCL NOSHR NOEXE   RD   WRT OCTA
  2 $BSS$                                    8 NOPIC CON REL LCL NOSHR NOEXE   RD   WRT OCTA
  3 $CODE$                                 596   PIC CON REL LCL   SHR   EXE NORD NOWRT OCTA
  4 $LINK$                                  32 NOPIC CON REL LCL NOSHR NOEXE   RD NOWRT OCTA
  5 EDB                                 454336 NOPIC OVR REL GBL NOSHR NOEXE   RD   WRT OCTA
  6 L1INFO                                  32 NOPIC OVR REL GBL NOSHR NOEXE   RD   WRT OCTA
  7 EDB_HEADER                              20 NOPIC OVR REL GBL NOSHR NOEXE   RD   WRT OCTA
  8 HDB                                    996 NOPIC OVR REL GBL NOSHR NOEXE   RD   WRT OCTA
  9 HK                                    3912 NOPIC OVR REL GBL NOSHR NOEXE   RD   WRT OCTA

    Total Space Allocated               459956


ENTRY POINTS

    Address   Type  Name        
                                
  3-00000000        WIND_DPU_OFF



WIND_DPU_OFF                                                    23-FEB-1995 12:31:21    DEC Fortran V6.2-508                Page   4
1.0                             Symbol Table                     9-FEB-1995 20:43:32    SMS1:[WIND.SOFTWARE.LZ]WIND_DPU_OFF.FOR;5

VARIABLES

    Address   Type  Name                    Address   Type  Name                    Address   Type  Name               
                                                                                                                       
  7-00000006  L*1   BITRATE               6-00000004  I*4   L1_RECS_WRITTEN       1-00000008  I*4   STICS_H_RATE_SIZE  
  6-00000014  I*4   CURR_SCI_REC_NUMBER   7-00000008  L*1   MASSPOWER             1-0000000C  I*4   STICS_N_RATE_SIZE  
  6-00000018  I*4   CURR_SPIN             1-00000004  I*4   MASS_RATE_SIZE        2-00000000  I*4   STICS_RATE_SIZE    
  5-0006EEBC  I*4   EDBSET                7-0000000C  I*4   MEASSPIN              7-00000004  L*1   SUBS_ID            
  1-00000000  I*4   EDB_CORE_SIZE         6-0000001C  L*4   NEW_SCI_REC           7-00000007  L*1   SWICSPOWER         
  6-00000008  I*4   EDB_LOST              7-0000000A  L*1   RAMCHECK              1-00000010  I*4   SWICS_H_RATE_SIZE  
  6-0000000C  I*4   EDB_SKIP              6-00000000  I*4   SCI_REC_CNTR          1-00000014  I*4   SWICS_N_RATE_SIZE  
  6-00000010  I*4   EDB_SUM               7-00000000  I*4   SFPERBLOCK            2-00000004  I*4   SWICS_RATE_SIZE    
  7-00000005  L*1   HDBFLAG               7-00000010  I*4   SPINCOUNT                                                  
REG-00000011  I*4   II                    7-00000009  L*1   STICSPOWER                                                 


ARRAYS

     Address  Type  Name             Bytes  Dimensions

  5-00005688  I*1   CORE_DATA         1980  (0:10, 0:59, 3)
  8-000003CC  I*4   HDBTIME2            24  (2, 3)
  9-00000CF0  I*4   HKLOCI             300  (75)
  9-00000E1C  I*4   HKLOCJ             300  (75)
  9-00000CE4  I*4   HKSET               12  (3)
  7-0000000B  L*1   SPARFLAGS            1  (1)



RECORD ARRAYS

    Address   Name        Structure         Bytes  Dimensions

  8-00000000  HDB         HDBSTR             972  (3)
  9-00000000  HKEEP       HKEEP             3300  (3)
  5-0004D424  MASS_PHA    MA_PHA          137880  (3)
  5-0004BDA4  MASS_RATE   MA_RATE           5760  (3)
  5-00000000  SCI         CORE             22152  (3)
  5-00030F54  STICS_PHA   ST_PHA          110160  (3)
  5-00028DF4  STICS_RATE  ST_RATE          33120  (3)
  5-0000B2A4  SWICS_PHA   SW_PHA          121680  (3)
  5-00005E44  SWICS_RATE  SW_RATE          21600  (3)



LABELS

    Address   Label
                   
  3-00000000   200 

WIND_DPU_OFF                                                    23-FEB-1995 12:31:21    DEC Fortran V6.2-508                Page   5
1.0                             Symbol Table                     9-FEB-1995 20:43:32    SMS1:[WIND.SOFTWARE.LZ]WIND_DPU_OFF.FOR;5



  +---------------------------------------------------+
  |               KEY TO ADDRESS CODE FORMATS         |
  |   ppp-oooooooo  - In Psect ppp, Offset oooooooo   |
  |   ***-********  - External                        |
  |               # - Suffix: Also In Registers       |
  |   REG-rrrrrrrr  - In Register rrrrrrrr            |
  |   REG-########  - In Various Registers            |
  |        **       - Not Used; Not Allocated         |
  +---------------------------------------------------+


COMMAND QUALIFIERS

  /ALIGNMENT=(COMMONS=(PACKED,NOMULTILANGUAGE),RECORDS=PACKED)
  /ASSUME=(ACCURACY_SENSITIVE,BACKSLASH,NODUMMY_ALIASES,NOUNDERSCORE)
  /CHECK=(ASSERTIONS,BOUNDS,FORMAT,FP_EXCEPTIONS,OVERFLOW,ÿÿÿ°&¶
  /DEBUG=(NOSYMBOLS,TRACEBACK)
  /DESIGN=(NOCOMMENTS)
  /SHOW=(DICTIONARY,INCLUDE,MAP,PREPROCESSOR)
  /STANDARD=(NOSEMANTIC,NOSOURCE_FORM,NOSYNTAX)
  /WARNINGS=(NOALIGNMENT,NOARGUMENT_CHECKING,DECLARATIONS,GENERAL,NOTRUNCATED_SOURCE,UNCALLED,
             UNINITIALIZED,UNREACHABLE,UNUSED)
  /NOAUTOMATIC  /BLAS=NOMAPPED  /CONVERT=NATIVE  /NOCROSS_REFERENCE  /NOD_LINES  /ERROR_LIMIT=30  /EXTEND_SOURCE
  /NOPAD_SOURCE  /NOF77  /FLOAT=G_FLOAT  /IEEE_MODE=FAST  /ROUNDING_MODE=NEAREST
  /GRANULARITY=QUADWORD  /INSTRUCTION_SET=FLOATING  /INTEGER_SIZE=32  /NOMACHINE_CODE
  /MATH_LIBRARY=ACCURATE  /NAMES=UPPERCASE  /OPTIMIZE=(LEVEL=4,UNROLL=0)  /REAL_SIZE=32  /NORECURSIVE
  /NOSEPARATE_COMPILATION  /NOSYNCHRONOUS_EXCEPTIONS  /NOSYNTAX_ONLY  /TERMINAL=NOSTATISTICS  /NOTIE  /VMS
  /NOANALYSIS_DATA
  /NODIAGNOSTICS
  /INCLUDE=(.FOR,.f,FORT$INCLUDE:.FOR,FORT$INCLUDE:.f)
  /LIST=SMS1:[WIND.SOFTWARE.LZ.PRINTLZ]WIND_DPU_OFF.LIS;3
  /OBJECT=SMS1:[WIND.SOFTWARE.LZ.PRINTLZ]WIND_DPU_OFF.OBJ;3
  /NOLIBRARY
   sys$lib=SYS$COMMON:[SYSLIB]FORSYSDEF.TLB;1

COMPILER: DEC Fortran V6.2-508-274F

COMPILATION STATISTICS

  CPU time:          0.72 seconds
  Elapsed time:      2.44 seconds
  Pagefaults:         285
  I/O Count:           15
