  Errors found while generating the file : dif961201.dat                                                                             
   Run time  14:13:30   30-SEP-99
  DOY:HR:MN:SEC                  COMMENTS
  336:00:00:23   Invalid speed encountered =>      -2000.0
  336:00:00:26   Invalid speed encountered =>      -2000.0
  336:00:00:29   Invalid speed encountered =>      -2000.0
  336:00:00:32   Invalid speed encountered =>      -2000.0
  336:00:00:35   Invalid speed encountered =>      -2000.0
  336:00:00:38   Invalid speed encountered =>      -2000.0
  336:00:00:42   Invalid speed encountered =>      -2000.0
  336:00:00:45   Invalid speed encountered =>      -2000.0
  336:00:00:48   Invalid speed encountered =>      -2000.0
  336:00:00:51   Invalid speed encountered =>      -2000.0
  336:00:00:54   Invalid speed encountered =>      -2000.0
  336:00:00:57   Invalid speed encountered =>      -2000.0
  336:00:01:00   Invalid speed encountered =>      -2000.0
  336:00:01:03   Invalid speed encountered =>      -2000.0
  336:00:01:06   Invalid speed encountered =>      -2000.0
  336:00:01:09   Invalid speed encountered =>      -2000.0
  336:00:01:12   Invalid speed encountered =>      -2000.0
  336:00:01:15   Invalid speed encountered =>      -2000.0
  336:00:01:18   Invalid speed encountered =>      -2000.0
  336:00:01:21   Invalid speed encountered =>      -2000.0
  336:00:01:24   Invalid speed encountered =>      -2000.0
  336:00:01:28   Invalid speed encountered =>      -2000.0
  336:00:01:31   Invalid speed encountered =>      -2000.0
  336:00:01:34   Invalid speed encountered =>      -2000.0
  336:00:01:37   Invalid speed encountered =>      -2000.0
  336:00:01:40   Invalid speed encountered =>      -2000.0
  336:00:01:43   Invalid speed encountered =>      -2000.0
  336:00:01:46   Invalid speed encountered =>      -2000.0
  336:02:27:58   Sectors14+15  Basic Rate =      0.   Basic PHA =    1.
  336:03:03:47   Sectors14+15  Basic Rate =      0.   Basic PHA =    1.
  336:03:37:18   Sectors 0+ 1  Basic Rate =      2.   Basic PHA =    3.
  336:21:43:57   Invalid speed encountered =>      -2000.0
  336:23:46:46   Invalid speed encountered =>      -2000.0
 Total Bad HDBs =  0
 Total Invalid DVS =   0
 Total Bad Speeds =  30
 Total Bad Basic Rates =    3     Total Good Basic Rates =       3793
