 Errors found while generating the file : TREND_PHA_19960120_DVS.H   
   Run time  02:05:20   24-DEC-96
  DOY:HR:MN:SEC                  COMMENTS
  020:00:00:44   Invalid speed encountered:         0.0 +/-        0.0 km/s
                 Incomplete Science Record:  51 spins                                           
  020:00:00:47   Invalid speed encountered:         0.0 +/-        0.0 km/s
                 Incomplete Science Record:  51 spins                                           
  020:00:00:50   Invalid speed encountered:         0.0 +/-        0.0 km/s
                 Incomplete Science Record:  51 spins                                           
  020:00:00:53   Invalid speed encountered:         0.0 +/-        0.0 km/s
                 Incomplete Science Record:  51 spins                                           
  020:00:00:56   Invalid speed encountered:         0.0 +/-        0.0 km/s
                 Incomplete Science Record:  51 spins                                           
  020:00:01:00   Invalid speed encountered:         0.0 +/-        0.0 km/s
                 Incomplete Science Record:  51 spins                                           
  020:00:01:02   Invalid speed encountered:         0.0 +/-        0.0 km/s
                 Incomplete Science Record:  51 spins                                           
  020:00:01:06   Invalid speed encountered:         0.0 +/-        0.0 km/s
                 Incomplete Science Record:  51 spins                                           
  020:00:01:09   Invalid speed encountered:         0.0 +/-        0.0 km/s
                 Incomplete Science Record:  51 spins                                           
  020:00:01:12   Invalid speed encountered:         0.0 +/-        0.0 km/s
                 Incomplete Science Record:  51 spins                                           
  020:00:01:15   Invalid speed encountered:         0.0 +/-        0.0 km/s
                 Incomplete Science Record:  51 spins                                           
  020:00:01:18   Invalid speed encountered:         0.0 +/-        0.0 km/s
                 Incomplete Science Record:  51 spins                                           
  020:00:01:21   Invalid speed encountered:         0.0 +/-        0.0 km/s
                 Incomplete Science Record:  51 spins                                           
  020:00:01:24   Invalid speed encountered:         0.0 +/-        0.0 km/s
                 Incomplete Science Record:  51 spins                                           
  020:00:01:27   Invalid speed encountered:         0.0 +/-        0.0 km/s
                 Incomplete Science Record:  51 spins                                           
  020:00:01:30   Invalid speed encountered:         0.0 +/-        0.0 km/s
                 Incomplete Science Record:  51 spins                                           
  020:00:01:33   Invalid speed encountered:         0.0 +/-        0.0 km/s
                 Incomplete Science Record:  51 spins                                           
  020:00:01:36   Invalid speed encountered:         0.0 +/-        0.0 km/s
                 Incomplete Science Record:  51 spins                                           
  020:00:01:39   Invalid speed encountered:         0.0 +/-        0.0 km/s
                 Incomplete Science Record:  51 spins                                           
  020:00:01:42   Invalid speed encountered:         0.0 +/-        0.0 km/s
                 Incomplete Science Record:  51 spins                                           
  020:00:01:46   Invalid speed encountered:         0.0 +/-        0.0 km/s
                 Incomplete Science Record:  51 spins                                           
  020:00:01:48   Invalid speed encountered:         0.0 +/-        0.0 km/s
                 Incomplete Science Record:  51 spins                                           
  020:00:01:52   Invalid speed encountered:         0.0 +/-        0.0 km/s
                 Incomplete Science Record:  51 spins                                           
  020:00:01:55   Invalid speed encountered:         0.0 +/-        0.0 km/s
                 Incomplete Science Record:  51 spins                                           
  020:00:01:58   Invalid speed encountered:         0.0 +/-        0.0 km/s
                 Incomplete Science Record:  51 spins                                           
  020:00:02:01   Invalid speed encountered:         0.0 +/-        0.0 km/s
                 Incomplete Science Record:  51 spins                                           
  020:00:02:04   Invalid speed encountered:         0.0 +/-        0.0 km/s
                 Incomplete Science Record:  51 spins                                           
  020:00:02:07   Invalid speed encountered:         0.0 +/-        0.0 km/s
                 Incomplete Science Record:  51 spins                                           
  020:00:02:10   Invalid speed encountered:         0.0 +/-        0.0 km/s
                 Incomplete Science Record:  51 spins                                           
  020:00:02:13   Invalid speed encountered:         0.0 +/-        0.0 km/s
                 Incomplete Science Record:  51 spins                                           
  020:00:02:16   Invalid speed encountered:         0.0 +/-        0.0 km/s
                 Incomplete Science Record:  51 spins                                           
  020:00:02:19   Invalid speed encountered:         0.0 +/-        0.0 km/s
                 Incomplete Science Record:  51 spins                                           
  020:00:02:22   Invalid speed encountered:         0.0 +/-        0.0 km/s
                 Incomplete Science Record:  51 spins                                           
  020:00:02:25   Invalid speed encountered:         0.0 +/-        0.0 km/s
                 Incomplete Science Record:  51 spins                                           
  020:00:02:28   Invalid speed encountered:         0.0 +/-        0.0 km/s
                 Incomplete Science Record:  51 spins                                           
  020:00:02:32   Invalid speed encountered:         0.0 +/-        0.0 km/s
                 Incomplete Science Record:  51 spins                                           
  020:00:02:34   Invalid speed encountered:         0.0 +/-        0.0 km/s
                 Incomplete Science Record:  51 spins                                           
  020:00:02:38   Invalid speed encountered:         0.0 +/-        0.0 km/s
                 Incomplete Science Record:  51 spins                                           
  020:00:02:41   Invalid speed encountered:         0.0 +/-        0.0 km/s
                 Incomplete Science Record:  51 spins                                           
  020:00:02:44   Invalid speed encountered:         0.0 +/-        0.0 km/s
                 Incomplete Science Record:  51 spins                                           
  020:00:02:47   Invalid speed encountered:         0.0 +/-        0.0 km/s
                 Incomplete Science Record:  51 spins                                           
  020:00:02:50   Invalid speed encountered:         0.0 +/-        0.0 km/s
                 Incomplete Science Record:  51 spins                                           
  020:00:02:53   Invalid speed encountered:         0.0 +/-        0.0 km/s
                 Incomplete Science Record:  51 spins                                           
  020:00:02:56   Invalid speed encountered:         0.0 +/-        0.0 km/s
                 Incomplete Science Record:  51 spins                                           
  020:00:02:59   Invalid speed encountered:         0.0 +/-        0.0 km/s
                 Incomplete Science Record:  51 spins                                           
  020:00:03:02   Invalid speed encountered:         0.0 +/-        0.0 km/s
                 Incomplete Science Record:  51 spins                                           
  020:00:03:05   Invalid speed encountered:         0.0 +/-        0.0 km/s
                 Incomplete Science Record:  51 spins                                           
  020:00:03:08   Invalid speed encountered:         0.0 +/-        0.0 km/s
                 Incomplete Science Record:  51 spins                                           
  020:00:03:11   Invalid speed encountered:         0.0 +/-        0.0 km/s
                 Incomplete Science Record:  51 spins                                           
  020:00:03:14   Invalid speed encountered:         0.0 +/-        0.0 km/s
                 Incomplete Science Record:  51 spins                                           
  020:00:03:17   Invalid speed encountered:         0.0 +/-        0.0 km/s
                 Incomplete Science Record:  51 spins                                           
  020:00:21:44   Invalid speed encountered:         0.0 +/-        0.0 km/s
                 Incomplete Science Record:  55 spins                                           
  020:03:04:08   Sectors 8+ 9  Basic Rate =     15.   Basic PHA =     16.
  020:04:11:34   Sectors 2+ 3  Basic Rate =      8.   Basic PHA =      9.
  020:04:30:00   Invalid speed encountered:         0.0 +/-        0.0 km/s
                 Incomplete Science Record:  57 spins                                           
  020:04:57:35   Invalid speed encountered:         0.0 +/-        0.0 km/s
                 Incomplete Science Record:  59 spins                                           
  020:05:15:59   Invalid speed encountered:         0.0 +/-        0.0 km/s
                 Incomplete Science Record:  59 spins                                           
  020:05:25:07   Sectors 8+ 9  Basic Rate =      5.   Basic PHA =      6.
  020:06:14:13   Invalid speed encountered:         0.0 +/-        0.0 km/s
                 Incomplete Science Record:  59 spins                                           
  020:06:35:40   Invalid speed encountered:         0.0 +/-        0.0 km/s
                 Incomplete Science Record:  55 spins                                           
  020:08:38:16   Invalid speed encountered:         0.0 +/-        0.0 km/s
                 Incomplete Science Record:  55 spins                                           
  020:09:05:52   Invalid speed encountered:         0.0 +/-        0.0 km/s
                 MASS fsr2=0, no speed                                                          
  020:10:43:56   Invalid speed encountered:         0.0 +/-        0.0 km/s
                 Incomplete Science Record:  58 spins                                           
  020:11:29:55   Invalid speed encountered:         0.0 +/-        0.0 km/s
                 Incomplete Science Record:  59 spins                                           
  020:14:03:10   Invalid speed encountered:         0.0 +/-        0.0 km/s
                 Incomplete Science Record:  47 spins                                           
  020:19:40:20   Invalid speed encountered:       457.6 +/-        0.0 km/s
                                                                                                
  020:20:17:06   Invalid speed encountered:         0.0 +/-        0.0 km/s
                 Incomplete Science Record:  59 spins                                           
  020:20:41:38   Invalid speed encountered:         0.0 +/-        0.0 km/s
                 Incomplete Science Record:  59 spins                                           
  020:22:19:43   Invalid speed encountered:         0.0 +/-        0.0 km/s
                 Incomplete Science Record:  46 spins                                           
 Total Bad HDBs =  0
 Total Invalid DVS =   0
 Total Bad Speeds =  66
 Total Bad Basic Rates =    3     Total Good Basic Rates =       2966
