WSWICS_GET_HVEL                 Source Listing                  19-JAN-2000 14:58:30  Compaq Fortran V7.2-780           Page 1
                                                                19-JAN-2000 14:57:44  [WIND.SOFTWARE.SWICS]WSWICS_GET_HVEL.FOR;1

	      1         SUBROUTINE WSWICS_GET_HVEL(SWICS_RATE,SCI,HDB,     !input
	      2      .                                 VEL_ION,T4)         !output
	      3 C**************************************************************************
	      4 C       this subroutine finds the proton peak in the fsr rate and converts
	      5 C       the voltage step to velocity.
	      6 C       
	      7 C       cmsc, 3 Jan 1995
	      8 C
	      9 C       alteration:                                        Date:
	     10 C       Added He velocity and Tk.  This is gotten            6 Feb 1995
	     11 C       from the TCR which peaks at He.                       cmsc
	     12 C
	     13 C       change getting of three points.  Now use             19 Feb 1995
	     14 C       WSWICS_GET_HPEAK routine to find half max             cmsc
	     15 C       voltage steps for H and He and use those
	     16 C       plus peak (in distribution) for 3 points sent
	     17 C       to MFIT routine
	     18 C
	     19 C**************************************************************************
	     20 C                            *Declarations*
	     21         IMPLICIT NONE
	     22 C
	     23         INCLUDE 'INC_DIR:EDBDEF.INC/NOLIST'
	    561         INCLUDE 'INC_DIR:L1FMT.INC/NOLIST'
	    693         INCLUDE '($RMSDEF)'
	    694 C
	    695 !*** MODULE $RMSDEF ***
	    696 !DEC$ OPTIONS/ALIGN=(RECORDS=PACKED,COMMONS=PACKED)
	    697  ! 
	    698  !  This SDL File Generated by VAX-11 Message V04-00 on 29-NOV-1995 18:46:08.43
	    699  ! 
	    700  ! 	.TITLE	RMSMSG -RMS COMPLETION CODES
	    701  !  *************************************************************************
	    702  !  *                                                                       *
	    703  !  * COPYRIGHT (C) DIGITAL EQUIPMENT CORPORATION, 1976, 1977, 1978, 1979,  *
	    704  !  * 1980, 1981, 1982, 1983, 1984, 1985, 1986, 1987, 1988, 1989, 1990,     *
	    705  !  * 1991,1992                                                             *
	    706  !  * ALL RIGHTS RESERVED.                                                  *
	    707  !  * UNPUBLISHED RIGHTS RESERVED UNDER THE COPYRIGHT LAWS  OF  THE  UNITED *
	    708  !  * STATES.                                                               *
	    709  !  *                                                                       *
	    710  !  * THE SOFTWARE CONTAINED ON THIS MEDIA IS PROPRIETARY TO  AND  EMBODIES *
	    711  !  * THE   CONFIDENTIAL   TECHNOLOGY  OF  DIGITAL  EQUIPMENT  CORPORATION. *
	    712  !  * POSSESSION, USE, DUPLICATION OR DISSEMINATION  OF  THE  SOFTWARE  AND *
	    713  !  * MEDIA  IS  AUTHORIZED  ONLY  PURSUANT TO A VALID WRITTEN LICENSE FROM *
	    714  !  * DIGITAL EQUIPMENT CORPORATION.                                        *
	    715  !  *                                                                       *
	    716  !  * RESTRICTED RIGHTS LEGEND USE, DUPLICATION, OR DISCLOSURE BY THE  U.S. *
	    717  !  * GOVERNMENT  IS  SUBJECT  TO RESTRICTIONS AS SET FORTH IN SUBPARAGRAPH *
	    718  !  * (C)(1)(II) OF DFARS 252.227-7013, OR IN FAR 52.227-19, AS APPLICABLE. *
	    719  !  *                                                                       *
	    720  !  *************************************************************************
	    721  ! ++
	    722  !  FACILITY: RMS
	    723  ! 
	    724  !  ABSTRACT:
	    725  ! 

WSWICS_GET_HVEL                 Source Listing                  19-JAN-2000 14:58:30  Compaq Fortran V7.2-780           Page 2
                                                                19-JAN-2000 14:57:44  SYS$COMMON:[SYSLIB]FORSYSDEF.TLB;1($RMSDEF)

	    726  ! 	THIS MODULE DEFINES ALL RMS COMPLETION CODES.
	    727  ! 
	    728  !  ENVIRONMENT:
	    729  ! 
	    730  ! 	THE MESSAGE TRANSLATOR MUST BE USED TO CONVERT RMSMSG.MSG INTO
	    731  ! 	RMSMSG.SDL.  THE SDL TRANSLATOR MUST THEN BE USED TO CONVERT
	    732  ! 	RMSMSG.SDL INTO RMSMSG.MAR (AND RMSMSG.B32).
	    733  ! 
	    734  !  AUTHOR: LEO F. LAVERDURE,	CREATION DATE:  10-DEC-1976
	    735  ! 
	    736  !  MODIFIED BY:
	    737  ! 
	    738  ! 	X-7	EMW	    ELINOR M. WOODS	       10-AUG-1994
	    739  ! 		MERGE IN OPENVMS VAX DRAGON CHANGE:
	    740  ! 
	    741  ! 		X-13  EMW0023	ELINOR M. WOODS		04-AUG-1994
	    742  ! 		RMS$_KRF CAN BE RETURNED BY $CONNECT OR $REWIND, AS
	    743  ! 		WELL AS $GET/$FIND.  MAKE TEXT ASSOCIATED WITH KRF
	    744  ! 		STATUS MORE GENERIC BY REMOVING "for $GET/$FIND."
	    745  ! 
	    746  !        X-6     EMW		ELINOR M. WOODS		30-JUN-1994
	    747  ! 		MERGE IN OPENVMS VAX DRAGON CHANGE:
	    748  ! 
	    749  ! 		X-12   EMW0026   ELINOR M. WOODS	15-JUN-1994
	    750  ! 		ADD ONE NEW USER-REPORTABLE STATUS:  NXR 
	    751  ! 		<nonexistent record>.  THIS STATUS VALUE IS USED 
	    752  ! 		AS AN STV ASSOCIATED WITH RNF STATUS (STS), AND IS
	    753  ! 		REPORTED FOR AN EXACT KEY MATCH OF A SECONDARY KEY
	    754  ! 		IF THE SECONDARY KEY ENTRY POINTS TO A NONEXISTENT
	    755  ! 		PRIMARY DATA RECORD IN DISK FILE.  NOTE:  RNF ERROR 
	    756  ! 		STATUS PRE-EXISTED AS ERROR CODE WITHOUT STV.
	    757  ! 
	    758  !                DEE RYAN                                30-SEP-1993
	    759  !                CORRECTED USE OF DIGITAL PRODUCT NAMES.
	    760  ! 
	    761  ! 	X-5	EMW		ELINOR M. WOODS		28-SEP-1993
	    762  ! 		MERGE IN OPENVMS VAX CORAL FIX:
	    763  ! 
	    764  ! 		X-10	EMW0019  ELINOR M. WOODS  	21-SEP-1993
	    765  ! 		ADD ONE NEW USER-REPORTABLE ERROR STATUS (WITH AN
	    766  ! 		ASSOCIATED STV): NETBTS.  RELOCATE NEW IDXSEARCH STATUS
	    767  ! 		(SEE X-9) FROM "ERROR with STV" SECTION TO "ERROR WITHOUT 
	    768  ! 		STV" section.  Expand "WITH STV' AND "without STV"
	    769  ! 		COMMENTS TO CLARIFY DIFFERENCE BETWEEN TWO.
	    770  ! 
	    771  ! 	X-4	EMW0016		ELINOR M. WOODS		10-AUG-1993
	    772  ! 		MERGE IN CORAL FIX:
	    773  ! 
	    774  ! 		MODIFY SEVERITY OF TWO DTF ERROR CODES (DTFACC AND
	    775  ! 		DTFCRE) FROM FATAL TO ERROR, AS REQUESTED BY SNA/DTF
	    776  ! 		FACILITY.		
	    777  ! 
	    778  ! 		ALSO MOVE NEW IDXSEARCH STATUS FROM ERROR WITH NO 
	    779  ! 		STV GROUPING TO ERROR WITH STV GROUPING.
	    780  ! 
	    781  ! 	X-3	EMW0010		ELINOR M. WOODS		02-JUL-1993
	    782  ! 		TO SUPPORT NEW KEY-LESS-THAN FUNCTIONALITY, ADDITION 

WSWICS_GET_HVEL                 Source Listing                  19-JAN-2000 14:58:30  Compaq Fortran V7.2-780           Page 3
                                                                17-APR-1996 15:11:37  SYS$COMMON:[SYSLIB]FORSYSDEF.TLB;1($RMSDEF)

	    783  ! 		OF ONE USER-REPORTABLE ERROR STATUS:  IDXSEARCH, AND
	    784  ! 		TWO NEW RMS-INTERNAL ERROR STATUSES:  LSCAN AND 
	    785  ! 		ROOTSRCH.		
	    786  ! 
	    787  ! 	X-2	CW0019		CHRIS WHITAKER		11-NOV-1992
	    788  ! 		MERGE IN OPENVMS VAX V6.0 CHANGES
	    789  ! 
	    790  ! 		X-8	JM0012	JOHN MUNZER		11-NOV-1992
	    791  ! 		CHANGE TEXT FOR RMS$_LNE.
	    792  ! 
	    793  ! 		X-7	JM0006	JOHN MUNZER		17-APR-1992
	    794  ! 		ADD !XL PARAMETER TO RMS$_BUG TO REPORT R2.
	    795  ! 
	    796  ! 	X-1	RAB		RICHARD A. BISHOP	24-JUN-1991
	    797  ! 		MOVED TO [STARLET] FACILITY
	    798  ! 
	    799  ! 	==================================
	    800  ! 	OLD AUDIT TRAIL FOLLOWS:
	    801  ! 
	    802  ! 	X-33	LSS0154		LEONARD S. SZUBOWICZ	 4-APR-1990
	    803  ! 		ALTER TEXT AND FAO PARAMETERS OF RMS$_RUH AND RMS$_BUG
	    804  ! 		CONDITION VALUES FOR RMS/DDTM SUPPORT.
	    805  ! 
	    806  ! 	X-32	PJH		PAUL J. HOULIHAN	17-JAN-1990
	    807  ! 		CHANGE TEXT FOR RMS$_INCOMPSHR ERROR MESSAGE.
	    808  ! 
	    809  ! 	X-31	LSS0130		LEONARD S. SZUBOWICZ	12-OCT-1989
	    810  ! 		MERGE OF RMS/DDTM GENERATION X-30D2.
	    811  ! 		ADD GENERAL DDTM_ERR ERROR MESSAGE FOR DDTM SERVICE FAILURES;
	    812  ! 		STV WILL CONTAIN THE FAILING SYSTEM SERVICE CONDITION VALUE.
	    813  ! 
	    814  ! 	X-30	LSS0080		LEONARD S. SZUBOWICZ	06-OCT-1988
	    815  ! 		ADD RMS$_OK_ACT MESSAGE FOR USE BY FUTURE WORK TO $DISPLAY.
	    816  ! 		THIS IS PART OF LATENT SUPPORT FOR RMS/DDTM.
	    817  ! 
	    818  ! 	X-29	GJA0080		GARY J. ALLISON		06-JUN-1988
	    819  ! 		CHANGE TEXT OF SEMANTICS MESSAGE.
	    820  ! 
	    821  ! 	X-28	GJA0072		GARY J. ALLISON		02-MAR-1988
	    822  ! 		ADD EXT_ERR, OPNOTSUP, EXTNOTFOU, AND SEMANTICS MESSAGES.
	    823  ! 
	    824  ! 	X-27	PMV0072		PETER M. VATNE		08-OCT-1987
	    825  ! 		CHANGE RMS$_NOJNLLIC TO RMS$_JNLNOTAUTH.
	    826  ! 
	    827  !  	X-26	LSS0057		LEONARD S. SZUBOWICZ	15-SEP-1987
	    828  ! 		CHANGE TEXT FOR THE RMS$_OK_DUP STATUS SUCH THAT THE MESSAGE
	    829  ! 		IS APPLICABLE TO $GET AS WELL AS $PUT.
	    830  ! 
	    831  ! 	X-25	PMV0068		PETER M. VATNE		11-SEP-1987
	    832  ! 		ADD RMS$_NOJNLLIC, NO RMS JOURNALING LICENSE, FOR LMF.
	    833  ! 
	    834  ! 	X-24	RNM0026		RUSSELL N. MURRAY	15-AUG-1987
	    835  ! 		ADD RMS$_SYNCH MESSAGE FOR NOTIFICATION OF SYNCHRONOUS
	    836  ! 		COMPLETION.
	    837  ! 
	    838  ! 	X-23	JEJ0479		JAMES E JOHNSON		13-AUG-1987
	    839  ! 		ADD RMS$_IVATRACE MESSAGE.

WSWICS_GET_HVEL                 Source Listing                  19-JAN-2000 14:58:30  Compaq Fortran V7.2-780           Page 4
                                                                17-APR-1996 15:11:37  SYS$COMMON:[SYSLIB]FORSYSDEF.TLB;1($RMSDEF)

	    840  ! 
	    841  ! 	X-22	PMV0061		PETER M. VATNE		03-AUG-1987
	    842  ! 		CHANGE RESERVED MESSAGE RMS$_BUG_XX5 TO RMS$_BUG_RU_COMMIT_FAIL
	    843  ! 		TO CORRESPOND TO POSITIVE RMS BUGCHECK FTL$_RU_COMMIT_FAIL.
	    844  ! 
	    845  !  	X-21	LSS0042		LEONARD S. SZUBOWICZ	13-MAY-1987
	    846  ! 		CHANGE RESERVED MESSAGE RMS$_BUG_XX4 TO RMS$_BUG_RU_ABORT_FAIL
	    847  ! 		TO CORRESPOND TO POSITIVE RMS BUGCHECK FTL$_RU_ABORT_FAIL
	    848  ! 	
	    849  ! 	X-20	SAD0034		STUART A. DAVIDSON	12-MAR-1987 
	    850  ! 		DROP QUOTES FROM SNADTF MESSAGE TEXT.
	    851  ! 
	    852  ! 	X-19	PJH		PAUL J. HOULIHAN	19-JAN-1987
	    853  ! 		MERGE IN 17J1.
	    854  ! 
	    855  ! 		X-17J1	PJH		PAUL J. HOULIHAN	15-JAN-1987
	    856  ! 			FIX SEVERAL SMALL JNL PROBLEMS.
	    857  ! 			ADD RMS$_BUG_FLUSH_JNL_FAILED CODE.
	    858  ! 
	    859  ! 	X-18	KPS0148		KENNETH P. SIEGEL	04-DEC-1986
	    860  ! 		ADDED SNPPF (STATISTICS MONITORING NOT SUPPORTED FOR
	    861  ! 		PROCESS PERMANENT FILES) ERROR MESSAGE.
	    862  ! 
	    863  ! 	X-17	PMV0025		PETER M. VATNE		24-NOV-1986
	    864  ! 		ADD NEW MESSAGE, RMS$_NOTSAMEJNL.  THIS STATUS IS
	    865  ! 		USED TO RESTRICT AI/BI WITH RU JOURNALING TO A
	    866  ! 		SINGLE LONG-TERM JOURNAL FILE.
	    867  ! 
	    868  ! 	X-16	DAS		DAVID A. SOLOMON	18-NOV-1986
	    869  ! 		ADD NEW MESSAGE, RMS$_DELJNS. REMOVE RMS$_XCR (BY REPLACING IT
	    870  ! 		WITH A PLACEHOLDER), AS JOURNALING BITS ARE NO LONGER
	    871  ! 		SPECIFIED IN THE $XABJNL. SLIGHT WORDING CHANGE ON DETACHED
	    872  ! 		RU RECOVERY ERROR MESSAGES.
	    873  ! 
	    874  ! 	X-15	DAS		DAVID A. SOLOMON	12-NOV-1986
	    875  ! 		FIX ERROR IN X-5/X-6: JOURNALING VARIANT NOT MERGED
	    876  ! 		CORRECTLY, RESULTING IN SEVERAL JOURNALING MESSAGES NUMBERS
	    877  ! 		BEING DIFFERENT IN THE MAININE THAN WHAT THEY WERE ON THE
	    878  ! 		JOURNALING VARIANT. ALSO, MOVE NEW SNADTF MESSAGES TO RE-USE
	    879  ! 		AVAILABLE UNUSED MESSAGE NUMBERS, INSTEAD OF GENERATING NEW
	    880  ! 		ONES. FINALLY, CHANGE RMS$_BUG_ABORT TO RMS$_BUG_RU_ACTIVE.
	    881  ! 
	    882  ! 	X-14	SAD0014		STUART A. DAVIDSON	 4-NOV-1986
	    883  ! 		SNADTF - FIX TYPO IN DTFACC, DTFCRE
	    884  ! 
	    885  ! 	X-13	SAD0014		STUART A. DAVIDSON	 3-NOV-1986
	    886  ! 		SNADTF - FIX TYPO, ADD 2 ADDITIONAL MESSAGES.
	    887  ! 
	    888  ! 	X-12	JEJ0377		JAMES E JOHNSON		29-OCT-1986
	    889  ! 		ADD NOEXTEND ERROR CODE TO FLAG FAILED RELATIVE FILE
	    890  ! 		EXTENDS DUE TO PREVIOUS FAILURES.
	    891  ! 
	    892  ! 	X-11	KPS0131		KENNETH P. SIEGEL	25-OCT-1986
	    893  ! 		ADDED SNS ERROR CODE FOR STATISTICS NOT SUPPORT ON
	    894  ! 		NON-DISK DEVICES.
	    895  ! 
	    896  ! 	X-10	SAD009		STUART A. DAVIDSON	06-OCT-1986

WSWICS_GET_HVEL                 Source Listing                  19-JAN-2000 14:58:30  Compaq Fortran V7.2-780           Page 5
                                                                17-APR-1996 15:11:37  SYS$COMMON:[SYSLIB]FORSYSDEF.TLB;1($RMSDEF)

	    897  ! 		ADD COMPLETION CODES FOR SNADTF (IBM DATA XFER)
	    898  ! 
	    899  ! 	X-9	GJA0003		GARY J. ALLISON		29-SEP-1986
	    900  ! 		ADD DETACHED RECOVERY ERROR MESSAGES
	    901  ! 
	    902  ! 	X-8	PMV0008		PETER M. VATNE		24-SEP-1986
	    903  ! 		MODIFY RMS$_ACC_AIJ, RMS$_ACC_BIJ, AND RMS$_ACC_ATJ
	    904  ! 		TO ALSO OUTPUT THE STV.
	    905  ! 
	    906  ! 	X-7	JWT0243		JIM TEAGUE		 2-SEP-1986
	    907  ! 		ADD NEW ERRORS FOR COLLATED KEYS.
	    908  ! 
	    909  ! 	X-6	GJA		GARY J. ALLISON		29-JUL-1986
	    910  ! 		REMOVE DUPS FROM JNL MERGE.
	    911  ! 
	    912  ! 	X-5	GJA		GARY J. ALLISON		29-JUL-1986
	    913  ! 		MERGE JOURNALING INTO MAINLINE
	    914  ! 
	    915  ! 		X-3J6	DAS		DAVID A. SOLOMON	14-APR-1986
	    916  ! 			REMOVE RMS$_RUH_FILE (USING A GENERAL RUF MESSAGE INSTEAD).
	    917  ! 			CHANGE RMS$_RUH TEXT TO NOT HAVE FAO PARAMETERS. ADD
	    918  ! 			RMS$_BUG_RURECERR.
	    919  ! 	
	    920  ! 		X-3J5	JEJ0302		JAMES E JOHNSON		 4-APR-1986
	    921  ! 			ADD RMS$_RRF (ERROR DURING RU RECOVERY) AND
	    922  ! 			RMS$_RUH/RMS$_RUH_FILE (USED TO FORM TEXT OF RU HANDLER ERRORS
	    923  ! 			SENT TO OPCOM).
	    924  ! 	
	    925  ! 		X-3J4	JEJ0272		JAMES E JOHNSON		11-FEB-1986
	    926  ! 			ADD RMS$_RUF, RMS$_BUG_ABORT CODES.
	    927  ! 	
	    928  ! 		X-3J3	JEJ0237		JAMES E JOHNSON		16-DEC-1985
	    929  ! 			ADD RMS$_RUNDOWN CODE
	    930  ! 	
	    931  ! 		X-3J2	JEJ0205		JAMES E JOHNSON		25-OCT-1985
	    932  ! 			ADD JOURNAL SPECIFIC WRTJNL_XXJ ERROR CODES TO REPLACE
	    933  ! 			THE GENERIC ERRWRTJNL CODE.
	    934  ! 
	    935  ! 	X-4	JEJ0216		JAMES E JOHNSON		18-NOV-1985
	    936  ! 		MERGE X-3J2 INTO MAIN LINE FOR V4.4.
	    937  ! 
	    938  ! 		X-3J2	JEJ0205		JAMES E JOHNSON		25-OCT-1985
	    939  ! 			ADD JOURNAL SPECIFIC WRTJNL_XXJ ERROR CODES TO REPLACE
	    940  ! 			THE GENERIC ERRWRTJNL CODE.
	    941  ! 
	    942  ! 	X-3	JEJ0161		JAMES E JOHNSON		 9-SEP-1985
	    943  ! 		UPDATE RMS JOURNALING MESSAGES.
	    944  ! 
	    945  ! 	X-2	JWT0212		JIM TEAGUE		 4-SEP-1985
	    946  ! 		ADD (WHAT IS FOR NOW) AN INTERNAL STATUS CODE TO 
	    947  ! 		DIFFERENTIATE BETWEEN FINDING A DELETED RECORD (DEL)
	    948  ! 		AND FINDING IT BUT WITH A DIFFERENT KEY (KEY_MISMATCH).
	    949  ! 		
	    950  ! 	V03-024	RAS0314		RON SCHAEFER		21-JUN-1984
	    951  ! 		WORK OVER THE MESSAGES ONE MORE TIME:  FIX TYPO IN OK_RNF,
	    952  ! 		DELETE ACPEOF ERROR, DELETE WSF ERROR.
	    953  ! 

WSWICS_GET_HVEL                 Source Listing                  19-JAN-2000 14:58:30  Compaq Fortran V7.2-780           Page 6
                                                                17-APR-1996 15:11:37  SYS$COMMON:[SYSLIB]FORSYSDEF.TLB;1($RMSDEF)

	    954  ! 	V03-023	RAS0282		RON SCHAEFER		28-MAR-1984
	    955  ! 		MINOR TEXT CHANGES AND COMMENTS ADDED.
	    956  ! 		DELETE RMS$_COP ERROR.
	    957  ! 
	    958  ! 	V03-022	DAS0005		DAVID SOLOMON		19-MAR-1984
	    959  ! 		REMOVE RMS$_ECHO (NO LONGER NEEDED AS A RESULT OF NEW
	    960  ! 		IMPLEMENTATION FOR ECHO SYS$INPUT -> SYS$OUTPUT).
	    961  ! 
	    962  ! 	V03-021	JWT0150		JIM TEAGUE		01-FEB-1984
	    963  ! 		ADD RMS$_IFF FOR TRYING TO WRITE-ACCESS A FILE ON 
	    964  ! 		MAGTAPE THAT HAS NON-0 VALUE FOR ANSI BUFFER OFFSET.
	    965  ! 
	    966  ! 	V03-020	RAS0233		RON SCHAEFER		 9-JAN-1984
	    967  ! 		ADD RMS$_NOVALPRS ERROR FOR $SEARCH NOT PRECEDED BY
	    968  ! 		VALID $PARSE.
	    969  ! 
	    970  ! 	V03-019	JWT0148		JIM TEAGUE		20-DEC-1983
	    971  ! 		ADD A JNL XAB ERROR FOR CONFLICTING RU ATTRIBUTES
	    972  ! 		ON $CREATE: RMS$_XCR.
	    973  ! 
	    974  ! 	V03-018	RAS0171		RON SCHAEFER		28-JUL-1983
	    975  ! 		ADD RMS$_BUSY; A STRUCTURE-LESS ERROR (R0-ONLY STATUS)
	    976  ! 		REPLACING TEMP3.
	    977  ! 
	    978  ! 	V03-017	DAS0004		DAVID SOLOMON		28-JUN-1983
	    979  ! 		ADD RMS$_FILEPURGED; ADD RMS$_ACPEOF FOR ZALEWSKI.
	    980  ! 
	    981  ! 	V03-016	KPL0007		PETER LIEBERWIRTH	 8-JUN-1983
	    982  ! 		FIX SPELLING IN JNL ERROR MESSAGES, ADD CJF ERROR WHICH
	    983  ! 		WILL SOON SUBSUME COP AND CQE.
	    984  ! 
	    985  ! 	V03-015	DAS0003		DAVID SOLOMON		18-FEB-1983
	    986  ! 		ADD XNF (REPLACING TEMP9), TMR (NEW), LWC (NEW).
	    987  ! 
	    988  ! 	V03-014	KBT0497		KEITH B. THOMPSON	18-FEB-1983
	    989  ! 		ADD INCOMPSHR ERROR (REUSE OF TEMP1 SLOT)
	    990  ! 
	    991  ! 	V03-013	RAS0120		RON SCHAEFER		 2-FEB-1983
	    992  ! 		ADD ECHO PSEUDO-STATUS TO SUPPORT ECHO OF SYS$INPUT
	    993  ! 		TO SYS$OUTPUT.
	    994  ! 
	    995  ! 	V03-012	JWH0174		JEFFRY W. HORN		24-JAN-1983
	    996  ! 		ADD CQE AND COP ERRORS.
	    997  ! 
	    998  ! 	V03-011	KPL0006		PETER LIEBERWIRTH	 7-JAN-1983
	    999  ! 		ADD OK_RULK FOR RECOVERY UNIT SUPPORT.
	   1000  ! 
	   1001  ! 		ADD REENT ERROR FOR $RENAME.
	   1002  ! 		
	   1003  ! 	V03-009	JWH0153		JEFFREY W. HORN		 8-DEC-1982
	   1004  ! 		ADD NRU ERROR.
	   1005  ! 
	   1006  ! 	V03-008	JWH0152		JEFFREY W. HORN		 8-DEC-1982
	   1007  ! 		ADD JNS ERROR.
	   1008  ! 
	   1009  ! 	V03-007 MCN0002		MARIA DEL C. NASR	15-NOV-1982
	   1010  ! 		REPLACE ORD ERROR CODE ELIMINATED BY MCN0001, SINCE

WSWICS_GET_HVEL                 Source Listing                  19-JAN-2000 14:58:30  Compaq Fortran V7.2-780           Page 7
                                                                17-APR-1996 15:11:37  SYS$COMMON:[SYSLIB]FORSYSDEF.TLB;1($RMSDEF)

	   1011  ! 		THE NETWORK CODE REFERENCES IT.
	   1012  ! 
	   1013  ! 	V03-006 MCN0001		MARIA DEL C. NASR	26-OCT-1982
	   1014  ! 		PRINT KEY OF REFERENCE OR AREA IDENTIFICATION NUMBER
	   1015  ! 		INSTEAD OF XAB ADDRESS FOR ERRORS RETURNED DURING
	   1016  ! 		INDEXED FILE CREATION.  ALSO RENAME ALL UNUSED ERROR
	   1017  ! 		CODES TO TEMP.
	   1018  ! 
	   1019  ! 	V03-005	JWH0102		JEFFREY W. HORN		24-SEP-1982
	   1020  ! 		ADD RUP ERROR.
	   1021  ! 
	   1022  ! 	V03-004	RAS0095		RON SCHAEFER		 7-SEP-1982
	   1023  ! 		ADD OVRDSKQUOTA ERROR.
	   1024  ! 
	   1025  ! 	V03-002	JWH0002		JEFFREY W. HORN		26-JUL-1982
	   1026  ! 		CONVERT TO .MSG FORMAT.   ADD RUM ERROR.
	   1027  ! 
	   1028  ! 	V03-001	JWH0001		JEFFREY W. HORN		20-JUL-1982
	   1029  ! 		ADD JNF, JOP, AND NOJ ERRORS.
	   1030  ! 
	   1031  ! 	V02-042	KPL0005		PETER LIEBERWIRTH	 4-FEB-1982
	   1032  ! 		ADD ERROR MESSAGES RMS$_EXENQLM AND RMS$_DEADLOCK
	   1033  ! 		CORRECTLY.
	   1034  ! 
	   1035  ! 	V02-041	CDS0001		C D SAETHER	24-JAN-1982
	   1036  ! 		ADD GBC AND CRMP ERRORS.
	   1037  ! 
	   1038  ! 	V02-040	JAK0069		J A KRYCKA	15-JAN-1982
	   1039  ! 		ADD SUPPORT AND NETFAIL ERROR CODES.
	   1040  ! 
	   1041  ! 	V02-039	JAK0068		J A KRYCKA	31-DEC-1981
	   1042  ! 		MODIFY TEXT FOR SUP, NET, BUG_DAP, AND ENV ERROR MESSAGES.
	   1043  ! 
	   1044  ! 	V02-038 LJA0001		LAURIE ANDERSON 20-DEC-1981
	   1045  ! 		MODIFIED SOME MESSAGES TO READ BETTER.
	   1046  ! 
	   1047  ! 	V02-037	JAK0063		J A KRYCKA	31-AUG-1981
	   1048  ! 		ADD CRE_STM SUCCESS CODE.
	   1049  ! 
	   1050  ! 	V02-036	KPL0004		PETER LIEBERWIRTH	13-JAN-1981
	   1051  ! 		ADD ENQ SEVERE ERROR MESSAGE, TO INDICATE $ENQ/$DEQ FAILURE.
	   1052  ! 		ALSO ADD SUCCESS CODES OK_RRL, AND OK_WAT.
	   1053  ! 
	   1054  ! 	V02-035	REFORMAT	J A KRYCKA	30-JUL-1980
	   1055  ! 
	   1056  ! --
	   1057 	PARAMETER RMS$_FACILITY = '00000001'X
	   1058 	PARAMETER RMS$V_STVSTATUS = '0000000E'X	 !  MOVE TO BIT 14 OF THE
	   1059  !  STATUS CODE IT INDICATES
	   1060  !  THAT STV CONTAINS A SECONDARY
	   1061  !  STATUS CODE.
	   1062 	PARAMETER RMS$_SUC = '00010001'X
	   1063 	PARAMETER RMS$_NORMAL = '00010001'X
	   1064  ! +
	   1065  ! 
	   1066  ! 	SUCCESS CODES
	   1067  ! 

WSWICS_GET_HVEL                 Source Listing                  19-JAN-2000 14:58:30  Compaq Fortran V7.2-780           Page 8
                                                                17-APR-1996 15:11:37  SYS$COMMON:[SYSLIB]FORSYSDEF.TLB;1($RMSDEF)

	   1068  ! -
	   1069  !  BIT 16 = BIT 15 = 1
	   1070 	PARAMETER RMS$_STALL = '00018001'X
	   1071  !  (NOTE: USER NEVER RECEIVES THIS CODE)
	   1072 	PARAMETER RMS$_PENDING = '00018009'X
	   1073 	PARAMETER RMS$_OK_DUP = '00018011'X
	   1074 	PARAMETER RMS$_OK_IDX = '00018019'X
	   1075  !   (RECORD HAS BEEN INSERTED, BUT INDEX STRUCTURE IS NO LONGER
	   1076  !   OPTIMAL.)
	   1077 	PARAMETER RMS$_OK_RLK = '00018021'X
	   1078  !  (BECAUSE LOCKER SET RLK IN ROP FIELD WHEN RECORD WAS LOCKED.)
	   1079 	PARAMETER RMS$_OK_RRL = '00018029'X
	   1080  !  (BECAUSE READER SET RRL IN ROP FIELD WHEN ACCESSING RECORD.)
	   1081  !  (THIS CODE USED TO BE OK_RRV)
	   1082  ! OK_RRV	;MSG <record was inserted successfully in primary>
	   1083  !   (BUT IT MAY NOT BE ACCESSIBLE VIA ONE-OR-MORE SECONDARY KEYS,
	   1084  !   AND NOT BY RFA ADDRESSING. FILE RE-ORGANIZATION RECOMMENDED!)
	   1085 	PARAMETER RMS$_KFF = '00018031'X
	   1086 	PARAMETER RMS$_OK_ALK = '00018039'X
	   1087 	PARAMETER RMS$_OK_DEL = '00018041'X
	   1088 	PARAMETER RMS$_OK_RNF = '00018049'X
	   1089 	PARAMETER RMS$_OK_LIM = '00018051'X
	   1090 	PARAMETER RMS$_OK_NOP = '00018059'X
	   1091 	PARAMETER RMS$_OK_WAT = '00018061'X
	   1092  !  (BECAUSE WAT BIT IN ROP WAS SET AND RECORD WAS ALREADY
	   1093  !  LOCKED.)
	   1094 	PARAMETER RMS$_CRE_STM = '00018069'X
	   1095 	PARAMETER RMS$_OK_RULK = '00018071'X
	   1096 	PARAMETER RMS$_SYNCH = '00018079'X
	   1097 	PARAMETER RMS$_OK_ACT = '00018081'X
	   1098 	PARAMETER RMS$_OK_NOCURTID = '00018089'X
	   1099  ! +
	   1100  ! 
	   1101  ! 	SUCCESS CODES PASSED THRU FROM DRIVERS AND ACP -	BIT 15 = 0
	   1102  ! 
	   1103  ! -
	   1104 	PARAMETER RMS$_CONTROLC = '00010651'X	 !  TERMINAL I/O ABORTED DUE TO CTRL/C
	   1105 	PARAMETER RMS$_CONTROLO = '00010609'X
	   1106  !  TERMINAL I/O ABORTED DUE TO CTRL/O
	   1107 	PARAMETER RMS$_CONTROLY = '00010611'X
	   1108  !  TERMINAL I/O ABORTED DUE TO CTRL/Y
	   1109 	PARAMETER RMS$_CREATED = '00010619'X
	   1110  !  FILE WAS CREATED, NOT OPENED
	   1111 	PARAMETER RMS$_SUPERSEDE = '00010631'X
	   1112  !  CREATED FILE SUPERSEDED EXISTING VERSION
	   1113 	PARAMETER RMS$_OVRDSKQUOTA = '00010669'X
	   1114  !  DISK USAGE EXCEEDS DISK QUOTA
	   1115 	PARAMETER RMS$_FILEPURGED = '00010679'X
	   1116  !  CREATE FILE CAUSED OLDEST FILE
	   1117  !  VERSION TO BE PURGED
	   1118  ! +
	   1119  ! 
	   1120  ! 	WARNING CODES
	   1121  ! 
	   1122  ! -
	   1123  !  BIT 16 = BIT 15 = 1, BIT 14 = 0
	   1124 	PARAMETER RMS$_BOF = '00018198'X

WSWICS_GET_HVEL                 Source Listing                  19-JAN-2000 14:58:30  Compaq Fortran V7.2-780           Page 9
                                                                17-APR-1996 15:11:37  SYS$COMMON:[SYSLIB]FORSYSDEF.TLB;1($RMSDEF)

	   1125 	PARAMETER RMS$_RNL = '000181A0'X
	   1126 	PARAMETER RMS$_RTB = '000181A8'X
	   1127 	PARAMETER RMS$_TMO = '000181B0'X
	   1128 	PARAMETER RMS$_TNS = '000181B8'X
	   1129 	PARAMETER RMS$_BES = '000181C0'X
	   1130 	PARAMETER RMS$_PES = '000181C8'X
	   1131  ! +
	   1132  ! 
	   1133  ! 	ERROR CODES - WITHOUT STV (THAT IS, STV MAY BE USED BUT NO ASSOCIATED
	   1134  ! 		      CONDITION CODE IS IN STV)
	   1135  ! 
	   1136  ! -
	   1137  !  BIT 16 = BIT 15 = 1, BIT 14 = 0
	   1138 	PARAMETER RMS$_ACT = '0001825A'X
	   1139 	PARAMETER RMS$_DEL = '00018262'X
	   1140 	PARAMETER RMS$_INCOMPSHR = '0001826A'X
	   1141 	PARAMETER RMS$_DNR = '00018272'X
	   1142 	PARAMETER RMS$_EOF = '0001827A'X
	   1143 	PARAMETER RMS$_FEX = '00018282'X
	   1144 	PARAMETER RMS$_FLK = '0001828A'X
	   1145 	PARAMETER RMS$_FNF = '00018292'X
	   1146 	PARAMETER RMS$_PRV = '0001829A'X
	   1147 	PARAMETER RMS$_REX = '000182A2'X
	   1148 	PARAMETER RMS$_RLK = '000182AA'X
	   1149 	PARAMETER RMS$_RNF = '000182B2'X
	   1150  !   (RECORD NEVER WAS IN FILE, OR HAS BEEN DELETED.)
	   1151 	PARAMETER RMS$_WLK = '000182BA'X
	   1152 	PARAMETER RMS$_EXP = '000182C2'X
	   1153 	PARAMETER RMS$_NMF = '000182CA'X
	   1154 	PARAMETER RMS$_SUP = '000182D2'X
	   1155  !  (NOTE THAT SUPPORT HAS REPLACED SUP EXCEPT WHEN RMS CANNOT
	   1156  !  MAP THE DAP STATUS CODE INTO A FAL STATUS CODE.)
	   1157  !  (NOTE ALSO THAT SUP SHOULD HAVE BEEN DEFINED AS A SEVERE
	   1158  !  ERROR CODE. HOWEVER, SUPPORT IS A SEVERE ERROR CODE.)
	   1159 	PARAMETER RMS$_RSA = '000182DA'X
	   1160 	PARAMETER RMS$_CRC = '000182E2'X
	   1161 	PARAMETER RMS$_WCC = '000182EA'X
	   1162 	PARAMETER RMS$_IDR = '000182F2'X
	   1163 	PARAMETER RMS$_LWC = '000182FA'X
	   1164 	PARAMETER RMS$_UNUSED1 = '00018302'X
	   1165 	PARAMETER RMS$_NOVALPRS = '0001830A'X
	   1166 	PARAMETER RMS$_KEY_MISMATCH = '00018312'X
	   1167 	PARAMETER RMS$_RUH = '0001831A'X
	   1168 	PARAMETER RMS$_JND = '00018322'X
	   1169 	PARAMETER RMS$_BADPHASE = '0001832A'X
	   1170 	PARAMETER RMS$_TOWDR = '00018332'X
	   1171 	PARAMETER RMS$_NEXDR = '0001833A'X
	   1172 	PARAMETER RMS$_INVDRMSG = '00018342'X
	   1173 	PARAMETER RMS$_RU_ACTIVE = '0001834A'X
	   1174 	PARAMETER RMS$_UNKRUFAC = '00018352'X
	   1175 	PARAMETER RMS$_LIMBO = '0001835A'X
	   1176 	PARAMETER RMS$_IVATRACE = '00018362'X
	   1177 	PARAMETER RMS$_OPNOTSUP = '0001836A'X
	   1178 	PARAMETER RMS$_EXTNOTFOU = '00018372'X
	   1179 	PARAMETER RMS$_EXT_ERR = '0001837A'X
	   1180 	PARAMETER RMS$_SEMANTICS = '00018382'X
	   1181 	PARAMETER RMS$_LSCAN = '0001838A'X

WSWICS_GET_HVEL                 Source Listing                  19-JAN-2000 14:58:30  Compaq Fortran V7.2-780           Page 10
                                                                17-APR-1996 15:11:37  SYS$COMMON:[SYSLIB]FORSYSDEF.TLB;1($RMSDEF)

	   1182 	PARAMETER RMS$_ROOTSRCH = '00018392'X
	   1183 	PARAMETER RMS$_IDXSEARCH = '0001839A'X
	   1184 	PARAMETER RMS$_NETBTS = '000183A2'X
	   1185 	PARAMETER RMS$_NXR = '000183AA'X
	   1186  !  IF EXACT KEY MATCH ON SECONDARY KEY AND SECONDARY KEY
	   1187  !  ENTRY POINTS TO NONEXISTENT PRIMARY DATA RECORD IN
	   1188  !  DISK FILE.
	   1189  ! +
	   1190  ! 
	   1191  ! 	ERROR CODES - WITH STV ERROR CODE (THAT IS, STV CONTAINS AN ASSOCIATED CONDITION CODE)
	   1192  ! 
	   1193  ! -
	   1194  !  BIT 16 = BIT 15 = BIT 14 = 1
	   1195 	PARAMETER RMS$_ACC = '0001C002'X
	   1196 	PARAMETER RMS$_CRE = '0001C00A'X
	   1197 	PARAMETER RMS$_DAC = '0001C012'X
	   1198 	PARAMETER RMS$_ENT = '0001C01A'X
	   1199 	PARAMETER RMS$_EXT = '0001C022'X
	   1200 	PARAMETER RMS$_FND = '0001C02A'X
	   1201 	PARAMETER RMS$_MKD = '0001C032'X
	   1202 	PARAMETER RMS$_DPE = '0001C03A'X
	   1203 	PARAMETER RMS$_SPL = '0001C042'X
	   1204 	PARAMETER RMS$_DNF = '0001C04A'X
	   1205 	PARAMETER RMS$_RUF = '0001C052'X
	   1206 	PARAMETER RMS$_WRTJNL_AIJ = '0001C05A'X
	   1207 	PARAMETER RMS$_WRTJNL_BIJ = '0001C062'X
	   1208 	PARAMETER RMS$_WRTJNL_ATJ = '0001C06A'X
	   1209 	PARAMETER RMS$_WRTJNL_RUJ = '0001C072'X
	   1210 	PARAMETER RMS$_RRF = '0001C07A'X
	   1211 	PARAMETER RMS$_DDTM_ERR = '0001C082'X
	   1212  ! +
	   1213  ! 
	   1214  ! 	SEVERE ERROR CODES - WITHOUT STV (THAT IS, STV MAY BE USED BUT NO ASSOCIATED
	   1215  ! 			     CONDITION CODE IS IN STV)
	   1216  ! 
	   1217  ! -
	   1218  !  BIT 16 = BIT 15 = 1, BIT 14 = 0
	   1219 	PARAMETER RMS$_DTFCDDREC = '000183EC'X
	   1220 	PARAMETER RMS$_AID = '000183F4'X
	   1221 	PARAMETER RMS$_ALN = '000183FC'X
	   1222 	PARAMETER RMS$_ALQ = '00018404'X
	   1223 	PARAMETER RMS$_ANI = '0001840C'X
	   1224 	PARAMETER RMS$_AOP = '00018414'X
	   1225 	PARAMETER RMS$_BKS = '0001841C'X
	   1226 	PARAMETER RMS$_BKZ = '00018424'X
	   1227 	PARAMETER RMS$_BLN = '0001842C'X
	   1228 	PARAMETER RMS$_BUG = '00018434'X
	   1229 	PARAMETER RMS$_BUG_DDI = '0001843C'X
	   1230 	PARAMETER RMS$_BUG_DAP = '00018444'X
	   1231 	PARAMETER RMS$_BUG_RU_ACTIVE = '0001844C'X
	   1232 	PARAMETER RMS$_BUG_RURECERR = '00018454'X
	   1233 	PARAMETER RMS$_BUG_FLUSH_JNL_FAILED = '0001845C'X
	   1234 	PARAMETER RMS$_BUG_RU_ABORT_FAIL = '00018464'X
	   1235 	PARAMETER RMS$_BUG_RU_COMMIT_FAIL = '0001846C'X
	   1236 	PARAMETER RMS$_BUG_XX6 = '00018474'X
	   1237 	PARAMETER RMS$_BUG_XX7 = '0001847C'X
	   1238 	PARAMETER RMS$_BUG_XX8 = '00018484'X

WSWICS_GET_HVEL                 Source Listing                  19-JAN-2000 14:58:30  Compaq Fortran V7.2-780           Page 11
                                                                17-APR-1996 15:11:37  SYS$COMMON:[SYSLIB]FORSYSDEF.TLB;1($RMSDEF)

	   1239 	PARAMETER RMS$_BUSY = '0001848C'X
	   1240 	PARAMETER RMS$_CCR = '00018494'X
	   1241 	PARAMETER RMS$_CHG = '0001849C'X
	   1242 	PARAMETER RMS$_CHK = '000184A4'X
	   1243 	PARAMETER RMS$_COD = '000184AC'X
	   1244 	PARAMETER RMS$_CUR = '000184B4'X
	   1245 	PARAMETER RMS$_DAN = '000184BC'X
	   1246 	PARAMETER RMS$_DEV = '000184C4'X
	   1247 	PARAMETER RMS$_DIR = '000184CC'X
	   1248 	PARAMETER RMS$_DME = '000184D4'X
	   1249 	PARAMETER RMS$_DNA = '000184DC'X
	   1250 	PARAMETER RMS$_DTP = '000184E4'X
	   1251 	PARAMETER RMS$_DUP = '000184EC'X
	   1252 	PARAMETER RMS$_DVI = '000184F4'X
	   1253 	PARAMETER RMS$_ESA = '000184FC'X
	   1254 	PARAMETER RMS$_ESS = '00018504'X
	   1255 	PARAMETER RMS$_FAB = '0001850C'X
	   1256 	PARAMETER RMS$_FAC = '00018514'X
	   1257 	PARAMETER RMS$_FLG = '0001851C'X
	   1258 	PARAMETER RMS$_FNA = '00018524'X
	   1259 	PARAMETER RMS$_FNM = '0001852C'X
	   1260 	PARAMETER RMS$_FSZ = '00018534'X
	   1261 	PARAMETER RMS$_FOP = '0001853C'X
	   1262 	PARAMETER RMS$_FUL = '00018544'X
	   1263 	PARAMETER RMS$_IAL = '0001854C'X
	   1264 	PARAMETER RMS$_IAN = '00018554'X
	   1265 	PARAMETER RMS$_IDX = '0001855C'X
	   1266 	PARAMETER RMS$_IFI = '00018564'X
	   1267 	PARAMETER RMS$_IMX = '0001856C'X
	   1268 	PARAMETER RMS$_IOP = '00018574'X
	   1269 	PARAMETER RMS$_IRC = '0001857C'X
	   1270 	PARAMETER RMS$_ISI = '00018584'X
	   1271 	PARAMETER RMS$_KBF = '0001858C'X
	   1272 	PARAMETER RMS$_KEY = '00018594'X
	   1273 	PARAMETER RMS$_KRF = '0001859C'X
	   1274 	PARAMETER RMS$_KSZ = '000185A4'X
	   1275 	PARAMETER RMS$_LAN = '000185AC'X
	   1276 	PARAMETER RMS$_RUNDOWN = '000185B4'X
	   1277 	PARAMETER RMS$_LNE = '000185BC'X
	   1278 	PARAMETER RMS$_DTFCVT = '000185C4'X
	   1279 	PARAMETER RMS$_MRN = '000185CC'X
	   1280 	PARAMETER RMS$_MRS = '000185D4'X
	   1281 	PARAMETER RMS$_NAM = '000185DC'X
	   1282 	PARAMETER RMS$_NEF = '000185E4'X
	   1283 	PARAMETER RMS$_DTFQUASYN = '000185EC'X
	   1284 	PARAMETER RMS$_NOD = '000185F4'X
	   1285 	PARAMETER RMS$_NPK = '000185FC'X
	   1286 	PARAMETER RMS$_ORD = '00018604'X	 ! ! NOT USED AS OF V4
	   1287 	PARAMETER RMS$_ORG = '0001860C'X
	   1288 	PARAMETER RMS$_PBF = '00018614'X
	   1289 	PARAMETER RMS$_PLG = '0001861C'X
	   1290 	PARAMETER RMS$_POS = '00018624'X
	   1291 	PARAMETER RMS$_DTFQUAVAL = '0001862C'X
	   1292 	PARAMETER RMS$_QUO = '00018634'X
	   1293 	PARAMETER RMS$_RAB = '0001863C'X
	   1294 	PARAMETER RMS$_RAC = '00018644'X
	   1295 	PARAMETER RMS$_RAT = '0001864C'X

WSWICS_GET_HVEL                 Source Listing                  19-JAN-2000 14:58:30  Compaq Fortran V7.2-780           Page 12
                                                                17-APR-1996 15:11:37  SYS$COMMON:[SYSLIB]FORSYSDEF.TLB;1($RMSDEF)

	   1296 	PARAMETER RMS$_RBF = '00018654'X
	   1297 	PARAMETER RMS$_RFA = '0001865C'X
	   1298 	PARAMETER RMS$_RFM = '00018664'X
	   1299 	PARAMETER RMS$_RHB = '0001866C'X
	   1300 	PARAMETER RMS$_RLF = '00018674'X
	   1301 	PARAMETER RMS$_ROP = '0001867C'X
	   1302 	PARAMETER RMS$_RRV = '00018684'X
	   1303 	PARAMETER RMS$_RVU = '0001868C'X
	   1304 	PARAMETER RMS$_RSS = '00018694'X
	   1305 	PARAMETER RMS$_RST = '0001869C'X
	   1306 	PARAMETER RMS$_RSZ = '000186A4'X
	   1307 	PARAMETER RMS$_SEQ = '000186AC'X
	   1308 	PARAMETER RMS$_SHR = '000186B4'X
	   1309 	PARAMETER RMS$_SIZ = '000186BC'X
	   1310 	PARAMETER RMS$_SQO = '000186C4'X
	   1311 	PARAMETER RMS$_DTFSESEST = '000186CC'X
	   1312 	PARAMETER RMS$_SYN = '000186D4'X
	   1313 	PARAMETER RMS$_TRE = '000186DC'X
	   1314 	PARAMETER RMS$_TYP = '000186E4'X
	   1315 	PARAMETER RMS$_UBF = '000186EC'X
	   1316 	PARAMETER RMS$_USZ = '000186F4'X
	   1317 	PARAMETER RMS$_VER = '000186FC'X
	   1318 	PARAMETER RMS$_XNF = '00018704'X
	   1319 	PARAMETER RMS$_XAB = '0001870C'X
	   1320 	PARAMETER RMS$_ESL = '00018714'X
	   1321 	PARAMETER RMS$_DTFSESTER = '0001871C'X
	   1322 	PARAMETER RMS$_ENV = '00018724'X
	   1323 	PARAMETER RMS$_PLV = '0001872C'X
	   1324 	PARAMETER RMS$_MBC = '00018734'X
	   1325 	PARAMETER RMS$_RSL = '0001873C'X
	   1326 	PARAMETER RMS$_WLD = '00018744'X
	   1327 	PARAMETER RMS$_NET = '0001874C'X	 !  (NOTE THAT NETFAIL HAS REPLACED NET EXCEPT WHEN RMS CANNOT
	   1328  !  MAP THE DAP STATUS CODE INTO A FAL STATUS CODE.)
	   1329 	PARAMETER RMS$_IBF = '00018754'X
	   1330 	PARAMETER RMS$_REF = '0001875C'X
	   1331 	PARAMETER RMS$_IFL = '00018764'X
	   1332 	PARAMETER RMS$_DFL = '0001876C'X
	   1333 	PARAMETER RMS$_KNM = '00018774'X
	   1334 	PARAMETER RMS$_IBK = '0001877C'X
	   1335 	PARAMETER RMS$_KSI = '00018784'X
	   1336 	PARAMETER RMS$_LEX = '0001878C'X
	   1337 	PARAMETER RMS$_SEG = '00018794'X
	   1338 	PARAMETER RMS$_SNE = '0001879C'X	 ! ! NOT USED AS OF V4
	   1339 	PARAMETER RMS$_SPE = '000187A4'X	 ! ! NOT USED AS OF V4
	   1340 	PARAMETER RMS$_UPI = '000187AC'X
	   1341 	PARAMETER RMS$_ACS = '000187B4'X
	   1342 	PARAMETER RMS$_STR = '000187BC'X
	   1343 	PARAMETER RMS$_FTM = '000187C4'X
	   1344 	PARAMETER RMS$_GBC = '000187CC'X
	   1345 	PARAMETER RMS$_DEADLOCK = '000187D4'X
	   1346 	PARAMETER RMS$_EXENQLM = '000187DC'X
	   1347 	PARAMETER RMS$_JOP = '000187E4'X
	   1348 	PARAMETER RMS$_RUM = '000187EC'X
	   1349 	PARAMETER RMS$_JNS = '000187F4'X
	   1350 	PARAMETER RMS$_NRU = '000187FC'X
	   1351 	PARAMETER RMS$_IFF = '00018804'X
	   1352 	PARAMETER RMS$_DTFTRATBL = '0001880C'X

WSWICS_GET_HVEL                 Source Listing                  19-JAN-2000 14:58:30  Compaq Fortran V7.2-780           Page 13
                                                                17-APR-1996 15:11:37  SYS$COMMON:[SYSLIB]FORSYSDEF.TLB;1($RMSDEF)

	   1353 	PARAMETER RMS$_DTFUNSTYP = '00018814'X
	   1354 	PARAMETER RMS$_DTFVERMIS = '0001881C'X
	   1355  ! +
	   1356  ! 
	   1357  ! 	ERROR CODES - WITHOUT STV
	   1358  ! 
	   1359  ! 	  DTFACC AND DTFCRE WERE ORIGINALLY INCLUDED IN THIS FATAL SEVERITY 
	   1360  ! 	  (NO STV) GROUPING.  IN ORDER TO CHANGE THEIR SEVERITY TO ERROR 
	   1361  ! 	  (NO STV) AND RETAIN THE SAME MESSAGE CODE VALUE, THE FOLLOWING 
	   1362  ! 	  SHIFTS IN SEVERITY FROM FATAL TO ERROR AND THEN BACK AGAIN ARE
	   1363  ! 	  DONE, WHILE RETAINING THE SAME ORIGINAL BASE ASSOCIATED WITH EACH.
	   1364  ! 
	   1365  ! -
	   1366  !  BIT 16 = BIT 15 = 1, BIT 14 = 0
	   1367 	PARAMETER RMS$_DTFACC = '00018822'X
	   1368  ! +
	   1369  ! 
	   1370  ! 	SEVERE ERROR CODES - WITHOUT STV
	   1371  ! 
	   1372  ! -
	   1373  !  BIT 16 = BIT 15 = 1, BIT 14 = 0
	   1374 	PARAMETER RMS$_BOGUSCOL = '0001882C'X
	   1375 	PARAMETER RMS$_ERRREADCOL = '00018834'X
	   1376 	PARAMETER RMS$_ERRWRITECOL = '0001883C'X
	   1377 	PARAMETER RMS$_SNS = '00018844'X
	   1378 	PARAMETER RMS$_NOEXTEND = '0001884C'X	 ! +
	   1379  ! 
	   1380  ! 	ERROR CODES - WITHOUT STV
	   1381  ! 
	   1382  ! -
	   1383  !  BIT 16 = BIT 15 = 1, BIT 14 = 0
	   1384 	PARAMETER RMS$_DTFCRE = '00018852'X
	   1385  ! +
	   1386  ! 
	   1387  ! 	SEVERE ERROR CODES - WITHOUT STV
	   1388  ! 
	   1389  ! -
	   1390  !  BIT 16 = BIT 15 = 1, BIT 14 = 0
	   1391 	PARAMETER RMS$_DELJNS = '0001885C'X
	   1392 	PARAMETER RMS$_NOTSAMEJNL = '00018864'X
	   1393 	PARAMETER RMS$_SNPPF = '0001886C'X
	   1394  ! +
	   1395  ! 
	   1396  ! 	SEVERE ERRORS - WITH STV ERROR CODE (THAT IS, STV CONTAINS AN ASSOCIATED CONDITION CODE)
	   1397  ! 
	   1398  ! -
	   1399  !  BIT 16 = BIT 15 = BIT 14 = 1
	   1400 	PARAMETER RMS$_ATR = '0001C0CC'X
	   1401 	PARAMETER RMS$_ATW = '0001C0D4'X
	   1402 	PARAMETER RMS$_CCF = '0001C0DC'X
	   1403 	PARAMETER RMS$_CDA = '0001C0E4'X
	   1404 	PARAMETER RMS$_CHN = '0001C0EC'X
	   1405 	PARAMETER RMS$_RER = '0001C0F4'X
	   1406 	PARAMETER RMS$_RMV = '0001C0FC'X
	   1407 	PARAMETER RMS$_RPL = '0001C104'X
	   1408 	PARAMETER RMS$_SYS = '0001C10C'X
	   1409 	PARAMETER RMS$_WER = '0001C114'X

WSWICS_GET_HVEL                 Source Listing                  19-JAN-2000 14:58:30  Compaq Fortran V7.2-780           Page 14
                                                                17-APR-1996 15:11:37  SYS$COMMON:[SYSLIB]FORSYSDEF.TLB;1($RMSDEF)

	   1410 	PARAMETER RMS$_WPL = '0001C11C'X
	   1411 	PARAMETER RMS$_IFA = '0001C124'X
	   1412 	PARAMETER RMS$_WBE = '0001C12C'X
	   1413 	PARAMETER RMS$_ENQ = '0001C134'X
	   1414 	PARAMETER RMS$_NETFAIL = '0001C13C'X
	   1415 	PARAMETER RMS$_SUPPORT = '0001C144'X
	   1416 	PARAMETER RMS$_CRMP = '0001C14C'X
	   1417 	PARAMETER RMS$_DTFCFGFIL = '0001C154'X
	   1418 	PARAMETER RMS$_REENT = '0001C15C'X
	   1419 	PARAMETER RMS$_ACC_RUJ = '0001C164'X
	   1420 	PARAMETER RMS$_TMR = '0001C16C'X
	   1421 	PARAMETER RMS$_ACC_AIJ = '0001C174'X
	   1422 	PARAMETER RMS$_ACC_BIJ = '0001C17C'X
	   1423 	PARAMETER RMS$_ACC_ATJ = '0001C184'X
	   1424 	PARAMETER RMS$_DTFDEFFIL = '0001C18C'X
	   1425 	PARAMETER RMS$_DTFREGFIL = '0001C194'X
	   1426 	PARAMETER RMS$_JNLNOTAUTH = '0001C19C'X
	   1427 !DEC$ END OPTIONS
	   1428 
	   1429         INTEGER*4
	   1430      .    FSR,
	   1431      .    WIND_DECOMPRESS                                  !function
	   1432 C
	   1433         RECORD
	   1434      .    /CORE/ SCI,                                      !basic data
	   1435      .    /HDBstr/ HDB,                                    !housekeeping
	   1436      .    /SW_RATE/ SWICS_RATE                             !rate data
	   1437 C         
	   1438         LOGICAL
	   1439      .    CODE_C                                           !t=compress C
	   1440 C
	   1441         REAL
	   1442      .    BCKGND,
	   1443      .    VEL(3), VEL0, SIGMA, X, 
	   1444      .    VEL_ION(2),T4(2)
	   1445 C
	   1446         INTEGER
	   1447      .    ITEMP,                                           !temp value
	   1448      .    VSTEP,                                           !voltage step
	   1449      .    IMID, IMAX, IMIN,                                !limits
	   1450      .    MEMAX                                            !# of me rates
	   1451 C
	   1452         REAL
	   1453      .    MASS(2)/1,4/,                                    
	   1454      .    MPQ(2)/1,2/,                                     !protons and alphas
	   1455      .    DISTRIB(3),                                          !pseudo dj/de
	   1456      .    EPQ,
	   1457      .    PEAK                                           !peak counts
	   1458 C
	   1459         INTEGER
	   1460      .    PEAKS(2), HM1S(2), HM2S(2),                        !for hpeak routine
	   1461      .    I,J,K
	   1462 C
	   1463         EXTERNAL
	   1464      .    MFIT
	   1465 C
	   1466 C***************************************************************************

WSWICS_GET_HVEL                 Source Listing                  19-JAN-2000 14:58:30  Compaq Fortran V7.2-780           Page 15
                                                                17-APR-1996 15:11:37  [WIND.SOFTWARE.SWICS]WSWICS_GET_HVEL.FOR;1

	   1467 C                         
	   1468 C                            *Statements*
	   1469 C
	   1470 C
	   1471         ITEMP = HDB.BDH.DAT(189)
	   1472         CODE_C = BTEST(ITEMP,2)
	   1473 C
	   1474         CALL WSWICS_GET_HPEAK(SWICS_RATE,SCI,HDB,PEAKS,HM1S,HM2S)
	   1475 C
	   1476         DO K = 1, 2                              !protons then alphas
	   1477           DO I = 1, 3
	   1478             DISTRIB(I) = 0
	   1479           END DO
	   1480 C
	   1481           IF (PEAKS(K).LT.0 .OR. PEAKS(K).EQ.59 .OR. PEAKS(K).EQ.0) THEN  
	   1482 C                                                not 2 sig above bckgnd
	   1483             VEL_ION(K) = -1E10
	   1484             T4(K) = -1E10
	   1485             GOTO 1000
	   1486           END IF
	   1487           IF (HM1S(K).LT.0) HM1S(K) = PEAKS(K) - 1
	   1488           IF (HM2S(K).LT.0) HM2S(K) = PEAKS(K) + 1
	   1489 C                                                          get hm dist vals
	   1490           IF (SCI.EDB(HM1S(K)).BITRATE) THEN                 !high bitrate
	   1491             MEMAX = 109                                !number of merates
	   1492           ELSE
	   1493             MEMAX = 55                                 !number of merates
	   1494           END IF
	   1495           PEAK = WIND_DECOMPRESS(SWICS_RATE.EDB(HM1S(K)).RATE(MEMAX),CODE_C)
	   1496           ITEMP = SWICS_RATE.EDB(HM1S(K)).RATE(MEMAX+6)
	   1497           VSTEP = IBITS(ITEMP,0,6)
	   1498           EPQ = 0.5 * 60.0**(VSTEP/59.0)
	   1499           DISTRIB(1) = PEAK*MPQ(K)/EPQ
	   1500           VEL(1) = 437.8*SQRT(EPQ/MPQ(K))
	   1501 C
	   1502           IF (SCI.EDB(HM2S(K)).BITRATE) THEN                 !high bitrate
	   1503             MEMAX = 109                                !number of merates
	   1504           ELSE
	   1505             MEMAX = 55                                 !number of merates
	   1506           END IF
	   1507           PEAK = WIND_DECOMPRESS(SWICS_RATE.EDB(HM2S(K)).RATE(MEMAX),CODE_C)
	   1508           ITEMP = SWICS_RATE.EDB(HM2S(K)).RATE(MEMAX+6)
	   1509           VSTEP = IBITS(ITEMP,0,6)
	   1510           EPQ = 0.5 * 60.0**(VSTEP/59.0)
	   1511           DISTRIB(3) = PEAK*MPQ(K)/EPQ
	   1512           VEL(3) = 437.8*SQRT(EPQ/MPQ(K))
	   1513 C
	   1514           IMIN = PEAKS(K) - 4
	   1515           IMAX = PEAKS(K) + 4
	   1516           IF (IMIN.LT.0) IMIN = 0
	   1517           IF (IMAX.GT.59) IMAX = 59
	   1518           DO I = IMIN, IMAX                                !loop over spins
	   1519 C                                                get bit rate
	   1520             IF (SCI.EDB(I).BITRATE) THEN                 !high bitrate
	   1521               MEMAX = 109                                !number of merates
	   1522             ELSE
	   1523               MEMAX = 55                                 !number of merates

WSWICS_GET_HVEL                 Source Listing                  19-JAN-2000 14:58:30  Compaq Fortran V7.2-780           Page 16
                                                                19-JAN-2000 14:57:44  [WIND.SOFTWARE.SWICS]WSWICS_GET_HVEL.FOR;1

	   1524             END IF
	   1525             FSR = WIND_DECOMPRESS(SWICS_RATE.EDB(I).RATE(MEMAX),!fsr
	   1526      .                                           CODE_C)
	   1527             ITEMP = SWICS_RATE.EDB(I).RATE(MEMAX+6)
	   1528             VSTEP = IBITS(ITEMP,0,6)
	   1529             EPQ = 0.5 * 60.0**(VSTEP/59.0)
	   1530             IF (FSR*MPQ(K)/EPQ.GT.DISTRIB(2)) THEN
	   1531               DISTRIB(2) = FSR*MPQ(K)/EPQ
	   1532               VEL(2) = 437.8*SQRT(EPQ/MPQ(K))
	   1533             END IF
	   1534           END DO                                           !i = 0, 59
	   1535  500      IF (DISTRIB(1).GT.0 .AND. DISTRIB(2).GT.0 .AND. DISTRIB(3).GT.0) THEN
	   1536             IF (DISTRIB(2).GT.DISTRIB(3) .AND. VEL(2).GT.VEL(3) .AND.
	   1537      .            VEL(1).GT.VEL(2)) THEN
	   1538               CALL MFIT(VEL(1),DISTRIB(1),VEL(2),DISTRIB(2),VEL(3),DISTRIB(3),
	   1539      .                       X, VEL0, SIGMA)
	   1540               VEL_ION(K) = VEL0
	   1541               T4(K) = SIGMA*60.5E-4*MASS(K)                !sigma in [km/s]^2
	   1542             ELSE
	   1543               VEL_ION(K) = -1E10
	   1544               T4(K) = -1E10
	   1545             END IF
	   1546           END IF
	   1547           IF (VEL_ION(K).EQ.0) VEL_ION(K) = -1E10
	   1548           IF (T4(K).EQ.0) T4(K) = -1E10
	   1549  1000   END DO                                             !k = 1, 2
	   1550         RETURN
	   1551         END

WSWICS_GET_HVEL                 Source Listing                  19-JAN-2000 14:58:30  Compaq Fortran V7.2-780           Page 17
                                                                19-JAN-2000 14:57:44  [WIND.SOFTWARE.SWICS]WSWICS_GET_HVEL.FOR;1



PROGRAM SECTIONS

    Name				 Bytes   Attributes

  1 $BSS$                                   84 NOPIC CON REL LCL NOSHR NOEXE   RD   WRT OCTA
  2 $DATA$                                  16 NOPIC CON REL LCL NOSHR NOEXE   RD   WRT OCTA
  3 $CODE$                                2028   PIC CON REL LCL   SHR   EXE NORD NOWRT OCTA
  4 $LINK$                                 160 NOPIC CON REL LCL NOSHR NOEXE   RD NOWRT OCTA
  5 L1_HEADERS                             644 NOPIC OVR REL GBL NOSHR NOEXE   RD   WRT OCTA

    Total Space Allocated                 2932


ENTRY POINTS

 Address      Name           
                             
  3-00000000  WSWICS_GET_HVEL


VARIABLES

 Address      Type  Name    Address      Type  Name    Address      Type  Name    Address      Type  Name  
                                                                                                           
  1-00000034  R*4   BCKGND       **      I*4   IMAX         **      I*4   K        1-00000024  I*4   VSTEP 
  0-00000008  L*4   CODE_C   1-00000020  I*4   IMID         **      I*4   MEMAX    1-00000038  R*4   X     
      **      R*4   EPQ          **      I*4   IMIN     1-0000001C  R*4   PEAK                             
      **      I*4   FSR      1-00000028  I*4   ITEMP    1-0000002C  R*4   SIGMA                            
      **      I*4   I        1-00000000  I*4   J        1-00000030  R*4   VEL0                             


TYPES/RECORDS

 Address      Name           Structure              Bytes  Address      Name           Structure              Bytes
                                                                                                                   
      **      HDB            HDBSTR                   324       **      SCI            CORE                    7384
  5-00000000  L1_FILE_HEADER ST_L1_FILE_HEADER        400       **      SWICS_RATE     SW_RATE                 7200
  5-00000190  L1_SR_HEADER   ST_L1_SR_HEADER          244                                                          


ARRAYS

 Address      Type  Name           Bytes  Dimensions

  1-0000003C  R*4   DISTRIB           12  (3)
  1-0000000C  I*4   HM1S               8  (2)
  1-00000004  I*4   HM2S               8  (2)
  2-00000008  R*4   MASS               8  (2)
  2-00000000  R*4   MPQ                8  (2)
  1-00000014  I*4   PEAKS              8  (2)
      **      R*4   T4                 8  (2)
  1-00000048  R*4   VEL               12  (3)
      **      R*4   VEL_ION            8  (2)



WSWICS_GET_HVEL                 Source Listing                  19-JAN-2000 14:58:30  Compaq Fortran V7.2-780           Page 18
                                                                19-JAN-2000 14:57:44  [WIND.SOFTWARE.SWICS]WSWICS_GET_HVEL.FOR;1

LABELS

 Address      Label  Address      Label
                                       
  3-000004E4  500     3-00000624  1000 

WSWICS_GET_HVEL                 Source Listing                  19-JAN-2000 14:58:30  Compaq Fortran V7.2-780           Page 19
                                                                19-JAN-2000 14:57:44  [WIND.SOFTWARE.SWICS]WSWICS_GET_HVEL.FOR;1

COMMAND QUALIFIERS

  /ALIGNMENT=(COMMONS=(NONATURAL,PACKED,NOSTANDARD,NOMULTILANGUAGE),RECORDS=PACKED)
  /ARCHITECTURE=GENERIC
  /ASSUME=(ACCURACY_SENSITIVE,ALTPARAM,NOBUFFERED_IO,NOBYTERECL,NODUMMY_ALIASES,NOFP_CONSTANT,NOINT_CONSTANT,NOMINUS0,
           NOUNDERSCORE,NOSOURCE_INCLUDE)
  /NOAUTOMATIC
  /NOBY_REF_CALL
  /CHECK=(BOUNDS,FORMAT,FP_EXCEPTIONS,OUTPUT_CONVERSION,OVERFLOW,POWER,UNDERFLOW)
  /CONVERT=NATIVE
  /DEBUG=(NOSYMBOLS,TRACEBACK)
  /NODEFINE
  /DOUBLE_SIZE=64
  /NOD_LINES
  /ERROR_LIMIT=30
  /EXTEND_SOURCE
  /F77
  /FLOAT=G_FLOAT
  /GRANULARITY=QUADWORD
  /IEEE_MODE=FAST
  /INTEGER_SIZE=32
  /NOMACHINE_CODE
  /MATH_LIBRARY=ACCURATE
  /NOMODULE
  /NAMES=UPPERCASE
  /OPTIMIZE=(INLINE=SPEED,LEVEL=4,NOLOOPS,NOPIPELINE,TUNE=GENERIC,UNROLL=0)
  /NOPAD_SOURCE
  /REAL_SIZE=32
  /NORECURSIVE
  /REENTRANCY=NONE
  /ROUNDING_MODE=NEAREST
  /NOSEPARATE_COMPILATION
  /SEVERITY=(WARNING=WARNING)
  /SHOW=(INCLUDE,MAP)
  /SOURCE_FORM=FIXED
  /STANDARD=NONE
  /NOSYNCHRONOUS_EXCEPTIONS
  /NOSYNTAX_ONLY
  /NOTIE
  /VMS
  /WARNINGS=(NOALIGNMENT,NOARGUMENT_CHECKING,DECLARATIONS,GENERAL,GRANULARITY,NOTRUNCATED_SOURCE,UNCALLED,UNINITIALIZED,
           NOUNUSED,USAGE)

  /NOANALYSIS_DATA
  /NODIAGNOSTICS
  /INCLUDE=FORT$INCLUDE:
  /LIST=SMS1:[WIND.SOFTWARE.SWICS]WSWICS_GET_HVEL.LIS;1
  /OBJECT=SMS1:[WIND.SOFTWARE.SWICS]WSWICS_GET_HVEL.OBJ;1
  /NOLIBRARY

COMPILER: Compaq Fortran V7.2-780-4293Q

WSWICS_GET_HVEL                 Source Listing                  19-JAN-2000 14:58:30  Compaq Fortran V7.2-780           Page 20
                                                                19-JAN-2000 14:57:44  [WIND.SOFTWARE.SWICS]WSWICS_GET_HVEL.FOR;1

COMPILATION STATISTICS

  CPU time:          3.21 seconds
  Elapsed time:      3.90 seconds
  Pagefaults:         985
  I/O Count:           66
