WSWICS_GET_HPEAK                Source Listing                  19-JAN-2000 14:58:22  Compaq Fortran V7.2-780           Page 1
                                                                19-JAN-2000 14:57:44  [WIND.SOFTWARE.SWICS]WSWICS_GET_HPEAK.FOR;1

	      1         SUBROUTINE WSWICS_GET_HPEAK(SWICS_RATE,SCI,HDB,     !input
	      2      .                       PEAK_ION, HM1_ION, HM2_ION)            !output
	      3 C**************************************************************************
	      4 C       this subroutine finds the proton peak in the fsr rate and returns
	      5 C       the voltage step and those at the half max positions
	      6 C       
	      7 C       cmsc, 6 Jan 1995
	      8 C
	      9 C       Altered:                                           Date:
	     10 C       change routine to find both H and He                 19 Feb 1995
	     11 C       half max positions                                    cmsc
	     12 C       Now returns 'i' value instead of vs for 
	     13 C       peak and half max positions
	     14 C**************************************************************************
	     15 C                            *Declarations*
	     16         IMPLICIT NONE
	     17 C
	     18         INCLUDE 'INC_DIR:EDBDEF.INC/NOLIST'
	    556         INCLUDE 'INC_DIR:L1FMT.INC/NOLIST'
	    688         INCLUDE '($RMSDEF)'
	    689 C
	    690 C                                                **input**
	    691 !*** MODULE $RMSDEF ***
	    692 !DEC$ OPTIONS/ALIGN=(RECORDS=PACKED,COMMONS=PACKED)
	    693  ! 
	    694  !  This SDL File Generated by VAX-11 Message V04-00 on 29-NOV-1995 18:46:08.43
	    695  ! 
	    696  ! 	.TITLE	RMSMSG -RMS COMPLETION CODES
	    697  !  *************************************************************************
	    698  !  *                                                                       *
	    699  !  * COPYRIGHT (C) DIGITAL EQUIPMENT CORPORATION, 1976, 1977, 1978, 1979,  *
	    700  !  * 1980, 1981, 1982, 1983, 1984, 1985, 1986, 1987, 1988, 1989, 1990,     *
	    701  !  * 1991,1992                                                             *
	    702  !  * ALL RIGHTS RESERVED.                                                  *
	    703  !  * UNPUBLISHED RIGHTS RESERVED UNDER THE COPYRIGHT LAWS  OF  THE  UNITED *
	    704  !  * STATES.                                                               *
	    705  !  *                                                                       *
	    706  !  * THE SOFTWARE CONTAINED ON THIS MEDIA IS PROPRIETARY TO  AND  EMBODIES *
	    707  !  * THE   CONFIDENTIAL   TECHNOLOGY  OF  DIGITAL  EQUIPMENT  CORPORATION. *
	    708  !  * POSSESSION, USE, DUPLICATION OR DISSEMINATION  OF  THE  SOFTWARE  AND *
	    709  !  * MEDIA  IS  AUTHORIZED  ONLY  PURSUANT TO A VALID WRITTEN LICENSE FROM *
	    710  !  * DIGITAL EQUIPMENT CORPORATION.                                        *
	    711  !  *                                                                       *
	    712  !  * RESTRICTED RIGHTS LEGEND USE, DUPLICATION, OR DISCLOSURE BY THE  U.S. *
	    713  !  * GOVERNMENT  IS  SUBJECT  TO RESTRICTIONS AS SET FORTH IN SUBPARAGRAPH *
	    714  !  * (C)(1)(II) OF DFARS 252.227-7013, OR IN FAR 52.227-19, AS APPLICABLE. *
	    715  !  *                                                                       *
	    716  !  *************************************************************************
	    717  ! ++
	    718  !  FACILITY: RMS
	    719  ! 
	    720  !  ABSTRACT:
	    721  ! 
	    722  ! 	THIS MODULE DEFINES ALL RMS COMPLETION CODES.
	    723  ! 
	    724  !  ENVIRONMENT:
	    725  ! 

WSWICS_GET_HPEAK                Source Listing                  19-JAN-2000 14:58:22  Compaq Fortran V7.2-780           Page 2
                                                                19-JAN-2000 14:57:44  SYS$COMMON:[SYSLIB]FORSYSDEF.TLB;1($RMSDEF)

	    726  ! 	THE MESSAGE TRANSLATOR MUST BE USED TO CONVERT RMSMSG.MSG INTO
	    727  ! 	RMSMSG.SDL.  THE SDL TRANSLATOR MUST THEN BE USED TO CONVERT
	    728  ! 	RMSMSG.SDL INTO RMSMSG.MAR (AND RMSMSG.B32).
	    729  ! 
	    730  !  AUTHOR: LEO F. LAVERDURE,	CREATION DATE:  10-DEC-1976
	    731  ! 
	    732  !  MODIFIED BY:
	    733  ! 
	    734  ! 	X-7	EMW	    ELINOR M. WOODS	       10-AUG-1994
	    735  ! 		MERGE IN OPENVMS VAX DRAGON CHANGE:
	    736  ! 
	    737  ! 		X-13  EMW0023	ELINOR M. WOODS		04-AUG-1994
	    738  ! 		RMS$_KRF CAN BE RETURNED BY $CONNECT OR $REWIND, AS
	    739  ! 		WELL AS $GET/$FIND.  MAKE TEXT ASSOCIATED WITH KRF
	    740  ! 		STATUS MORE GENERIC BY REMOVING "for $GET/$FIND."
	    741  ! 
	    742  !        X-6     EMW		ELINOR M. WOODS		30-JUN-1994
	    743  ! 		MERGE IN OPENVMS VAX DRAGON CHANGE:
	    744  ! 
	    745  ! 		X-12   EMW0026   ELINOR M. WOODS	15-JUN-1994
	    746  ! 		ADD ONE NEW USER-REPORTABLE STATUS:  NXR 
	    747  ! 		<nonexistent record>.  THIS STATUS VALUE IS USED 
	    748  ! 		AS AN STV ASSOCIATED WITH RNF STATUS (STS), AND IS
	    749  ! 		REPORTED FOR AN EXACT KEY MATCH OF A SECONDARY KEY
	    750  ! 		IF THE SECONDARY KEY ENTRY POINTS TO A NONEXISTENT
	    751  ! 		PRIMARY DATA RECORD IN DISK FILE.  NOTE:  RNF ERROR 
	    752  ! 		STATUS PRE-EXISTED AS ERROR CODE WITHOUT STV.
	    753  ! 
	    754  !                DEE RYAN                                30-SEP-1993
	    755  !                CORRECTED USE OF DIGITAL PRODUCT NAMES.
	    756  ! 
	    757  ! 	X-5	EMW		ELINOR M. WOODS		28-SEP-1993
	    758  ! 		MERGE IN OPENVMS VAX CORAL FIX:
	    759  ! 
	    760  ! 		X-10	EMW0019  ELINOR M. WOODS  	21-SEP-1993
	    761  ! 		ADD ONE NEW USER-REPORTABLE ERROR STATUS (WITH AN
	    762  ! 		ASSOCIATED STV): NETBTS.  RELOCATE NEW IDXSEARCH STATUS
	    763  ! 		(SEE X-9) FROM "ERROR with STV" SECTION TO "ERROR WITHOUT 
	    764  ! 		STV" section.  Expand "WITH STV' AND "without STV"
	    765  ! 		COMMENTS TO CLARIFY DIFFERENCE BETWEEN TWO.
	    766  ! 
	    767  ! 	X-4	EMW0016		ELINOR M. WOODS		10-AUG-1993
	    768  ! 		MERGE IN CORAL FIX:
	    769  ! 
	    770  ! 		MODIFY SEVERITY OF TWO DTF ERROR CODES (DTFACC AND
	    771  ! 		DTFCRE) FROM FATAL TO ERROR, AS REQUESTED BY SNA/DTF
	    772  ! 		FACILITY.		
	    773  ! 
	    774  ! 		ALSO MOVE NEW IDXSEARCH STATUS FROM ERROR WITH NO 
	    775  ! 		STV GROUPING TO ERROR WITH STV GROUPING.
	    776  ! 
	    777  ! 	X-3	EMW0010		ELINOR M. WOODS		02-JUL-1993
	    778  ! 		TO SUPPORT NEW KEY-LESS-THAN FUNCTIONALITY, ADDITION 
	    779  ! 		OF ONE USER-REPORTABLE ERROR STATUS:  IDXSEARCH, AND
	    780  ! 		TWO NEW RMS-INTERNAL ERROR STATUSES:  LSCAN AND 
	    781  ! 		ROOTSRCH.		
	    782  ! 

WSWICS_GET_HPEAK                Source Listing                  19-JAN-2000 14:58:22  Compaq Fortran V7.2-780           Page 3
                                                                17-APR-1996 15:11:37  SYS$COMMON:[SYSLIB]FORSYSDEF.TLB;1($RMSDEF)

	    783  ! 	X-2	CW0019		CHRIS WHITAKER		11-NOV-1992
	    784  ! 		MERGE IN OPENVMS VAX V6.0 CHANGES
	    785  ! 
	    786  ! 		X-8	JM0012	JOHN MUNZER		11-NOV-1992
	    787  ! 		CHANGE TEXT FOR RMS$_LNE.
	    788  ! 
	    789  ! 		X-7	JM0006	JOHN MUNZER		17-APR-1992
	    790  ! 		ADD !XL PARAMETER TO RMS$_BUG TO REPORT R2.
	    791  ! 
	    792  ! 	X-1	RAB		RICHARD A. BISHOP	24-JUN-1991
	    793  ! 		MOVED TO [STARLET] FACILITY
	    794  ! 
	    795  ! 	==================================
	    796  ! 	OLD AUDIT TRAIL FOLLOWS:
	    797  ! 
	    798  ! 	X-33	LSS0154		LEONARD S. SZUBOWICZ	 4-APR-1990
	    799  ! 		ALTER TEXT AND FAO PARAMETERS OF RMS$_RUH AND RMS$_BUG
	    800  ! 		CONDITION VALUES FOR RMS/DDTM SUPPORT.
	    801  ! 
	    802  ! 	X-32	PJH		PAUL J. HOULIHAN	17-JAN-1990
	    803  ! 		CHANGE TEXT FOR RMS$_INCOMPSHR ERROR MESSAGE.
	    804  ! 
	    805  ! 	X-31	LSS0130		LEONARD S. SZUBOWICZ	12-OCT-1989
	    806  ! 		MERGE OF RMS/DDTM GENERATION X-30D2.
	    807  ! 		ADD GENERAL DDTM_ERR ERROR MESSAGE FOR DDTM SERVICE FAILURES;
	    808  ! 		STV WILL CONTAIN THE FAILING SYSTEM SERVICE CONDITION VALUE.
	    809  ! 
	    810  ! 	X-30	LSS0080		LEONARD S. SZUBOWICZ	06-OCT-1988
	    811  ! 		ADD RMS$_OK_ACT MESSAGE FOR USE BY FUTURE WORK TO $DISPLAY.
	    812  ! 		THIS IS PART OF LATENT SUPPORT FOR RMS/DDTM.
	    813  ! 
	    814  ! 	X-29	GJA0080		GARY J. ALLISON		06-JUN-1988
	    815  ! 		CHANGE TEXT OF SEMANTICS MESSAGE.
	    816  ! 
	    817  ! 	X-28	GJA0072		GARY J. ALLISON		02-MAR-1988
	    818  ! 		ADD EXT_ERR, OPNOTSUP, EXTNOTFOU, AND SEMANTICS MESSAGES.
	    819  ! 
	    820  ! 	X-27	PMV0072		PETER M. VATNE		08-OCT-1987
	    821  ! 		CHANGE RMS$_NOJNLLIC TO RMS$_JNLNOTAUTH.
	    822  ! 
	    823  !  	X-26	LSS0057		LEONARD S. SZUBOWICZ	15-SEP-1987
	    824  ! 		CHANGE TEXT FOR THE RMS$_OK_DUP STATUS SUCH THAT THE MESSAGE
	    825  ! 		IS APPLICABLE TO $GET AS WELL AS $PUT.
	    826  ! 
	    827  ! 	X-25	PMV0068		PETER M. VATNE		11-SEP-1987
	    828  ! 		ADD RMS$_NOJNLLIC, NO RMS JOURNALING LICENSE, FOR LMF.
	    829  ! 
	    830  ! 	X-24	RNM0026		RUSSELL N. MURRAY	15-AUG-1987
	    831  ! 		ADD RMS$_SYNCH MESSAGE FOR NOTIFICATION OF SYNCHRONOUS
	    832  ! 		COMPLETION.
	    833  ! 
	    834  ! 	X-23	JEJ0479		JAMES E JOHNSON		13-AUG-1987
	    835  ! 		ADD RMS$_IVATRACE MESSAGE.
	    836  ! 
	    837  ! 	X-22	PMV0061		PETER M. VATNE		03-AUG-1987
	    838  ! 		CHANGE RESERVED MESSAGE RMS$_BUG_XX5 TO RMS$_BUG_RU_COMMIT_FAIL
	    839  ! 		TO CORRESPOND TO POSITIVE RMS BUGCHECK FTL$_RU_COMMIT_FAIL.

WSWICS_GET_HPEAK                Source Listing                  19-JAN-2000 14:58:22  Compaq Fortran V7.2-780           Page 4
                                                                17-APR-1996 15:11:37  SYS$COMMON:[SYSLIB]FORSYSDEF.TLB;1($RMSDEF)

	    840  ! 
	    841  !  	X-21	LSS0042		LEONARD S. SZUBOWICZ	13-MAY-1987
	    842  ! 		CHANGE RESERVED MESSAGE RMS$_BUG_XX4 TO RMS$_BUG_RU_ABORT_FAIL
	    843  ! 		TO CORRESPOND TO POSITIVE RMS BUGCHECK FTL$_RU_ABORT_FAIL
	    844  ! 	
	    845  ! 	X-20	SAD0034		STUART A. DAVIDSON	12-MAR-1987 
	    846  ! 		DROP QUOTES FROM SNADTF MESSAGE TEXT.
	    847  ! 
	    848  ! 	X-19	PJH		PAUL J. HOULIHAN	19-JAN-1987
	    849  ! 		MERGE IN 17J1.
	    850  ! 
	    851  ! 		X-17J1	PJH		PAUL J. HOULIHAN	15-JAN-1987
	    852  ! 			FIX SEVERAL SMALL JNL PROBLEMS.
	    853  ! 			ADD RMS$_BUG_FLUSH_JNL_FAILED CODE.
	    854  ! 
	    855  ! 	X-18	KPS0148		KENNETH P. SIEGEL	04-DEC-1986
	    856  ! 		ADDED SNPPF (STATISTICS MONITORING NOT SUPPORTED FOR
	    857  ! 		PROCESS PERMANENT FILES) ERROR MESSAGE.
	    858  ! 
	    859  ! 	X-17	PMV0025		PETER M. VATNE		24-NOV-1986
	    860  ! 		ADD NEW MESSAGE, RMS$_NOTSAMEJNL.  THIS STATUS IS
	    861  ! 		USED TO RESTRICT AI/BI WITH RU JOURNALING TO A
	    862  ! 		SINGLE LONG-TERM JOURNAL FILE.
	    863  ! 
	    864  ! 	X-16	DAS		DAVID A. SOLOMON	18-NOV-1986
	    865  ! 		ADD NEW MESSAGE, RMS$_DELJNS. REMOVE RMS$_XCR (BY REPLACING IT
	    866  ! 		WITH A PLACEHOLDER), AS JOURNALING BITS ARE NO LONGER
	    867  ! 		SPECIFIED IN THE $XABJNL. SLIGHT WORDING CHANGE ON DETACHED
	    868  ! 		RU RECOVERY ERROR MESSAGES.
	    869  ! 
	    870  ! 	X-15	DAS		DAVID A. SOLOMON	12-NOV-1986
	    871  ! 		FIX ERROR IN X-5/X-6: JOURNALING VARIANT NOT MERGED
	    872  ! 		CORRECTLY, RESULTING IN SEVERAL JOURNALING MESSAGES NUMBERS
	    873  ! 		BEING DIFFERENT IN THE MAININE THAN WHAT THEY WERE ON THE
	    874  ! 		JOURNALING VARIANT. ALSO, MOVE NEW SNADTF MESSAGES TO RE-USE
	    875  ! 		AVAILABLE UNUSED MESSAGE NUMBERS, INSTEAD OF GENERATING NEW
	    876  ! 		ONES. FINALLY, CHANGE RMS$_BUG_ABORT TO RMS$_BUG_RU_ACTIVE.
	    877  ! 
	    878  ! 	X-14	SAD0014		STUART A. DAVIDSON	 4-NOV-1986
	    879  ! 		SNADTF - FIX TYPO IN DTFACC, DTFCRE
	    880  ! 
	    881  ! 	X-13	SAD0014		STUART A. DAVIDSON	 3-NOV-1986
	    882  ! 		SNADTF - FIX TYPO, ADD 2 ADDITIONAL MESSAGES.
	    883  ! 
	    884  ! 	X-12	JEJ0377		JAMES E JOHNSON		29-OCT-1986
	    885  ! 		ADD NOEXTEND ERROR CODE TO FLAG FAILED RELATIVE FILE
	    886  ! 		EXTENDS DUE TO PREVIOUS FAILURES.
	    887  ! 
	    888  ! 	X-11	KPS0131		KENNETH P. SIEGEL	25-OCT-1986
	    889  ! 		ADDED SNS ERROR CODE FOR STATISTICS NOT SUPPORT ON
	    890  ! 		NON-DISK DEVICES.
	    891  ! 
	    892  ! 	X-10	SAD009		STUART A. DAVIDSON	06-OCT-1986
	    893  ! 		ADD COMPLETION CODES FOR SNADTF (IBM DATA XFER)
	    894  ! 
	    895  ! 	X-9	GJA0003		GARY J. ALLISON		29-SEP-1986
	    896  ! 		ADD DETACHED RECOVERY ERROR MESSAGES

WSWICS_GET_HPEAK                Source Listing                  19-JAN-2000 14:58:22  Compaq Fortran V7.2-780           Page 5
                                                                17-APR-1996 15:11:37  SYS$COMMON:[SYSLIB]FORSYSDEF.TLB;1($RMSDEF)

	    897  ! 
	    898  ! 	X-8	PMV0008		PETER M. VATNE		24-SEP-1986
	    899  ! 		MODIFY RMS$_ACC_AIJ, RMS$_ACC_BIJ, AND RMS$_ACC_ATJ
	    900  ! 		TO ALSO OUTPUT THE STV.
	    901  ! 
	    902  ! 	X-7	JWT0243		JIM TEAGUE		 2-SEP-1986
	    903  ! 		ADD NEW ERRORS FOR COLLATED KEYS.
	    904  ! 
	    905  ! 	X-6	GJA		GARY J. ALLISON		29-JUL-1986
	    906  ! 		REMOVE DUPS FROM JNL MERGE.
	    907  ! 
	    908  ! 	X-5	GJA		GARY J. ALLISON		29-JUL-1986
	    909  ! 		MERGE JOURNALING INTO MAINLINE
	    910  ! 
	    911  ! 		X-3J6	DAS		DAVID A. SOLOMON	14-APR-1986
	    912  ! 			REMOVE RMS$_RUH_FILE (USING A GENERAL RUF MESSAGE INSTEAD).
	    913  ! 			CHANGE RMS$_RUH TEXT TO NOT HAVE FAO PARAMETERS. ADD
	    914  ! 			RMS$_BUG_RURECERR.
	    915  ! 	
	    916  ! 		X-3J5	JEJ0302		JAMES E JOHNSON		 4-APR-1986
	    917  ! 			ADD RMS$_RRF (ERROR DURING RU RECOVERY) AND
	    918  ! 			RMS$_RUH/RMS$_RUH_FILE (USED TO FORM TEXT OF RU HANDLER ERRORS
	    919  ! 			SENT TO OPCOM).
	    920  ! 	
	    921  ! 		X-3J4	JEJ0272		JAMES E JOHNSON		11-FEB-1986
	    922  ! 			ADD RMS$_RUF, RMS$_BUG_ABORT CODES.
	    923  ! 	
	    924  ! 		X-3J3	JEJ0237		JAMES E JOHNSON		16-DEC-1985
	    925  ! 			ADD RMS$_RUNDOWN CODE
	    926  ! 	
	    927  ! 		X-3J2	JEJ0205		JAMES E JOHNSON		25-OCT-1985
	    928  ! 			ADD JOURNAL SPECIFIC WRTJNL_XXJ ERROR CODES TO REPLACE
	    929  ! 			THE GENERIC ERRWRTJNL CODE.
	    930  ! 
	    931  ! 	X-4	JEJ0216		JAMES E JOHNSON		18-NOV-1985
	    932  ! 		MERGE X-3J2 INTO MAIN LINE FOR V4.4.
	    933  ! 
	    934  ! 		X-3J2	JEJ0205		JAMES E JOHNSON		25-OCT-1985
	    935  ! 			ADD JOURNAL SPECIFIC WRTJNL_XXJ ERROR CODES TO REPLACE
	    936  ! 			THE GENERIC ERRWRTJNL CODE.
	    937  ! 
	    938  ! 	X-3	JEJ0161		JAMES E JOHNSON		 9-SEP-1985
	    939  ! 		UPDATE RMS JOURNALING MESSAGES.
	    940  ! 
	    941  ! 	X-2	JWT0212		JIM TEAGUE		 4-SEP-1985
	    942  ! 		ADD (WHAT IS FOR NOW) AN INTERNAL STATUS CODE TO 
	    943  ! 		DIFFERENTIATE BETWEEN FINDING A DELETED RECORD (DEL)
	    944  ! 		AND FINDING IT BUT WITH A DIFFERENT KEY (KEY_MISMATCH).
	    945  ! 		
	    946  ! 	V03-024	RAS0314		RON SCHAEFER		21-JUN-1984
	    947  ! 		WORK OVER THE MESSAGES ONE MORE TIME:  FIX TYPO IN OK_RNF,
	    948  ! 		DELETE ACPEOF ERROR, DELETE WSF ERROR.
	    949  ! 
	    950  ! 	V03-023	RAS0282		RON SCHAEFER		28-MAR-1984
	    951  ! 		MINOR TEXT CHANGES AND COMMENTS ADDED.
	    952  ! 		DELETE RMS$_COP ERROR.
	    953  ! 

WSWICS_GET_HPEAK                Source Listing                  19-JAN-2000 14:58:22  Compaq Fortran V7.2-780           Page 6
                                                                17-APR-1996 15:11:37  SYS$COMMON:[SYSLIB]FORSYSDEF.TLB;1($RMSDEF)

	    954  ! 	V03-022	DAS0005		DAVID SOLOMON		19-MAR-1984
	    955  ! 		REMOVE RMS$_ECHO (NO LONGER NEEDED AS A RESULT OF NEW
	    956  ! 		IMPLEMENTATION FOR ECHO SYS$INPUT -> SYS$OUTPUT).
	    957  ! 
	    958  ! 	V03-021	JWT0150		JIM TEAGUE		01-FEB-1984
	    959  ! 		ADD RMS$_IFF FOR TRYING TO WRITE-ACCESS A FILE ON 
	    960  ! 		MAGTAPE THAT HAS NON-0 VALUE FOR ANSI BUFFER OFFSET.
	    961  ! 
	    962  ! 	V03-020	RAS0233		RON SCHAEFER		 9-JAN-1984
	    963  ! 		ADD RMS$_NOVALPRS ERROR FOR $SEARCH NOT PRECEDED BY
	    964  ! 		VALID $PARSE.
	    965  ! 
	    966  ! 	V03-019	JWT0148		JIM TEAGUE		20-DEC-1983
	    967  ! 		ADD A JNL XAB ERROR FOR CONFLICTING RU ATTRIBUTES
	    968  ! 		ON $CREATE: RMS$_XCR.
	    969  ! 
	    970  ! 	V03-018	RAS0171		RON SCHAEFER		28-JUL-1983
	    971  ! 		ADD RMS$_BUSY; A STRUCTURE-LESS ERROR (R0-ONLY STATUS)
	    972  ! 		REPLACING TEMP3.
	    973  ! 
	    974  ! 	V03-017	DAS0004		DAVID SOLOMON		28-JUN-1983
	    975  ! 		ADD RMS$_FILEPURGED; ADD RMS$_ACPEOF FOR ZALEWSKI.
	    976  ! 
	    977  ! 	V03-016	KPL0007		PETER LIEBERWIRTH	 8-JUN-1983
	    978  ! 		FIX SPELLING IN JNL ERROR MESSAGES, ADD CJF ERROR WHICH
	    979  ! 		WILL SOON SUBSUME COP AND CQE.
	    980  ! 
	    981  ! 	V03-015	DAS0003		DAVID SOLOMON		18-FEB-1983
	    982  ! 		ADD XNF (REPLACING TEMP9), TMR (NEW), LWC (NEW).
	    983  ! 
	    984  ! 	V03-014	KBT0497		KEITH B. THOMPSON	18-FEB-1983
	    985  ! 		ADD INCOMPSHR ERROR (REUSE OF TEMP1 SLOT)
	    986  ! 
	    987  ! 	V03-013	RAS0120		RON SCHAEFER		 2-FEB-1983
	    988  ! 		ADD ECHO PSEUDO-STATUS TO SUPPORT ECHO OF SYS$INPUT
	    989  ! 		TO SYS$OUTPUT.
	    990  ! 
	    991  ! 	V03-012	JWH0174		JEFFRY W. HORN		24-JAN-1983
	    992  ! 		ADD CQE AND COP ERRORS.
	    993  ! 
	    994  ! 	V03-011	KPL0006		PETER LIEBERWIRTH	 7-JAN-1983
	    995  ! 		ADD OK_RULK FOR RECOVERY UNIT SUPPORT.
	    996  ! 
	    997  ! 		ADD REENT ERROR FOR $RENAME.
	    998  ! 		
	    999  ! 	V03-009	JWH0153		JEFFREY W. HORN		 8-DEC-1982
	   1000  ! 		ADD NRU ERROR.
	   1001  ! 
	   1002  ! 	V03-008	JWH0152		JEFFREY W. HORN		 8-DEC-1982
	   1003  ! 		ADD JNS ERROR.
	   1004  ! 
	   1005  ! 	V03-007 MCN0002		MARIA DEL C. NASR	15-NOV-1982
	   1006  ! 		REPLACE ORD ERROR CODE ELIMINATED BY MCN0001, SINCE
	   1007  ! 		THE NETWORK CODE REFERENCES IT.
	   1008  ! 
	   1009  ! 	V03-006 MCN0001		MARIA DEL C. NASR	26-OCT-1982
	   1010  ! 		PRINT KEY OF REFERENCE OR AREA IDENTIFICATION NUMBER

WSWICS_GET_HPEAK                Source Listing                  19-JAN-2000 14:58:22  Compaq Fortran V7.2-780           Page 7
                                                                17-APR-1996 15:11:37  SYS$COMMON:[SYSLIB]FORSYSDEF.TLB;1($RMSDEF)

	   1011  ! 		INSTEAD OF XAB ADDRESS FOR ERRORS RETURNED DURING
	   1012  ! 		INDEXED FILE CREATION.  ALSO RENAME ALL UNUSED ERROR
	   1013  ! 		CODES TO TEMP.
	   1014  ! 
	   1015  ! 	V03-005	JWH0102		JEFFREY W. HORN		24-SEP-1982
	   1016  ! 		ADD RUP ERROR.
	   1017  ! 
	   1018  ! 	V03-004	RAS0095		RON SCHAEFER		 7-SEP-1982
	   1019  ! 		ADD OVRDSKQUOTA ERROR.
	   1020  ! 
	   1021  ! 	V03-002	JWH0002		JEFFREY W. HORN		26-JUL-1982
	   1022  ! 		CONVERT TO .MSG FORMAT.   ADD RUM ERROR.
	   1023  ! 
	   1024  ! 	V03-001	JWH0001		JEFFREY W. HORN		20-JUL-1982
	   1025  ! 		ADD JNF, JOP, AND NOJ ERRORS.
	   1026  ! 
	   1027  ! 	V02-042	KPL0005		PETER LIEBERWIRTH	 4-FEB-1982
	   1028  ! 		ADD ERROR MESSAGES RMS$_EXENQLM AND RMS$_DEADLOCK
	   1029  ! 		CORRECTLY.
	   1030  ! 
	   1031  ! 	V02-041	CDS0001		C D SAETHER	24-JAN-1982
	   1032  ! 		ADD GBC AND CRMP ERRORS.
	   1033  ! 
	   1034  ! 	V02-040	JAK0069		J A KRYCKA	15-JAN-1982
	   1035  ! 		ADD SUPPORT AND NETFAIL ERROR CODES.
	   1036  ! 
	   1037  ! 	V02-039	JAK0068		J A KRYCKA	31-DEC-1981
	   1038  ! 		MODIFY TEXT FOR SUP, NET, BUG_DAP, AND ENV ERROR MESSAGES.
	   1039  ! 
	   1040  ! 	V02-038 LJA0001		LAURIE ANDERSON 20-DEC-1981
	   1041  ! 		MODIFIED SOME MESSAGES TO READ BETTER.
	   1042  ! 
	   1043  ! 	V02-037	JAK0063		J A KRYCKA	31-AUG-1981
	   1044  ! 		ADD CRE_STM SUCCESS CODE.
	   1045  ! 
	   1046  ! 	V02-036	KPL0004		PETER LIEBERWIRTH	13-JAN-1981
	   1047  ! 		ADD ENQ SEVERE ERROR MESSAGE, TO INDICATE $ENQ/$DEQ FAILURE.
	   1048  ! 		ALSO ADD SUCCESS CODES OK_RRL, AND OK_WAT.
	   1049  ! 
	   1050  ! 	V02-035	REFORMAT	J A KRYCKA	30-JUL-1980
	   1051  ! 
	   1052  ! --
	   1053 	PARAMETER RMS$_FACILITY = '00000001'X
	   1054 	PARAMETER RMS$V_STVSTATUS = '0000000E'X	 !  MOVE TO BIT 14 OF THE
	   1055  !  STATUS CODE IT INDICATES
	   1056  !  THAT STV CONTAINS A SECONDARY
	   1057  !  STATUS CODE.
	   1058 	PARAMETER RMS$_SUC = '00010001'X
	   1059 	PARAMETER RMS$_NORMAL = '00010001'X
	   1060  ! +
	   1061  ! 
	   1062  ! 	SUCCESS CODES
	   1063  ! 
	   1064  ! -
	   1065  !  BIT 16 = BIT 15 = 1
	   1066 	PARAMETER RMS$_STALL = '00018001'X
	   1067  !  (NOTE: USER NEVER RECEIVES THIS CODE)

WSWICS_GET_HPEAK                Source Listing                  19-JAN-2000 14:58:22  Compaq Fortran V7.2-780           Page 8
                                                                17-APR-1996 15:11:37  SYS$COMMON:[SYSLIB]FORSYSDEF.TLB;1($RMSDEF)

	   1068 	PARAMETER RMS$_PENDING = '00018009'X
	   1069 	PARAMETER RMS$_OK_DUP = '00018011'X
	   1070 	PARAMETER RMS$_OK_IDX = '00018019'X
	   1071  !   (RECORD HAS BEEN INSERTED, BUT INDEX STRUCTURE IS NO LONGER
	   1072  !   OPTIMAL.)
	   1073 	PARAMETER RMS$_OK_RLK = '00018021'X
	   1074  !  (BECAUSE LOCKER SET RLK IN ROP FIELD WHEN RECORD WAS LOCKED.)
	   1075 	PARAMETER RMS$_OK_RRL = '00018029'X
	   1076  !  (BECAUSE READER SET RRL IN ROP FIELD WHEN ACCESSING RECORD.)
	   1077  !  (THIS CODE USED TO BE OK_RRV)
	   1078  ! OK_RRV	;MSG <record was inserted successfully in primary>
	   1079  !   (BUT IT MAY NOT BE ACCESSIBLE VIA ONE-OR-MORE SECONDARY KEYS,
	   1080  !   AND NOT BY RFA ADDRESSING. FILE RE-ORGANIZATION RECOMMENDED!)
	   1081 	PARAMETER RMS$_KFF = '00018031'X
	   1082 	PARAMETER RMS$_OK_ALK = '00018039'X
	   1083 	PARAMETER RMS$_OK_DEL = '00018041'X
	   1084 	PARAMETER RMS$_OK_RNF = '00018049'X
	   1085 	PARAMETER RMS$_OK_LIM = '00018051'X
	   1086 	PARAMETER RMS$_OK_NOP = '00018059'X
	   1087 	PARAMETER RMS$_OK_WAT = '00018061'X
	   1088  !  (BECAUSE WAT BIT IN ROP WAS SET AND RECORD WAS ALREADY
	   1089  !  LOCKED.)
	   1090 	PARAMETER RMS$_CRE_STM = '00018069'X
	   1091 	PARAMETER RMS$_OK_RULK = '00018071'X
	   1092 	PARAMETER RMS$_SYNCH = '00018079'X
	   1093 	PARAMETER RMS$_OK_ACT = '00018081'X
	   1094 	PARAMETER RMS$_OK_NOCURTID = '00018089'X
	   1095  ! +
	   1096  ! 
	   1097  ! 	SUCCESS CODES PASSED THRU FROM DRIVERS AND ACP -	BIT 15 = 0
	   1098  ! 
	   1099  ! -
	   1100 	PARAMETER RMS$_CONTROLC = '00010651'X	 !  TERMINAL I/O ABORTED DUE TO CTRL/C
	   1101 	PARAMETER RMS$_CONTROLO = '00010609'X
	   1102  !  TERMINAL I/O ABORTED DUE TO CTRL/O
	   1103 	PARAMETER RMS$_CONTROLY = '00010611'X
	   1104  !  TERMINAL I/O ABORTED DUE TO CTRL/Y
	   1105 	PARAMETER RMS$_CREATED = '00010619'X
	   1106  !  FILE WAS CREATED, NOT OPENED
	   1107 	PARAMETER RMS$_SUPERSEDE = '00010631'X
	   1108  !  CREATED FILE SUPERSEDED EXISTING VERSION
	   1109 	PARAMETER RMS$_OVRDSKQUOTA = '00010669'X
	   1110  !  DISK USAGE EXCEEDS DISK QUOTA
	   1111 	PARAMETER RMS$_FILEPURGED = '00010679'X
	   1112  !  CREATE FILE CAUSED OLDEST FILE
	   1113  !  VERSION TO BE PURGED
	   1114  ! +
	   1115  ! 
	   1116  ! 	WARNING CODES
	   1117  ! 
	   1118  ! -
	   1119  !  BIT 16 = BIT 15 = 1, BIT 14 = 0
	   1120 	PARAMETER RMS$_BOF = '00018198'X
	   1121 	PARAMETER RMS$_RNL = '000181A0'X
	   1122 	PARAMETER RMS$_RTB = '000181A8'X
	   1123 	PARAMETER RMS$_TMO = '000181B0'X
	   1124 	PARAMETER RMS$_TNS = '000181B8'X

WSWICS_GET_HPEAK                Source Listing                  19-JAN-2000 14:58:22  Compaq Fortran V7.2-780           Page 9
                                                                17-APR-1996 15:11:37  SYS$COMMON:[SYSLIB]FORSYSDEF.TLB;1($RMSDEF)

	   1125 	PARAMETER RMS$_BES = '000181C0'X
	   1126 	PARAMETER RMS$_PES = '000181C8'X
	   1127  ! +
	   1128  ! 
	   1129  ! 	ERROR CODES - WITHOUT STV (THAT IS, STV MAY BE USED BUT NO ASSOCIATED
	   1130  ! 		      CONDITION CODE IS IN STV)
	   1131  ! 
	   1132  ! -
	   1133  !  BIT 16 = BIT 15 = 1, BIT 14 = 0
	   1134 	PARAMETER RMS$_ACT = '0001825A'X
	   1135 	PARAMETER RMS$_DEL = '00018262'X
	   1136 	PARAMETER RMS$_INCOMPSHR = '0001826A'X
	   1137 	PARAMETER RMS$_DNR = '00018272'X
	   1138 	PARAMETER RMS$_EOF = '0001827A'X
	   1139 	PARAMETER RMS$_FEX = '00018282'X
	   1140 	PARAMETER RMS$_FLK = '0001828A'X
	   1141 	PARAMETER RMS$_FNF = '00018292'X
	   1142 	PARAMETER RMS$_PRV = '0001829A'X
	   1143 	PARAMETER RMS$_REX = '000182A2'X
	   1144 	PARAMETER RMS$_RLK = '000182AA'X
	   1145 	PARAMETER RMS$_RNF = '000182B2'X
	   1146  !   (RECORD NEVER WAS IN FILE, OR HAS BEEN DELETED.)
	   1147 	PARAMETER RMS$_WLK = '000182BA'X
	   1148 	PARAMETER RMS$_EXP = '000182C2'X
	   1149 	PARAMETER RMS$_NMF = '000182CA'X
	   1150 	PARAMETER RMS$_SUP = '000182D2'X
	   1151  !  (NOTE THAT SUPPORT HAS REPLACED SUP EXCEPT WHEN RMS CANNOT
	   1152  !  MAP THE DAP STATUS CODE INTO A FAL STATUS CODE.)
	   1153  !  (NOTE ALSO THAT SUP SHOULD HAVE BEEN DEFINED AS A SEVERE
	   1154  !  ERROR CODE. HOWEVER, SUPPORT IS A SEVERE ERROR CODE.)
	   1155 	PARAMETER RMS$_RSA = '000182DA'X
	   1156 	PARAMETER RMS$_CRC = '000182E2'X
	   1157 	PARAMETER RMS$_WCC = '000182EA'X
	   1158 	PARAMETER RMS$_IDR = '000182F2'X
	   1159 	PARAMETER RMS$_LWC = '000182FA'X
	   1160 	PARAMETER RMS$_UNUSED1 = '00018302'X
	   1161 	PARAMETER RMS$_NOVALPRS = '0001830A'X
	   1162 	PARAMETER RMS$_KEY_MISMATCH = '00018312'X
	   1163 	PARAMETER RMS$_RUH = '0001831A'X
	   1164 	PARAMETER RMS$_JND = '00018322'X
	   1165 	PARAMETER RMS$_BADPHASE = '0001832A'X
	   1166 	PARAMETER RMS$_TOWDR = '00018332'X
	   1167 	PARAMETER RMS$_NEXDR = '0001833A'X
	   1168 	PARAMETER RMS$_INVDRMSG = '00018342'X
	   1169 	PARAMETER RMS$_RU_ACTIVE = '0001834A'X
	   1170 	PARAMETER RMS$_UNKRUFAC = '00018352'X
	   1171 	PARAMETER RMS$_LIMBO = '0001835A'X
	   1172 	PARAMETER RMS$_IVATRACE = '00018362'X
	   1173 	PARAMETER RMS$_OPNOTSUP = '0001836A'X
	   1174 	PARAMETER RMS$_EXTNOTFOU = '00018372'X
	   1175 	PARAMETER RMS$_EXT_ERR = '0001837A'X
	   1176 	PARAMETER RMS$_SEMANTICS = '00018382'X
	   1177 	PARAMETER RMS$_LSCAN = '0001838A'X
	   1178 	PARAMETER RMS$_ROOTSRCH = '00018392'X
	   1179 	PARAMETER RMS$_IDXSEARCH = '0001839A'X
	   1180 	PARAMETER RMS$_NETBTS = '000183A2'X
	   1181 	PARAMETER RMS$_NXR = '000183AA'X

WSWICS_GET_HPEAK                Source Listing                  19-JAN-2000 14:58:22  Compaq Fortran V7.2-780           Page 10
                                                                17-APR-1996 15:11:37  SYS$COMMON:[SYSLIB]FORSYSDEF.TLB;1($RMSDEF)

	   1182  !  IF EXACT KEY MATCH ON SECONDARY KEY AND SECONDARY KEY
	   1183  !  ENTRY POINTS TO NONEXISTENT PRIMARY DATA RECORD IN
	   1184  !  DISK FILE.
	   1185  ! +
	   1186  ! 
	   1187  ! 	ERROR CODES - WITH STV ERROR CODE (THAT IS, STV CONTAINS AN ASSOCIATED CONDITION CODE)
	   1188  ! 
	   1189  ! -
	   1190  !  BIT 16 = BIT 15 = BIT 14 = 1
	   1191 	PARAMETER RMS$_ACC = '0001C002'X
	   1192 	PARAMETER RMS$_CRE = '0001C00A'X
	   1193 	PARAMETER RMS$_DAC = '0001C012'X
	   1194 	PARAMETER RMS$_ENT = '0001C01A'X
	   1195 	PARAMETER RMS$_EXT = '0001C022'X
	   1196 	PARAMETER RMS$_FND = '0001C02A'X
	   1197 	PARAMETER RMS$_MKD = '0001C032'X
	   1198 	PARAMETER RMS$_DPE = '0001C03A'X
	   1199 	PARAMETER RMS$_SPL = '0001C042'X
	   1200 	PARAMETER RMS$_DNF = '0001C04A'X
	   1201 	PARAMETER RMS$_RUF = '0001C052'X
	   1202 	PARAMETER RMS$_WRTJNL_AIJ = '0001C05A'X
	   1203 	PARAMETER RMS$_WRTJNL_BIJ = '0001C062'X
	   1204 	PARAMETER RMS$_WRTJNL_ATJ = '0001C06A'X
	   1205 	PARAMETER RMS$_WRTJNL_RUJ = '0001C072'X
	   1206 	PARAMETER RMS$_RRF = '0001C07A'X
	   1207 	PARAMETER RMS$_DDTM_ERR = '0001C082'X
	   1208  ! +
	   1209  ! 
	   1210  ! 	SEVERE ERROR CODES - WITHOUT STV (THAT IS, STV MAY BE USED BUT NO ASSOCIATED
	   1211  ! 			     CONDITION CODE IS IN STV)
	   1212  ! 
	   1213  ! -
	   1214  !  BIT 16 = BIT 15 = 1, BIT 14 = 0
	   1215 	PARAMETER RMS$_DTFCDDREC = '000183EC'X
	   1216 	PARAMETER RMS$_AID = '000183F4'X
	   1217 	PARAMETER RMS$_ALN = '000183FC'X
	   1218 	PARAMETER RMS$_ALQ = '00018404'X
	   1219 	PARAMETER RMS$_ANI = '0001840C'X
	   1220 	PARAMETER RMS$_AOP = '00018414'X
	   1221 	PARAMETER RMS$_BKS = '0001841C'X
	   1222 	PARAMETER RMS$_BKZ = '00018424'X
	   1223 	PARAMETER RMS$_BLN = '0001842C'X
	   1224 	PARAMETER RMS$_BUG = '00018434'X
	   1225 	PARAMETER RMS$_BUG_DDI = '0001843C'X
	   1226 	PARAMETER RMS$_BUG_DAP = '00018444'X
	   1227 	PARAMETER RMS$_BUG_RU_ACTIVE = '0001844C'X
	   1228 	PARAMETER RMS$_BUG_RURECERR = '00018454'X
	   1229 	PARAMETER RMS$_BUG_FLUSH_JNL_FAILED = '0001845C'X
	   1230 	PARAMETER RMS$_BUG_RU_ABORT_FAIL = '00018464'X
	   1231 	PARAMETER RMS$_BUG_RU_COMMIT_FAIL = '0001846C'X
	   1232 	PARAMETER RMS$_BUG_XX6 = '00018474'X
	   1233 	PARAMETER RMS$_BUG_XX7 = '0001847C'X
	   1234 	PARAMETER RMS$_BUG_XX8 = '00018484'X
	   1235 	PARAMETER RMS$_BUSY = '0001848C'X
	   1236 	PARAMETER RMS$_CCR = '00018494'X
	   1237 	PARAMETER RMS$_CHG = '0001849C'X
	   1238 	PARAMETER RMS$_CHK = '000184A4'X

WSWICS_GET_HPEAK                Source Listing                  19-JAN-2000 14:58:22  Compaq Fortran V7.2-780           Page 11
                                                                17-APR-1996 15:11:37  SYS$COMMON:[SYSLIB]FORSYSDEF.TLB;1($RMSDEF)

	   1239 	PARAMETER RMS$_COD = '000184AC'X
	   1240 	PARAMETER RMS$_CUR = '000184B4'X
	   1241 	PARAMETER RMS$_DAN = '000184BC'X
	   1242 	PARAMETER RMS$_DEV = '000184C4'X
	   1243 	PARAMETER RMS$_DIR = '000184CC'X
	   1244 	PARAMETER RMS$_DME = '000184D4'X
	   1245 	PARAMETER RMS$_DNA = '000184DC'X
	   1246 	PARAMETER RMS$_DTP = '000184E4'X
	   1247 	PARAMETER RMS$_DUP = '000184EC'X
	   1248 	PARAMETER RMS$_DVI = '000184F4'X
	   1249 	PARAMETER RMS$_ESA = '000184FC'X
	   1250 	PARAMETER RMS$_ESS = '00018504'X
	   1251 	PARAMETER RMS$_FAB = '0001850C'X
	   1252 	PARAMETER RMS$_FAC = '00018514'X
	   1253 	PARAMETER RMS$_FLG = '0001851C'X
	   1254 	PARAMETER RMS$_FNA = '00018524'X
	   1255 	PARAMETER RMS$_FNM = '0001852C'X
	   1256 	PARAMETER RMS$_FSZ = '00018534'X
	   1257 	PARAMETER RMS$_FOP = '0001853C'X
	   1258 	PARAMETER RMS$_FUL = '00018544'X
	   1259 	PARAMETER RMS$_IAL = '0001854C'X
	   1260 	PARAMETER RMS$_IAN = '00018554'X
	   1261 	PARAMETER RMS$_IDX = '0001855C'X
	   1262 	PARAMETER RMS$_IFI = '00018564'X
	   1263 	PARAMETER RMS$_IMX = '0001856C'X
	   1264 	PARAMETER RMS$_IOP = '00018574'X
	   1265 	PARAMETER RMS$_IRC = '0001857C'X
	   1266 	PARAMETER RMS$_ISI = '00018584'X
	   1267 	PARAMETER RMS$_KBF = '0001858C'X
	   1268 	PARAMETER RMS$_KEY = '00018594'X
	   1269 	PARAMETER RMS$_KRF = '0001859C'X
	   1270 	PARAMETER RMS$_KSZ = '000185A4'X
	   1271 	PARAMETER RMS$_LAN = '000185AC'X
	   1272 	PARAMETER RMS$_RUNDOWN = '000185B4'X
	   1273 	PARAMETER RMS$_LNE = '000185BC'X
	   1274 	PARAMETER RMS$_DTFCVT = '000185C4'X
	   1275 	PARAMETER RMS$_MRN = '000185CC'X
	   1276 	PARAMETER RMS$_MRS = '000185D4'X
	   1277 	PARAMETER RMS$_NAM = '000185DC'X
	   1278 	PARAMETER RMS$_NEF = '000185E4'X
	   1279 	PARAMETER RMS$_DTFQUASYN = '000185EC'X
	   1280 	PARAMETER RMS$_NOD = '000185F4'X
	   1281 	PARAMETER RMS$_NPK = '000185FC'X
	   1282 	PARAMETER RMS$_ORD = '00018604'X	 ! ! NOT USED AS OF V4
	   1283 	PARAMETER RMS$_ORG = '0001860C'X
	   1284 	PARAMETER RMS$_PBF = '00018614'X
	   1285 	PARAMETER RMS$_PLG = '0001861C'X
	   1286 	PARAMETER RMS$_POS = '00018624'X
	   1287 	PARAMETER RMS$_DTFQUAVAL = '0001862C'X
	   1288 	PARAMETER RMS$_QUO = '00018634'X
	   1289 	PARAMETER RMS$_RAB = '0001863C'X
	   1290 	PARAMETER RMS$_RAC = '00018644'X
	   1291 	PARAMETER RMS$_RAT = '0001864C'X
	   1292 	PARAMETER RMS$_RBF = '00018654'X
	   1293 	PARAMETER RMS$_RFA = '0001865C'X
	   1294 	PARAMETER RMS$_RFM = '00018664'X
	   1295 	PARAMETER RMS$_RHB = '0001866C'X

WSWICS_GET_HPEAK                Source Listing                  19-JAN-2000 14:58:22  Compaq Fortran V7.2-780           Page 12
                                                                17-APR-1996 15:11:37  SYS$COMMON:[SYSLIB]FORSYSDEF.TLB;1($RMSDEF)

	   1296 	PARAMETER RMS$_RLF = '00018674'X
	   1297 	PARAMETER RMS$_ROP = '0001867C'X
	   1298 	PARAMETER RMS$_RRV = '00018684'X
	   1299 	PARAMETER RMS$_RVU = '0001868C'X
	   1300 	PARAMETER RMS$_RSS = '00018694'X
	   1301 	PARAMETER RMS$_RST = '0001869C'X
	   1302 	PARAMETER RMS$_RSZ = '000186A4'X
	   1303 	PARAMETER RMS$_SEQ = '000186AC'X
	   1304 	PARAMETER RMS$_SHR = '000186B4'X
	   1305 	PARAMETER RMS$_SIZ = '000186BC'X
	   1306 	PARAMETER RMS$_SQO = '000186C4'X
	   1307 	PARAMETER RMS$_DTFSESEST = '000186CC'X
	   1308 	PARAMETER RMS$_SYN = '000186D4'X
	   1309 	PARAMETER RMS$_TRE = '000186DC'X
	   1310 	PARAMETER RMS$_TYP = '000186E4'X
	   1311 	PARAMETER RMS$_UBF = '000186EC'X
	   1312 	PARAMETER RMS$_USZ = '000186F4'X
	   1313 	PARAMETER RMS$_VER = '000186FC'X
	   1314 	PARAMETER RMS$_XNF = '00018704'X
	   1315 	PARAMETER RMS$_XAB = '0001870C'X
	   1316 	PARAMETER RMS$_ESL = '00018714'X
	   1317 	PARAMETER RMS$_DTFSESTER = '0001871C'X
	   1318 	PARAMETER RMS$_ENV = '00018724'X
	   1319 	PARAMETER RMS$_PLV = '0001872C'X
	   1320 	PARAMETER RMS$_MBC = '00018734'X
	   1321 	PARAMETER RMS$_RSL = '0001873C'X
	   1322 	PARAMETER RMS$_WLD = '00018744'X
	   1323 	PARAMETER RMS$_NET = '0001874C'X	 !  (NOTE THAT NETFAIL HAS REPLACED NET EXCEPT WHEN RMS CANNOT
	   1324  !  MAP THE DAP STATUS CODE INTO A FAL STATUS CODE.)
	   1325 	PARAMETER RMS$_IBF = '00018754'X
	   1326 	PARAMETER RMS$_REF = '0001875C'X
	   1327 	PARAMETER RMS$_IFL = '00018764'X
	   1328 	PARAMETER RMS$_DFL = '0001876C'X
	   1329 	PARAMETER RMS$_KNM = '00018774'X
	   1330 	PARAMETER RMS$_IBK = '0001877C'X
	   1331 	PARAMETER RMS$_KSI = '00018784'X
	   1332 	PARAMETER RMS$_LEX = '0001878C'X
	   1333 	PARAMETER RMS$_SEG = '00018794'X
	   1334 	PARAMETER RMS$_SNE = '0001879C'X	 ! ! NOT USED AS OF V4
	   1335 	PARAMETER RMS$_SPE = '000187A4'X	 ! ! NOT USED AS OF V4
	   1336 	PARAMETER RMS$_UPI = '000187AC'X
	   1337 	PARAMETER RMS$_ACS = '000187B4'X
	   1338 	PARAMETER RMS$_STR = '000187BC'X
	   1339 	PARAMETER RMS$_FTM = '000187C4'X
	   1340 	PARAMETER RMS$_GBC = '000187CC'X
	   1341 	PARAMETER RMS$_DEADLOCK = '000187D4'X
	   1342 	PARAMETER RMS$_EXENQLM = '000187DC'X
	   1343 	PARAMETER RMS$_JOP = '000187E4'X
	   1344 	PARAMETER RMS$_RUM = '000187EC'X
	   1345 	PARAMETER RMS$_JNS = '000187F4'X
	   1346 	PARAMETER RMS$_NRU = '000187FC'X
	   1347 	PARAMETER RMS$_IFF = '00018804'X
	   1348 	PARAMETER RMS$_DTFTRATBL = '0001880C'X
	   1349 	PARAMETER RMS$_DTFUNSTYP = '00018814'X
	   1350 	PARAMETER RMS$_DTFVERMIS = '0001881C'X
	   1351  ! +
	   1352  ! 

WSWICS_GET_HPEAK                Source Listing                  19-JAN-2000 14:58:22  Compaq Fortran V7.2-780           Page 13
                                                                17-APR-1996 15:11:37  SYS$COMMON:[SYSLIB]FORSYSDEF.TLB;1($RMSDEF)

	   1353  ! 	ERROR CODES - WITHOUT STV
	   1354  ! 
	   1355  ! 	  DTFACC AND DTFCRE WERE ORIGINALLY INCLUDED IN THIS FATAL SEVERITY 
	   1356  ! 	  (NO STV) GROUPING.  IN ORDER TO CHANGE THEIR SEVERITY TO ERROR 
	   1357  ! 	  (NO STV) AND RETAIN THE SAME MESSAGE CODE VALUE, THE FOLLOWING 
	   1358  ! 	  SHIFTS IN SEVERITY FROM FATAL TO ERROR AND THEN BACK AGAIN ARE
	   1359  ! 	  DONE, WHILE RETAINING THE SAME ORIGINAL BASE ASSOCIATED WITH EACH.
	   1360  ! 
	   1361  ! -
	   1362  !  BIT 16 = BIT 15 = 1, BIT 14 = 0
	   1363 	PARAMETER RMS$_DTFACC = '00018822'X
	   1364  ! +
	   1365  ! 
	   1366  ! 	SEVERE ERROR CODES - WITHOUT STV
	   1367  ! 
	   1368  ! -
	   1369  !  BIT 16 = BIT 15 = 1, BIT 14 = 0
	   1370 	PARAMETER RMS$_BOGUSCOL = '0001882C'X
	   1371 	PARAMETER RMS$_ERRREADCOL = '00018834'X
	   1372 	PARAMETER RMS$_ERRWRITECOL = '0001883C'X
	   1373 	PARAMETER RMS$_SNS = '00018844'X
	   1374 	PARAMETER RMS$_NOEXTEND = '0001884C'X	 ! +
	   1375  ! 
	   1376  ! 	ERROR CODES - WITHOUT STV
	   1377  ! 
	   1378  ! -
	   1379  !  BIT 16 = BIT 15 = 1, BIT 14 = 0
	   1380 	PARAMETER RMS$_DTFCRE = '00018852'X
	   1381  ! +
	   1382  ! 
	   1383  ! 	SEVERE ERROR CODES - WITHOUT STV
	   1384  ! 
	   1385  ! -
	   1386  !  BIT 16 = BIT 15 = 1, BIT 14 = 0
	   1387 	PARAMETER RMS$_DELJNS = '0001885C'X
	   1388 	PARAMETER RMS$_NOTSAMEJNL = '00018864'X
	   1389 	PARAMETER RMS$_SNPPF = '0001886C'X
	   1390  ! +
	   1391  ! 
	   1392  ! 	SEVERE ERRORS - WITH STV ERROR CODE (THAT IS, STV CONTAINS AN ASSOCIATED CONDITION CODE)
	   1393  ! 
	   1394  ! -
	   1395  !  BIT 16 = BIT 15 = BIT 14 = 1
	   1396 	PARAMETER RMS$_ATR = '0001C0CC'X
	   1397 	PARAMETER RMS$_ATW = '0001C0D4'X
	   1398 	PARAMETER RMS$_CCF = '0001C0DC'X
	   1399 	PARAMETER RMS$_CDA = '0001C0E4'X
	   1400 	PARAMETER RMS$_CHN = '0001C0EC'X
	   1401 	PARAMETER RMS$_RER = '0001C0F4'X
	   1402 	PARAMETER RMS$_RMV = '0001C0FC'X
	   1403 	PARAMETER RMS$_RPL = '0001C104'X
	   1404 	PARAMETER RMS$_SYS = '0001C10C'X
	   1405 	PARAMETER RMS$_WER = '0001C114'X
	   1406 	PARAMETER RMS$_WPL = '0001C11C'X
	   1407 	PARAMETER RMS$_IFA = '0001C124'X
	   1408 	PARAMETER RMS$_WBE = '0001C12C'X
	   1409 	PARAMETER RMS$_ENQ = '0001C134'X

WSWICS_GET_HPEAK                Source Listing                  19-JAN-2000 14:58:22  Compaq Fortran V7.2-780           Page 14
                                                                17-APR-1996 15:11:37  SYS$COMMON:[SYSLIB]FORSYSDEF.TLB;1($RMSDEF)

	   1410 	PARAMETER RMS$_NETFAIL = '0001C13C'X
	   1411 	PARAMETER RMS$_SUPPORT = '0001C144'X
	   1412 	PARAMETER RMS$_CRMP = '0001C14C'X
	   1413 	PARAMETER RMS$_DTFCFGFIL = '0001C154'X
	   1414 	PARAMETER RMS$_REENT = '0001C15C'X
	   1415 	PARAMETER RMS$_ACC_RUJ = '0001C164'X
	   1416 	PARAMETER RMS$_TMR = '0001C16C'X
	   1417 	PARAMETER RMS$_ACC_AIJ = '0001C174'X
	   1418 	PARAMETER RMS$_ACC_BIJ = '0001C17C'X
	   1419 	PARAMETER RMS$_ACC_ATJ = '0001C184'X
	   1420 	PARAMETER RMS$_DTFDEFFIL = '0001C18C'X
	   1421 	PARAMETER RMS$_DTFREGFIL = '0001C194'X
	   1422 	PARAMETER RMS$_JNLNOTAUTH = '0001C19C'X
	   1423 !DEC$ END OPTIONS
	   1424 
	   1425         RECORD
	   1426      .    /CORE/ SCI,                                      !basic data
	   1427      .    /HDBstr/ HDB,                                    !housekeeping
	   1428      .    /SW_RATE/ SWICS_RATE                             !rate data
	   1429 C
	   1430 C                                                **output**
	   1431         INTEGER
	   1432      .    PEAK_ION(2), HM1_ION(2), HM2_ION(2)              !for H+
	   1433 C
	   1434 C                                                **internal**
	   1435         LOGICAL
	   1436      .    FOUND1, FOUND2,                                  !found hm's
	   1437      .    CODE_C                                           !t=compress C
	   1438 C
	   1439         INTEGER
	   1440      .    RATE_USED,
	   1441      .    SHIFT(2)/0,2/,                                   !fsr and tcr
	   1442      .    WIND_DECOMPRESS,                                 !function
	   1443      .    ITEMP,                                           !temp value
	   1444      .    VSTEP,                                           !voltage step
	   1445      .    PEAK,                                          !peak counts
	   1446      .    TEMP_PEAK,
	   1447      .    VPEAK,                                           !step at peak
	   1448      .    HM1, HM2,                                        !half maxes
	   1449      .    MEMAX,                                           !# of me rates
	   1450      .    I,J,K,
	   1451      .    IMID                                             !temp var
	   1452 C
	   1453         REAL
	   1454      .    BCKGND,                                          !background val
	   1455      .    MID                                              !1/2 max value
	   1456 C
	   1457 C***************************************************************************
	   1458 C                         
	   1459 C                            *Statements*
	   1460 C
	   1461 C
	   1462         DO K = 1, 2
	   1463           FOUND1 = .FALSE.
	   1464           FOUND2 = .FALSE.
	   1465           BCKGND = 1E9
	   1466           HM1 = -1

WSWICS_GET_HPEAK                Source Listing                  19-JAN-2000 14:58:22  Compaq Fortran V7.2-780           Page 15
                                                                17-APR-1996 15:11:37  [WIND.SOFTWARE.SWICS]WSWICS_GET_HPEAK.FOR;1

	   1467           HM2 = -1
	   1468           PEAK = 0
	   1469           DO I = 0, 59                                   !loop over spins
	   1470 C                                                **get bit rate**
	   1471             IF (SCI.EDB(I).BITRATE) THEN                 !high bitrate
	   1472               MEMAX = 109                                !number of merates
	   1473             ELSE
	   1474               MEMAX = 55                                 !number of merates
	   1475             END IF
	   1476 C                                                **get compression code & vs**
	   1477             ITEMP = HDB.BDH.DAT(189)
	   1478             CODE_C = BTEST(ITEMP,2)
	   1479             ITEMP = SWICS_RATE.EDB(I).RATE(MEMAX+6)
	   1480             VSTEP = IBITS(ITEMP,0,6)
	   1481 C                                                **find peak**
	   1482             RATE_USED = WIND_DECOMPRESS(SWICS_RATE.EDB(I).RATE(MEMAX
	   1483      .                       +SHIFT(K)),CODE_C)       !fsr for h+, tcr for he++
	   1484             IF (RATE_USED.GT.PEAK) THEN
	   1485               PEAK = RATE_USED                               !get rate
	   1486               IMID = I
	   1487             END IF
	   1488             IF (RATE_USED.LT.BCKGND) THEN
	   1489               BCKGND = RATE_USED
	   1490             END IF
	   1491           END DO                                           !i = 0, 59
	   1492 C
	   1493           IF (PEAK.LT.(BCKGND+2*SQRT(BCKGND))) THEN !not 2 sig above
	   1494             PEAK_ION(K) = -1
	   1495             HM1_ION(K) = -1
	   1496             HM2_ION(K) = -1
	   1497             GOTO 1000
	   1498           ELSE
	   1499             PEAK_ION(K) = IMID
	   1500           END IF
	   1501 C                                                **find 1/2 maximums**
	   1502           IF (K.EQ.2)                            !find peak in fsr for he++
	   1503      .      PEAK = WIND_DECOMPRESS(SWICS_RATE.EDB(IMID).RATE(MEMAX),CODE_C)
	   1504           TEMP_PEAK = PEAK
	   1505           MID = PEAK/2.                                  !1/2 max
	   1506           MID = MAX(MID,BCKGND)
	   1507           DO I = 1, 10
	   1508             IF (IMID-I.GE.0 .AND. .NOT.FOUND1) THEN
	   1509               RATE_USED = WIND_DECOMPRESS(SWICS_RATE.EDB(IMID-I).RATE(MEMAX)
	   1510      .                       ,CODE_C)                      !both use fsr now
	   1511               IF (RATE_USED.LE.MID) THEN
	   1512                 HM1 = IMID-I
	   1513                 FOUND1 = .TRUE.
	   1514               END IF
	   1515             END IF
	   1516             IF (IMID+I.LE.59 .AND. .NOT.FOUND2) THEN
	   1517               RATE_USED = WIND_DECOMPRESS(SWICS_RATE.EDB(IMID+I).RATE(MEMAX),
	   1518      .                       CODE_C)
	   1519 C                                                in case never find hm2 for he
	   1520 C                                                take step at lowest rate 
	   1521               IF (K.EQ.2 .AND.RATE_USED.LT.TEMP_PEAK) THEN
	   1522                 TEMP_PEAK = RATE_USED
	   1523                 HM2 = IMID+I

WSWICS_GET_HPEAK                Source Listing                  19-JAN-2000 14:58:22  Compaq Fortran V7.2-780           Page 16
                                                                19-JAN-2000 14:57:44  [WIND.SOFTWARE.SWICS]WSWICS_GET_HPEAK.FOR;1

	   1524               END IF
	   1525               IF (RATE_USED.LE.MID) THEN
	   1526                 HM2 = IMID+I
	   1527                 FOUND2 = .TRUE.
	   1528               END IF
	   1529             END IF                                         !imid+i.le.59
	   1530             IF (FOUND1 .AND. FOUND2) THEN
	   1531               HM1_ION(K) = HM1
	   1532               HM2_ION(K) = HM2
	   1533               GOTO 1000
	   1534             END IF
	   1535           END DO                                           !i = 1, 10
	   1536           IF (K.EQ.2.AND.FOUND1) THEN              !never found real hm2 for he
	   1537             HM1_ION(K) = HM1
	   1538             HM2_ION(K) = HM2
	   1539           ELSE
	   1540             HM1_ION(K) = -1
	   1541             HM2_ION(K) = -1
	   1542           END IF
	   1543  1000   END DO                                             !k = 1, 2
	   1544         RETURN
	   1545         END


PROGRAM SECTIONS

    Name				 Bytes   Attributes

  1 $BSS$                                   20 NOPIC CON REL LCL NOSHR NOEXE   RD   WRT OCTA
  2 $DATA$                                   8 NOPIC CON REL LCL NOSHR NOEXE   RD   WRT OCTA
  3 $CODE$                                1500   PIC CON REL LCL   SHR   EXE NORD NOWRT OCTA
  4 $LINK$                                  96 NOPIC CON REL LCL NOSHR NOEXE   RD NOWRT OCTA
  5 L1_HEADERS                             644 NOPIC OVR REL GBL NOSHR NOEXE   RD   WRT OCTA

    Total Space Allocated                 2268


ENTRY POINTS

 Address      Name            
                              
  3-00000000  WSWICS_GET_HPEAK


VARIABLES

 Address      Type  Name       Address      Type  Name       Address      Type  Name       Address      Type  Name     
                                                                                                                       
      **      R*4   BCKGND          **      I*4   HM2             **      I*4   K               **      I*4   TEMP_PEAK
  0-0000003C  L*4   CODE_C          **      I*4   I               **      I*4   MEMAX       1-00000008  I*4   VPEAK    
      **      L*4   FOUND1      1-00000000  I*4   IMID            **      R*4   MID         1-0000000C  I*4   VSTEP    
      **      L*4   FOUND2      1-00000010  I*4   ITEMP           **      I*4   PEAK                                   
      **      I*4   HM1         1-00000004  I*4   J               **      I*4   RATE_USED                              



WSWICS_GET_HPEAK                Source Listing                  19-JAN-2000 14:58:22  Compaq Fortran V7.2-780           Page 17
                                                                19-JAN-2000 14:57:44  [WIND.SOFTWARE.SWICS]WSWICS_GET_HPEAK.FOR;1

TYPES/RECORDS

 Address      Name           Structure              Bytes  Address      Name           Structure              Bytes
                                                                                                                   
      **      HDB            HDBSTR                   324       **      SCI            CORE                    7384
  5-00000000  L1_FILE_HEADER ST_L1_FILE_HEADER        400       **      SWICS_RATE     SW_RATE                 7200
  5-00000190  L1_SR_HEADER   ST_L1_SR_HEADER          244                                                          


ARRAYS

 Address      Type  Name            Bytes  Dimensions

      **      I*4   HM1_ION             8  (2)
      **      I*4   HM2_ION             8  (2)
      **      I*4   PEAK_ION            8  (2)
  2-00000000  I*4   SHIFT               8  (2)


LABELS

 Address      Label
                   
  3-00000440  1000 

WSWICS_GET_HPEAK                Source Listing                  19-JAN-2000 14:58:22  Compaq Fortran V7.2-780           Page 18
                                                                19-JAN-2000 14:57:44  [WIND.SOFTWARE.SWICS]WSWICS_GET_HPEAK.FOR;1

COMMAND QUALIFIERS

  /ALIGNMENT=(COMMONS=(NONATURAL,PACKED,NOSTANDARD,NOMULTILANGUAGE),RECORDS=PACKED)
  /ARCHITECTURE=GENERIC
  /ASSUME=(ACCURACY_SENSITIVE,ALTPARAM,NOBUFFERED_IO,NOBYTERECL,NODUMMY_ALIASES,NOFP_CONSTANT,NOINT_CONSTANT,NOMINUS0,
           NOUNDERSCORE,NOSOURCE_INCLUDE)
  /NOAUTOMATIC
  /NOBY_REF_CALL
  /CHECK=(BOUNDS,FORMAT,FP_EXCEPTIONS,OUTPUT_CONVERSION,OVERFLOW,POWER,UNDERFLOW)
  /CONVERT=NATIVE
  /DEBUG=(NOSYMBOLS,TRACEBACK)
  /NODEFINE
  /DOUBLE_SIZE=64
  /NOD_LINES
  /ERROR_LIMIT=30
  /EXTEND_SOURCE
  /F77
  /FLOAT=G_FLOAT
  /GRANULARITY=QUADWORD
  /IEEE_MODE=FAST
  /INTEGER_SIZE=32
  /NOMACHINE_CODE
  /MATH_LIBRARY=ACCURATE
  /NOMODULE
  /NAMES=UPPERCASE
  /OPTIMIZE=(INLINE=SPEED,LEVEL=4,NOLOOPS,NOPIPELINE,TUNE=GENERIC,UNROLL=0)
  /NOPAD_SOURCE
  /REAL_SIZE=32
  /NORECURSIVE
  /REENTRANCY=NONE
  /ROUNDING_MODE=NEAREST
  /NOSEPARATE_COMPILATION
  /SEVERITY=(WARNING=WARNING)
  /SHOW=(INCLUDE,MAP)
  /SOURCE_FORM=FIXED
  /STANDARD=NONE
  /NOSYNCHRONOUS_EXCEPTIONS
  /NOSYNTAX_ONLY
  /NOTIE
  /VMS
  /WARNINGS=(NOALIGNMENT,NOARGUMENT_CHECKING,DECLARATIONS,GENERAL,GRANULARITY,NOTRUNCATED_SOURCE,UNCALLED,UNINITIALIZED,
           NOUNUSED,USAGE)

  /NOANALYSIS_DATA
  /NODIAGNOSTICS
  /INCLUDE=FORT$INCLUDE:
  /LIST=SMS1:[WIND.SOFTWARE.SWICS]WSWICS_GET_HPEAK.LIS;1
  /OBJECT=SMS1:[WIND.SOFTWARE.SWICS]WSWICS_GET_HPEAK.OBJ;1
  /NOLIBRARY

COMPILER: Compaq Fortran V7.2-780-4293Q

WSWICS_GET_HPEAK                Source Listing                  19-JAN-2000 14:58:22  Compaq Fortran V7.2-780           Page 19
                                                                19-JAN-2000 14:57:44  [WIND.SOFTWARE.SWICS]WSWICS_GET_HPEAK.FOR;1

COMPILATION STATISTICS

  CPU time:          2.52 seconds
  Elapsed time:      7.36 seconds
  Pagefaults:         826
  I/O Count:           64
