 STICS SELECTED RATES
 Run time  16:46:18    1-SEP-05
         Input Level 1 Filename: SMSDISK3:[WIND.L1DATA]WI_L1_SMS_19990701_V01.DAT;1
         FIFO mode is OFF    TGS mode is OFF      Telemetry mode is Science mode     
 Time shown is the START time for each interval
 
 YEAR DOY HR:MN:SC   SPEED     UNCER           H            He2            He1            BR0            BR1            BR2          FSR12          FSR34          FSR56             O1             O6             07     
    0   0  0:00:00   456.4      34.2    0.0000000E+00  0.8333334E-02  0.0000000E+00  0.0000000E+00  0.0000000E+00  0.1666667E-01  0.2016667E+02  0.2501667E+02  0.1614167E+02  0.0000000E+00  0.0000000E+00  0.0000000E+00
 1999 182  0:03:43   445.6      44.4    0.0000000E+00  0.5833333E-01  0.3333334E-01  0.0000000E+00  0.8333334E-02  0.7500000E-01  0.2033333E+02  0.2507500E+02  0.1658333E+02  0.0000000E+00  0.0000000E+00  0.0000000E+00
 1999 182  0:09:52   458.9      38.0    0.0000000E+00  0.8333334E-02  0.8333334E-02  0.0000000E+00  0.8333334E-02  0.5833333E-01  0.2060833E+02  0.2520833E+02  0.1671667E+02  0.0000000E+00  0.0000000E+00  0.0000000E+00
 1999 182  0:16:01   456.9      35.4    0.0000000E+00  0.2500000E-01  0.2500000E-01  0.0000000E+00  0.0000000E+00  0.6666667E-01  0.2048333E+02  0.2560000E+02  0.1672500E+02  0.0000000E+00  0.0000000E+00  0.0000000E+00
 1999 182  0:22:09   469.3      34.7    0.8333334E-02  0.1666667E-01  0.1666667E-01  0.0000000E+00  0.8333334E-02  0.8333334E-01  0.2036667E+02  0.2710833E+02  0.1683333E+02  0.0000000E+00  0.0000000E+00  0.0000000E+00
 1999 182  0:28:18   469.3      32.4    0.1666667E-01  0.0000000E+00  0.8333334E-02  0.0000000E+00  0.8333334E-02  0.4166667E-01  0.2020833E+02  0.2570833E+02  0.1666667E+02  0.0000000E+00  0.0000000E+00  0.0000000E+00
 1999 182  0:34:27   454.8      32.2    0.2500000E-01  0.1666667E-01  0.8333334E-02  0.0000000E+00  0.0000000E+00  0.8333334E-01  0.2028333E+02  0.2539167E+02  0.1688333E+02  0.0000000E+00  0.0000000E+00  0.0000000E+00
 1999 182  0:40:35   438.8      35.2    0.5166667E+00  0.1666667E-01  0.8333334E-02  0.0000000E+00  0.0000000E+00  0.7500000E-01  0.1976667E+02  0.2460000E+02  0.1686667E+02  0.0000000E+00  0.0000000E+00  0.0000000E+00
 1999 182  0:46:44   445.5      37.6    0.0000000E+00  0.0000000E+00  0.2500000E-01  0.0000000E+00  0.0000000E+00  0.5833333E-01  0.2041667E+02  0.2516667E+02  0.1619167E+02  0.0000000E+00  0.0000000E+00  0.0000000E+00
 1999 182  0:52:53   443.5      38.9    0.0000000E+00  0.0000000E+00  0.5000000E-01  0.8333334E-02  0.0000000E+00  0.6666667E-01  0.2080833E+02  0.2553333E+02  0.1653333E+02  0.0000000E+00  0.0000000E+00  0.0000000E+00
 1999 182  0:59:02   443.5      34.5    0.2500000E-01  0.0000000E+00  0.8333334E-02  0.0000000E+00  0.0000000E+00  0.4166667E-01  0.2078333E+02  0.2575833E+02  0.1672500E+02  0.0000000E+00  0.0000000E+00  0.0000000E+00
 1999 182  1:05:10   442.1      38.4    0.3333334E-01  0.0000000E+00  0.8333334E-02  0.8333334E-02  0.8333334E-02  0.5000000E-01  0.2047500E+02  0.2519167E+02  0.1614167E+02  0.0000000E+00  0.0000000E+00  0.0000000E+00
 1999 182  1:11:19   442.2      38.2    0.8333334E-02  0.8333334E-02  0.0000000E+00  0.8333334E-02  0.0000000E+00  0.4166667E-01  0.2005000E+02  0.2500000E+02  0.1632500E+02  0.0000000E+00  0.0000000E+00  0.0000000E+00
 1999 182  1:17:28   442.2      37.2    0.1666667E-01  0.1216667E+01  0.3333334E-01  0.0000000E+00  0.0000000E+00  0.7500000E-01  0.2038333E+02  0.2483333E+02  0.1636667E+02  0.0000000E+00  0.0000000E+00  0.0000000E+00
 1999 182  1:23:37   444.1      34.4    0.8333334E-02  0.1666667E-01  0.8333334E-02  0.8333334E-02  0.0000000E+00  0.6666667E-01  0.2008333E+02  0.2552500E+02  0.1704167E+02  0.0000000E+00  0.0000000E+00  0.0000000E+00
 1999 182  1:29:45   442.1      37.5    0.8333334E-02  0.1666667E-01  0.8333334E-02  0.0000000E+00  0.8333334E-02  0.3333334E-01  0.1994167E+02  0.2665000E+02  0.1594167E+02  0.0000000E+00  0.0000000E+00  0.0000000E+00
 1999 182  1:35:54   466.0      31.6    0.0000000E+00  0.2500000E-01  0.3333334E-01  0.1666667E-01  0.0000000E+00  0.6666667E-01  0.2048333E+02  0.2535000E+02  0.1662500E+02  0.0000000E+00  0.0000000E+00  0.0000000E+00
 1999 182  1:42:03   456.2      32.0    0.1666667E-01  0.8333334E-02  0.8333334E-02  0.0000000E+00  0.0000000E+00  0.5833333E-01  0.2094167E+02  0.2523333E+02  0.1641667E+02  0.0000000E+00  0.0000000E+00  0.0000000E+00
 1999 182  1:48:12   465.2      32.1    0.1666667E-01  0.2500000E-01  0.0000000E+00  0.0000000E+00  0.0000000E+00  0.5000000E-01  0.2015833E+02  0.2615000E+02  0.1686667E+02  0.0000000E+00  0.0000000E+00  0.0000000E+00
 1999 182  1:54:20   473.5      30.3    0.0000000E+00  0.0000000E+00  0.8333334E-02  0.0000000E+00  0.8333334E-02  0.5000000E-01  0.2017500E+02  0.2479167E+02  0.1701667E+02  0.0000000E+00  0.0000000E+00  0.0000000E+00
 1999 182  2:00:29   470.7      35.0    0.0000000E+00  0.0000000E+00  0.0000000E+00  0.0000000E+00  0.0000000E+00  0.7500000E-01  0.2093333E+02  0.2495000E+02  0.1609167E+02  0.0000000E+00  0.0000000E+00  0.0000000E+00
 1999 182  2:06:38   459.7      31.4    0.8333334E-02  0.8333334E-02  0.2500000E-01  0.0000000E+00  0.0000000E+00  0.5833333E-01  0.2041667E+02  0.2545833E+02  0.1678333E+02  0.0000000E+00  0.0000000E+00  0.0000000E+00
 1999 182  2:12:47   477.4      43.2    0.2500000E-01  0.8333334E-02  0.8333334E-02  0.0000000E+00  0.0000000E+00  0.7500000E-01  0.2100833E+02  0.2530000E+02  0.1711667E+02  0.0000000E+00  0.0000000E+00  0.0000000E+00
 1999 182  2:18:56   474.6      33.6    0.8333334E-02  0.1121667E+02  0.5000000E-01  0.0000000E+00  0.0000000E+00  0.9166667E-01  0.2047500E+02  0.2609167E+02  0.1708333E+02  0.0000000E+00  0.0000000E+00  0.0000000E+00
 1999 182  2:25:04     0.0       0.0    0.2500000E-01  0.0000000E+00  0.1666667E-01  0.0000000E+00  0.0000000E+00  0.4166667E-01  0.2015833E+02  0.2626667E+02  0.1679167E+02  0.0000000E+00  0.0000000E+00  0.0000000E+00
 1999 182  2:31:13   453.1      33.3    0.2500000E-01  0.0000000E+00  0.8333334E-02  0.0000000E+00  0.0000000E+00  0.6666667E-01  0.2020000E+02  0.2522500E+02  0.1646667E+02  0.0000000E+00  0.0000000E+00  0.0000000E+00
 1999 182  2:37:22   435.7      29.2    0.8333334E-02  0.1666667E-01  0.3333334E-01  0.6615000E+02  0.4666667E+00  0.6666667E-01  0.2120000E+02  0.2564167E+02  0.1690833E+02  0.0000000E+00  0.0000000E+00  0.0000000E+00
 1999 182  2:43:31   457.4      30.4    0.1666667E-01  0.8333334E-02  0.8333334E-02  0.0000000E+00  0.8333334E-02  0.5833333E-01  0.2026667E+02  0.2550000E+02  0.1630000E+02  0.0000000E+00  0.0000000E+00  0.0000000E+00
 1999 182  2:49:39   480.2      34.5    0.1666667E-01  0.5500000E+00  0.1666667E-01  0.8333334E-02  0.8333334E-02  0.8333334E-01  0.2056667E+02  0.2528333E+02  0.1590833E+02  0.0000000E+00  0.0000000E+00  0.0000000E+00
 1999 182  2:55:48   465.0      42.9    0.2500000E-01  0.0000000E+00  0.2500000E-01  0.8333334E-02  0.8333334E-02  0.7500000E-01  0.2070000E+02  0.2544167E+02  0.1689167E+02  0.0000000E+00  0.0000000E+00  0.0000000E+00
 1999 182  3:01:57   463.4      35.0    0.1666667E-01  0.5000000E-01  0.0000000E+00  0.8333334E-02  0.0000000E+00  0.6666667E-01  0.2055000E+02  0.2460000E+02  0.1633333E+02  0.0000000E+00  0.0000000E+00  0.0000000E+00
 1999 182  3:08:05   469.5      38.1    0.1666667E-01  0.7500000E+00  0.1666667E-01  0.0000000E+00  0.0000000E+00  0.9166667E-01  0.2059167E+02  0.2505000E+02  0.1641667E+02  0.0000000E+00  0.0000000E+00  0.0000000E+00
 1999 182  3:14:14   471.9      38.5    0.8333334E-02  0.1666667E-01  0.5000000E-01  0.0000000E+00  0.0000000E+00  0.1000000E+00  0.2088333E+02  0.2475833E+02  0.1579167E+02  0.0000000E+00  0.0000000E+00  0.0000000E+00
 1999 182  3:20:23   476.0      39.9    0.0000000E+00  0.2500000E-01  0.8333334E-02  0.8333334E-02  0.0000000E+00  0.5000000E-01  0.2081667E+02  0.2544167E+02  0.1686667E+02  0.0000000E+00  0.0000000E+00  0.0000000E+00
 1999 182  3:26:32   480.3      39.0    0.0000000E+00  0.8333334E-02  0.8333334E-02  0.0000000E+00  0.0000000E+00  0.2500000E-01  0.2035833E+02  0.2444167E+02  0.1677500E+02  0.0000000E+00  0.0000000E+00  0.0000000E+00
 1999 182  3:32:40   476.6      37.3    0.4166667E-01  0.8333334E-02  0.1666667E-01  0.0000000E+00  0.0000000E+00  0.9166667E-01  0.2047500E+02  0.2517500E+02  0.1695000E+02  0.0000000E+00  0.1501867E+04  0.0000000E+00
 1999 182  3:38:49   472.7      36.9    0.0000000E+00  0.0000000E+00  0.1666667E-01  0.0000000E+00  0.0000000E+00  0.4166667E-01  0.2107500E+02  0.2520833E+02  0.1670833E+02  0.0000000E+00  0.0000000E+00  0.0000000E+00
 1999 182  3:44:58   477.2      24.9    0.0000000E+00  0.1666667E-01  0.8333334E-02  0.0000000E+00  0.0000000E+00  0.4166667E-01  0.2017500E+02  0.2596667E+02  0.1627500E+02  0.0000000E+00  0.0000000E+00  0.0000000E+00
 1999 182  3:51:07   463.8      32.9    0.8333334E-02  0.8333334E-02  0.2500000E-01  0.0000000E+00  0.0000000E+00  0.4166667E-01  0.1987500E+02  0.2530000E+02  0.1700833E+02  0.0000000E+00  0.0000000E+00  0.0000000E+00
 1999 182  3:57:15   465.8      33.4    0.0000000E+00  0.8333334E-02  0.1666667E-01  0.0000000E+00  0.0000000E+00  0.4166667E-01  0.2065000E+02  0.2557500E+02  0.1615000E+02  0.0000000E+00  0.0000000E+00  0.0000000E+00
 1999 182  4:03:24   450.0      32.2    0.6316667E+01  0.5120000E+02  0.8333334E-02  0.0000000E+00  0.0000000E+00  0.5000000E-01  0.2083333E+02  0.2608333E+02  0.1685000E+02  0.0000000E+00  0.0000000E+00  0.0000000E+00
 1999 182  4:09:33   446.1      29.9    0.0000000E+00  0.5386666E+02  0.1666667E-01  0.0000000E+00  0.8333334E-02  0.2500000E-01  0.2028333E+02  0.2513333E+02  0.1670000E+02  0.0000000E+00  0.0000000E+00  0.0000000E+00
 1999 182  4:15:42   448.5      33.5    0.1666667E-01  0.8333334E-02  0.0000000E+00  0.8333334E-02  0.0000000E+00  0.2500000E-01  0.2120000E+02  0.2525833E+02  0.1558333E+02  0.0000000E+00  0.0000000E+00  0.0000000E+00
 1999 182  4:21:50   429.1      44.6    0.3333334E-01  0.0000000E+00  0.0000000E+00  0.0000000E+00  0.0000000E+00  0.5000000E-01  0.2165000E+02  0.2508333E+02  0.1603333E+02  0.0000000E+00  0.0000000E+00  0.0000000E+00
 1999 182  4:24:55   471.7      27.7    0.9454166E+02  0.4203758E+04  0.2500000E-01  0.0000000E+00  0.0000000E+00  0.5274166E+02  0.2005476E+02  0.2374286E+03  0.3977024E+02  0.0000000E+00  0.0000000E+00  0.0000000E+00
 1999 182  4:34:08   453.1      16.2    0.3166667E+00  0.2461733E+04  0.3333334E-01  0.0000000E+00  0.8333334E-02  0.5000000E-01  0.2041667E+02  0.2484167E+02  0.1683333E+02  0.0000000E+00  0.0000000E+00  0.0000000E+00
 1999 182  4:40:17   458.2      34.0    0.2500000E-01  0.1092283E+04  0.1666667E-01  0.8333334E-02  0.1666667E-01  0.5833333E-01  0.2115833E+02  0.2515833E+02  0.1621667E+02  0.0000000E+00  0.0000000E+00  0.0000000E+00
 1999 182  4:46:25   460.3      36.6    0.0000000E+00  0.0000000E+00  0.0000000E+00  0.0000000E+00  0.0000000E+00  0.3333334E-01  0.1955000E+02  0.2443333E+02  0.1523333E+02  0.0000000E+00  0.0000000E+00  0.0000000E+00
 1999 182  4:52:34   442.2      17.7    0.5833333E-01  0.3585833E+03  0.2500000E-01  0.1666667E-01  0.0000000E+00  0.1000000E+00  0.2050833E+02  0.2562500E+02  0.1661667E+02  0.0000000E+00  0.0000000E+00  0.0000000E+00
 1999 182  4:58:43   453.1      33.3    0.4166667E-01  0.1536083E+03  0.1666667E-01  0.8333334E-02  0.0000000E+00  0.2500000E-01  0.2015000E+02  0.2535833E+02  0.1626667E+02  0.0000000E+00  0.0000000E+00  0.0000000E+00
 1999 182  5:04:51     0.0       0.0    0.1013333E+02  0.5462416E+03  0.0000000E+00  0.5333333E+02  0.1230000E+02  0.1666667E-01  0.1950833E+02  0.2510000E+02  0.1610833E+02  0.0000000E+00  0.0000000E+00  0.0000000E+00
 1999 182  5:11:00   437.5      25.9    0.0000000E+00  0.1160558E+04  0.2500000E-01  0.0000000E+00  0.0000000E+00  0.6666667E-01  0.2097500E+02  0.2447500E+02  0.1622500E+02  0.0000000E+00  0.0000000E+00  0.0000000E+00
 1999 182  5:17:09     0.0       0.0    0.0000000E+00  0.5520167E+03  0.0000000E+00  0.0000000E+00  0.0000000E+00  0.1666667E-01  0.2020000E+02  0.2582500E+02  0.1637500E+02  0.0000000E+00  0.0000000E+00  0.0000000E+00
 1999 182  5:23:18   440.1      27.8    0.2117308E+04  0.1589500E+03  0.1666667E-01  0.0000000E+00  0.0000000E+00  0.5000000E-01  0.2016667E+02  0.2523333E+02  0.1723333E+02  0.0000000E+00  0.0000000E+00  0.0000000E+00
 1999 182  5:29:26   440.2      30.4    0.8333334E-02  0.5725000E+01  0.4166667E-01  0.0000000E+00  0.0000000E+00  0.7500000E-01  0.2088333E+02  0.2511667E+02  0.1618333E+02  0.0000000E+00  0.0000000E+00  0.0000000E+00
 1999 182  5:35:35   426.0      25.7    0.0000000E+00  0.4166667E-01  0.8333334E-02  0.1501867E+04  0.0000000E+00  0.3333334E-01  0.1947500E+02  0.2597500E+02  0.1594167E+02  0.0000000E+00  0.0000000E+00  0.0000000E+00
 1999 182  5:41:44   425.1      29.9    0.0000000E+00  0.8333334E-02  0.1666667E-01  0.0000000E+00  0.8333334E-02  0.3333334E-01  0.2012500E+02  0.2513333E+02  0.1629167E+02  0.0000000E+00  0.0000000E+00  0.0000000E+00
 1999 182  5:47:53   451.6      24.2    0.8333334E-02  0.1833333E+00  0.8333334E-02  0.0000000E+00  0.0000000E+00  0.5000000E-01  0.2012500E+02  0.2513333E+02  0.1651667E+02  0.0000000E+00  0.0000000E+00  0.0000000E+00
 1999 182  5:54:01   457.2      30.8    0.2500000E-01  0.7500000E+00  0.2500000E-01  0.0000000E+00  0.8333334E-02  0.7500000E-01  0.2053333E+02  0.2481667E+02  0.1606667E+02  0.0000000E+00  0.0000000E+00  0.0000000E+00
 1999 182  6:00:10   413.2      26.8    0.8333334E-02  0.0000000E+00  0.2500000E-01  0.0000000E+00  0.0000000E+00  0.3333334E-01  0.2013333E+02  0.2409167E+02  0.1607500E+02  0.0000000E+00  0.0000000E+00  0.0000000E+00
 1999 182  6:06:19   427.9      28.9    0.0000000E+00  0.0000000E+00  0.2500000E-01  0.0000000E+00  0.0000000E+00  0.3333334E-01  0.2058333E+02  0.2545833E+02  0.1614167E+02  0.0000000E+00  0.0000000E+00  0.0000000E+00
 1999 182  6:12:28   444.4      28.4    0.1638408E+04  0.6250000E+00  0.8333334E-02  0.1583333E+00  0.0000000E+00  0.1166667E+00  0.2016667E+02  0.2579167E+02  0.1606667E+02  0.0000000E+00  0.0000000E+00  0.0000000E+00
 1999 182  6:18:36   445.7      28.3    0.2500000E-01  0.0000000E+00  0.4166667E-01  0.8333334E-02  0.0000000E+00  0.7500000E-01  0.2098333E+02  0.2496667E+02  0.1650000E+02  0.0000000E+00  0.0000000E+00  0.0000000E+00
 1999 182  6:24:45   442.1      27.6    0.1666667E-01  0.8333334E-02  0.3333334E-01  0.0000000E+00  0.0000000E+00  0.8333334E-01  0.1967500E+02  0.2538333E+02  0.1657500E+02  0.0000000E+00  0.0000000E+00  0.0000000E+00
 1999 182  6:30:54   449.8      38.6    0.1666667E-01  0.0000000E+00  0.0000000E+00  0.0000000E+00  0.0000000E+00  0.3333334E-01  0.2055000E+02  0.2530000E+02  0.1616667E+02  0.0000000E+00  0.0000000E+00  0.0000000E+00
 1999 182  6:33:58   435.6      27.6    0.2500000E-01  0.1666667E-01  0.3333334E-01  0.0000000E+00  0.0000000E+00  0.8333334E-01  0.2020833E+02  0.2475000E+02  0.1664167E+02  0.0000000E+00  0.0000000E+00  0.0000000E+00
 1999 182  6:43:11   450.0      26.0    0.2500000E-01  0.6828333E+02  0.3333334E-01  0.0000000E+00  0.0000000E+00  0.8333334E-01  0.1993333E+02  0.2536667E+02  0.1600833E+02  0.0000000E+00  0.0000000E+00  0.0000000E+00
 1999 182  6:49:20   445.1      32.6    0.8333334E-02  0.0000000E+00  0.8333334E-02  0.0000000E+00  0.0000000E+00  0.2500000E-01  0.2046667E+02  0.2503333E+02  0.1659167E+02  0.0000000E+00  0.0000000E+00  0.0000000E+00
 1999 182  6:55:29   430.5      23.8    0.8333334E-02  0.6416667E+00  0.1666667E-01  0.8333334E-02  0.0000000E+00  0.5000000E-01  0.2009167E+02  0.2359167E+02  0.1692500E+02  0.0000000E+00  0.0000000E+00  0.0000000E+00
 1999 182  7:01:37   431.4      24.9    0.8333334E-02  0.1066667E+01  0.2500000E-01  0.0000000E+00  0.0000000E+00  0.5833333E-01  0.2097500E+02  0.2562500E+02  0.1639167E+02  0.0000000E+00  0.0000000E+00  0.0000000E+00
 1999 182  7:07:46   451.8      19.1    0.1608333E+01  0.0000000E+00  0.8333334E-02  0.7509333E+03  0.1706667E+02  0.1666667E-01  0.8200833E+02  0.5768333E+02  0.1642500E+02  0.2333333E+00  0.0000000E+00  0.0000000E+00
 1999 182  7:13:55   417.0      28.3    0.8333334E-02  0.1066667E+03  0.2500000E-01  0.0000000E+00  0.0000000E+00  0.4166667E-01  0.2081667E+02  0.2465000E+02  0.1625833E+02  0.0000000E+00  0.0000000E+00  0.0000000E+00
 1999 182  7:20:04   413.7      26.2    0.1706667E+02  0.0000000E+00  0.1666667E-01  0.0000000E+00  0.0000000E+00  0.2500000E-01  0.2028333E+02  0.2451667E+02  0.1654167E+02  0.0000000E+00  0.0000000E+00  0.0000000E+00
 1999 182  7:26:12   407.6      29.5    0.2500000E-01  0.0000000E+00  0.8333334E-02  0.0000000E+00  0.0000000E+00  0.4166667E-01  0.2017500E+02  0.2492500E+02  0.1629167E+02  0.0000000E+00  0.0000000E+00  0.0000000E+00
 1999 182  7:32:21   412.0      28.7    0.8333334E-02  0.3822933E+04  0.0000000E+00  0.0000000E+00  0.8333334E-02  0.8333334E-02  0.2048333E+02  0.2481667E+02  0.1582500E+02  0.0000000E+00  0.0000000E+00  0.0000000E+00
 1999 182  7:38:30   422.1      34.7    0.1666667E-01  0.0000000E+00  0.2500000E-01  0.0000000E+00  0.8333334E-02  0.7500000E-01  0.1989167E+02  0.2522500E+02  0.1635000E+02  0.0000000E+00  0.0000000E+00  0.0000000E+00
 1999 182  7:44:39   423.7      31.5    0.2605875E+04  0.1092267E+04  0.8333334E-02  0.8333334E-02  0.0000000E+00  0.1666667E-01  0.2008333E+02  0.2444167E+02  0.1623333E+02  0.0000000E+00  0.0000000E+00  0.0000000E+00
 1999 182  7:50:48   431.6      29.4    0.8333334E-02  0.0000000E+00  0.0000000E+00  0.0000000E+00  0.0000000E+00  0.1021667E+02  0.2075000E+02  0.2555000E+02  0.1712500E+02  0.0000000E+00  0.0000000E+00  0.0000000E+00
 1999 182  7:56:56   417.9      30.9    0.8333334E-02  0.0000000E+00  0.0000000E+00  0.0000000E+00  0.0000000E+00  0.2500000E-01  0.1954167E+02  0.2480000E+02  0.1619167E+02  0.0000000E+00  0.0000000E+00  0.0000000E+00
 1999 182  8:03:05   413.5      28.6    0.1666667E-01  0.2500000E-01  0.2500000E-01  0.8333334E-02  0.8333334E-02  0.7500000E-01  0.2054167E+02  0.2434167E+02  0.1607500E+02  0.0000000E+00  0.0000000E+00  0.0000000E+00
 1999 182  8:09:14   437.1      27.5    0.6995968E+02  0.4541290E+03  0.3225806E-01  0.0000000E+00  0.0000000E+00  0.7258064E-01  0.2000000E+02  0.2420968E+02  0.1657258E+02  0.0000000E+00  0.0000000E+00  0.0000000E+00
 1999 182  8:15:23   430.4      22.6    0.1666667E-01  0.8333334E-02  0.1666667E-01  0.5075000E+01  0.0000000E+00  0.5000000E-01  0.2068333E+02  0.2516667E+02  0.1659167E+02  0.0000000E+00  0.8333334E-02  0.0000000E+00
 1999 182  8:21:31   419.8      24.3    0.1916667E+00  0.2906667E+02  0.2500000E-01  0.0000000E+00  0.0000000E+00  0.5833333E-01  0.2085000E+02  0.2462500E+02  0.1654167E+02  0.0000000E+00  0.0000000E+00  0.0000000E+00
 1999 182  8:27:40     0.0       0.0    0.8620690E-02  0.1383621E+02  0.1724138E-01  0.0000000E+00  0.0000000E+00  0.1034483E+00  0.2055172E+02  0.2475862E+02  0.1609483E+02  0.0000000E+00  0.0000000E+00  0.0000000E+00
 1999 182  8:33:49     0.0       0.0    0.0000000E+00  0.2609231E+03  0.1923077E-01  0.0000000E+00  0.1811692E+04  0.1923077E-01  0.2056731E+02  0.2453846E+02  0.1641346E+02  0.0000000E+00  0.0000000E+00  0.0000000E+00
 1999 182  8:39:58     0.0       0.0    0.1851852E+00  0.1280778E+04  0.0000000E+00  0.0000000E+00  0.0000000E+00  0.4629629E-01  0.2088889E+02  0.2457407E+02  0.1691667E+02  0.0000000E+00  0.0000000E+00  0.0000000E+00
 1999 182  8:46:06     0.0       0.0    0.3938462E+02  0.7271789E+04  0.1923077E-01  0.0000000E+00  0.0000000E+00  0.3846154E+00  0.1836539E+02  0.2634615E+02  0.1665385E+02  0.0000000E+00  0.0000000E+00  0.0000000E+00
 1999 182  8:52:15   418.6      25.8    0.0000000E+00  0.2116267E+04  0.8333334E-02  0.0000000E+00  0.0000000E+00  0.8333334E-02  0.2028333E+02  0.2600000E+02  0.1667500E+02  0.0000000E+00  0.0000000E+00  0.0000000E+00
 1999 182  8:58:24   462.9      26.5    0.0000000E+00  0.1600000E+02  0.0000000E+00  0.0000000E+00  0.0000000E+00  0.2500000E-01  0.2008333E+02  0.2467500E+02  0.1673333E+02  0.0000000E+00  0.0000000E+00  0.0000000E+00
 1999 182  9:04:33     0.0       0.0    0.2055333E+03  0.1226667E+02  0.0000000E+00  0.8333334E-02  0.0000000E+00  0.2500000E-01  0.2017500E+02  0.2640833E+02  0.1622500E+02  0.0000000E+00  0.8333334E-02  0.0000000E+00
 1999 182  9:10:41   470.8      37.9    0.5120000E+02  0.8333334E-02  0.1666667E-01  0.2026667E+02  0.8333334E-02  0.3333334E-01  0.2032500E+02  0.2497500E+02  0.1605833E+02  0.0000000E+00  0.0000000E+00  0.0000000E+00
 1999 182  9:16:50   447.7      38.8    0.4416667E+00  0.2867200E+04  0.2500000E-01  0.0000000E+00  0.2666667E+01  0.8333334E-01  0.2088333E+02  0.2492500E+02  0.1672500E+02  0.0000000E+00  0.0000000E+00  0.0000000E+00
 1999 182  9:22:59   441.9      37.4    0.8333334E-02  0.0000000E+00  0.8333334E-02  0.0000000E+00  0.2774167E+02  0.5000000E-01  0.1980833E+02  0.2522500E+02  0.1642500E+02  0.0000000E+00  0.0000000E+00  0.0000000E+00
 1999 182  9:29:07   439.9      36.4    0.1111111E-01  0.0000000E+00  0.1666667E-01  0.0000000E+00  0.0000000E+00  0.6111111E-01  0.1944722E+02  0.2414167E+02  0.1646389E+02  0.0000000E+00  0.0000000E+00  0.0000000E+00
 1999 182  9:35:16   452.9      36.2    0.1666667E-01  0.6854166E+02  0.2500000E-01  0.0000000E+00  0.8333334E-02  0.5000000E-01  0.2030833E+02  0.2503333E+02  0.1580000E+02  0.0000000E+00  0.0000000E+00  0.0000000E+00
 1999 182  9:41:25   436.8      38.1    0.8725667E+03  0.5000000E+00  0.8333334E-02  0.0000000E+00  0.0000000E+00  0.6666667E-01  0.2075833E+02  0.2499167E+02  0.1605000E+02  0.0000000E+00  0.0000000E+00  0.0000000E+00
 1999 182  9:47:34   451.1      30.8    0.8333334E-02  0.8333334E-02  0.1666667E-01  0.8333334E-02  0.0000000E+00  0.5000000E-01  0.2025833E+02  0.2552500E+02  0.1633333E+02  0.0000000E+00  0.0000000E+00  0.0000000E+00
 1999 182  9:53:42   437.0      32.2    0.8333334E-02  0.8333334E-02  0.1666667E-01  0.0000000E+00  0.0000000E+00  0.5833333E-01  0.2015000E+02  0.2576667E+02  0.1625833E+02  0.0000000E+00  0.0000000E+00  0.0000000E+00
 1999 182  9:59:51   440.3      34.3    0.0000000E+00  0.0000000E+00  0.8333334E-02  0.0000000E+00  0.0000000E+00  0.4166667E-01  0.1970833E+02  0.2494167E+02  0.1677500E+02  0.0000000E+00  0.0000000E+00  0.0000000E+00
 1999 182 10:06:00   433.6      32.5    0.1666667E-01  0.0000000E+00  0.5833333E-01  0.0000000E+00  0.0000000E+00  0.1000000E+00  0.2038333E+02  0.2578333E+02  0.1720833E+02  0.0000000E+00  0.0000000E+00  0.0000000E+00
 1999 182 10:12:09   464.7      47.1    0.8333334E-02  0.0000000E+00  0.4166667E-01  0.0000000E+00  0.8333334E-02  0.9166667E-01  0.2030000E+02  0.2565833E+02  0.1650833E+02  0.0000000E+00  0.0000000E+00  0.0000000E+00
 1999 182 10:18:17   488.4      41.1    0.1666667E-01  0.1722500E+02  0.5000000E-01  0.0000000E+00  0.0000000E+00  0.1250000E+00  0.2040833E+02  0.2518333E+02  0.1595833E+02  0.0000000E+00  0.0000000E+00  0.0000000E+00
 1999 182 10:24:26   485.1      38.0    0.3675000E+03  0.0000000E+00  0.1666667E-01  0.0000000E+00  0.8333334E-02  0.6666667E-01  0.2078333E+02  0.2547500E+02  0.1599167E+02  0.0000000E+00  0.0000000E+00  0.0000000E+00
 1999 182 10:30:35   455.5      37.1    0.0000000E+00  0.4747500E+02  0.1944445E-01  0.0000000E+00  0.0000000E+00  0.7222223E-01  0.1964722E+02  0.2665000E+02  0.1661667E+02  0.0000000E+00  0.0000000E+00  0.0000000E+00
 1999 182 10:36:44     0.0       0.0    0.1750000E+00  0.1728625E+04  0.1759259E-01  0.5188383E+04  0.8333334E-02  0.8333334E-01  0.1916667E+02  0.2547778E+02  0.1596852E+02  0.0000000E+00  0.0000000E+00  0.8874667E+03
 1999 182 10:42:52   466.5      34.1    0.1638408E+04  0.2853667E+03  0.2500000E-01  0.0000000E+00  0.0000000E+00  0.5833333E-01  0.2035000E+02  0.2608333E+02  0.1648333E+02  0.0000000E+00  0.0000000E+00  0.0000000E+00
 1999 182 10:49:01   498.5      32.5    0.8333334E-02  0.1516667E+01  0.3333334E-01  0.0000000E+00  0.8333334E-02  0.8333334E-01  0.2085833E+02  0.2570000E+02  0.1612500E+02  0.0000000E+00  0.0000000E+00  0.0000000E+00
 1999 182 10:55:10   544.7      46.5    0.8333334E-02  0.0000000E+00  0.8333334E-02  0.0000000E+00  0.3866667E+01  0.1666667E-01  0.2097500E+02  0.2535000E+02  0.1604167E+02  0.0000000E+00  0.0000000E+00  0.0000000E+00
 1999 182 11:01:19   532.8      56.3    0.8333334E-02  0.1229167E+02  0.3333334E-01  0.0000000E+00  0.0000000E+00  0.7500000E-01  0.1970833E+02  0.2568333E+02  0.1650000E+02  0.0000000E+00  0.0000000E+00  0.0000000E+00
 1999 182 11:07:27   517.0      46.4    0.8333334E-02  0.1242000E+03  0.8333334E-02  0.0000000E+00  0.0000000E+00  0.8333334E-01  0.1968333E+02  0.2610833E+02  0.1586667E+02  0.0000000E+00  0.0000000E+00  0.0000000E+00
 1999 182 11:13:36   532.4      45.0    0.2240000E+02  0.8333334E-02  0.2500000E-01  0.0000000E+00  0.0000000E+00  0.7500000E-01  0.2015000E+02  0.2522500E+02  0.1638333E+02  0.0000000E+00  0.0000000E+00  0.0000000E+00
 1999 182 11:19:45   548.6      42.5    0.8333334E-02  0.0000000E+00  0.3333334E-01  0.0000000E+00  0.0000000E+00  0.1000000E+00  0.1985000E+02  0.2635833E+02  0.1605000E+02  0.0000000E+00  0.0000000E+00  0.0000000E+00
 1999 182 11:25:53   536.4      43.3    0.8333334E-02  0.0000000E+00  0.8333334E-02  0.0000000E+00  0.8333334E-02  0.6666667E-01  0.2038333E+02  0.2550000E+02  0.1551667E+02  0.0000000E+00  0.0000000E+00  0.0000000E+00
 1999 182 11:32:02   532.6      40.7    0.0000000E+00  0.0000000E+00  0.5000000E-01  0.0000000E+00  0.8333334E-02  0.1000000E+00  0.2051667E+02  0.2527500E+02  0.1646667E+02  0.0000000E+00  0.0000000E+00  0.0000000E+00
 1999 182 11:38:11   539.4      42.1    0.8333334E-02  0.1666667E-01  0.2500000E-01  0.0000000E+00  0.0000000E+00  0.1166667E+00  0.1927500E+02  0.2603333E+02  0.1620000E+02  0.0000000E+00  0.0000000E+00  0.0000000E+00
 1999 182 11:44:20   538.5      21.2    0.0000000E+00  0.0000000E+00  0.8333334E-02  0.0000000E+00  0.0000000E+00  0.1666667E-01  0.2029167E+02  0.2597500E+02  0.1581667E+02  0.0000000E+00  0.0000000E+00  0.0000000E+00
 1999 182 11:50:28   512.7      41.3    0.0000000E+00  0.0000000E+00  0.8333334E-02  0.0000000E+00  0.8333334E-02  0.9166667E-01  0.2000000E+02  0.2570833E+02  0.1678333E+02  0.0000000E+00  0.0000000E+00  0.0000000E+00
 1999 182 11:56:37   497.6      41.6    0.8333334E-02  0.8333334E-02  0.3333334E-01  0.0000000E+00  0.0000000E+00  0.7500000E-01  0.2056667E+02  0.2588333E+02  0.1648333E+02  0.0000000E+00  0.0000000E+00  0.0000000E+00
 1999 182 12:02:46   503.8      40.4    0.0000000E+00  0.0000000E+00  0.8333334E-02  0.8333334E-02  0.0000000E+00  0.6666667E-01  0.2011667E+02  0.2588333E+02  0.1665000E+02  0.0000000E+00  0.0000000E+00  0.0000000E+00
 1999 182 12:08:55   493.7      42.2    0.0000000E+00  0.0000000E+00  0.8333334E-02  0.0000000E+00  0.0000000E+00  0.5000000E-01  0.2072500E+02  0.2585833E+02  0.1622500E+02  0.0000000E+00  0.0000000E+00  0.0000000E+00
 1999 182 12:15:03   504.4      43.8    0.8333334E-02  0.8333334E-02  0.8333334E-02  0.0000000E+00  0.8333334E-02  0.8333334E-01  0.1959167E+02  0.2540833E+02  0.1641667E+02  0.0000000E+00  0.0000000E+00  0.0000000E+00
 1999 182 12:21:12   523.6      38.4    0.0000000E+00  0.0000000E+00  0.2500000E-01  0.0000000E+00  0.0000000E+00  0.5833333E-01  0.2032500E+02  0.2581667E+02  0.1632500E+02  0.0000000E+00  0.0000000E+00  0.0000000E+00
 1999 182 12:27:21   523.4      39.5    0.0000000E+00  0.8333334E-02  0.1666667E-01  0.0000000E+00  0.0000000E+00  0.6666667E-01  0.2027500E+02  0.2560000E+02  0.1630000E+02  0.0000000E+00  0.0000000E+00  0.0000000E+00
 1999 182 12:33:30   512.5      40.7    0.1666667E-01  0.8333334E-02  0.3333334E-01  0.0000000E+00  0.0000000E+00  0.1000000E+00  0.2014167E+02  0.2605000E+02  0.1656667E+02  0.0000000E+00  0.0000000E+00  0.0000000E+00
 1999 182 12:39:38   522.4      41.3    0.8333334E-02  0.0000000E+00  0.2500000E-01  0.0000000E+00  0.1666667E-01  0.1166667E+00  0.2028333E+02  0.2696667E+02  0.1660833E+02  0.0000000E+00  0.0000000E+00  0.0000000E+00
 1999 182 12:45:47   519.7      34.8    0.1666667E-01  0.1666667E-01  0.5000000E-01  0.8333334E-02  0.0000000E+00  0.1166667E+00  0.2048333E+02  0.2678333E+02  0.1613333E+02  0.0000000E+00  0.0000000E+00  0.8333334E-02
 1999 182 12:51:56   523.5      39.9    0.2500000E-01  0.2500000E-01  0.4166667E-01  0.0000000E+00  0.0000000E+00  0.2000000E+00  0.2012500E+02  0.2557500E+02  0.1639167E+02  0.0000000E+00  0.0000000E+00  0.0000000E+00
 1999 182 12:58:05   529.4      38.5    0.0000000E+00  0.0000000E+00  0.5000000E-01  0.0000000E+00  0.8333334E-02  0.8333334E-01  0.2062500E+02  0.2673333E+02  0.1616667E+02  0.0000000E+00  0.0000000E+00  0.0000000E+00
 1999 182 13:04:14   527.1      37.1    0.1666667E-01  0.0000000E+00  0.5000000E-01  0.0000000E+00  0.0000000E+00  0.1416667E+00  0.2005000E+02  0.2617500E+02  0.1584167E+02  0.0000000E+00  0.0000000E+00  0.0000000E+00
 1999 182 13:10:22   533.7      35.4    0.8333334E-02  0.2500000E-01  0.3333334E-01  0.0000000E+00  0.8333334E-02  0.1083333E+00  0.2018333E+02  0.2618333E+02  0.1648333E+02  0.0000000E+00  0.0000000E+00  0.0000000E+00
 1999 182 13:16:31   540.8      36.9    0.0000000E+00  0.0000000E+00  0.0000000E+00  0.0000000E+00  0.8333334E-02  0.7500000E-01  0.2043333E+02  0.2660833E+02  0.1645833E+02  0.0000000E+00  0.0000000E+00  0.0000000E+00
 1999 182 13:22:40   537.1      37.7    0.0000000E+00  0.8333334E-02  0.2500000E-01  0.0000000E+00  0.1666667E-01  0.5833333E-01  0.2046667E+02  0.2660000E+02  0.1648333E+02  0.0000000E+00  0.0000000E+00  0.0000000E+00
 1999 182 13:28:49   536.3      37.2    0.2500000E-01  0.0000000E+00  0.3333334E-01  0.0000000E+00  0.1666667E-01  0.1250000E+00  0.1949167E+02  0.2628333E+02  0.1629167E+02  0.0000000E+00  0.0000000E+00  0.0000000E+00
 1999 182 13:34:57   494.7      32.4    0.0000000E+00  0.0000000E+00  0.4166667E-01  0.0000000E+00  0.0000000E+00  0.6666667E-01  0.2105000E+02  0.2597500E+02  0.1649167E+02  0.0000000E+00  0.0000000E+00  0.0000000E+00
 1999 182 13:41:06   513.9      38.9    0.0000000E+00  0.0000000E+00  0.8333334E-02  0.0000000E+00  0.8333334E-02  0.5833333E-01  0.2029167E+02  0.2574167E+02  0.1625833E+02  0.0000000E+00  0.0000000E+00  0.0000000E+00
 1999 182 13:47:15   525.6      32.8    0.8333334E-02  0.8333334E-02  0.2500000E-01  0.0000000E+00  0.0000000E+00  0.5833333E-01  0.2072500E+02  0.2587500E+02  0.1675000E+02  0.0000000E+00  0.0000000E+00  0.0000000E+00
 1999 182 13:53:23   525.3      35.3    0.1666667E-01  0.0000000E+00  0.3333334E-01  0.0000000E+00  0.0000000E+00  0.9166667E-01  0.1927500E+02  0.2547500E+02  0.1566667E+02  0.0000000E+00  0.0000000E+00  0.0000000E+00
 1999 182 13:59:32   514.0      38.7    0.1666667E-01  0.0000000E+00  0.3333334E-01  0.0000000E+00  0.8333334E-02  0.7500000E-01  0.2035000E+02  0.2583333E+02  0.1554167E+02  0.0000000E+00  0.0000000E+00  0.0000000E+00
 1999 182 14:05:41   507.2      38.8    0.8333334E-02  0.0000000E+00  0.1666667E-01  0.0000000E+00  0.1666667E-01  0.1166667E+00  0.2068333E+02  0.2629167E+02  0.1668333E+02  0.0000000E+00  0.0000000E+00  0.0000000E+00
 1999 182 14:11:50   509.2      38.6    0.0000000E+00  0.8333334E-02  0.4166667E-01  0.0000000E+00  0.0000000E+00  0.9166667E-01  0.2004167E+02  0.2562500E+02  0.1635000E+02  0.0000000E+00  0.0000000E+00  0.0000000E+00
 1999 182 14:17:58   515.3      38.9    0.1666667E-01  0.0000000E+00  0.2500000E-01  0.8333334E-02  0.0000000E+00  0.6666667E-01  0.1983333E+02  0.2687500E+02  0.1640000E+02  0.0000000E+00  0.8333334E-02  0.0000000E+00
 1999 182 14:24:07   520.4      33.3    0.1666667E-01  0.0000000E+00  0.1666667E-01  0.0000000E+00  0.0000000E+00  0.7500000E-01  0.2015000E+02  0.2630000E+02  0.1615833E+02  0.0000000E+00  0.0000000E+00  0.0000000E+00
 1999 182 14:30:16   497.9      42.3    0.8333334E-02  0.0000000E+00  0.2500000E-01  0.0000000E+00  0.0000000E+00  0.8333334E-01  0.2120833E+02  0.2616667E+02  0.1635833E+02  0.0000000E+00  0.0000000E+00  0.0000000E+00
 1999 182 14:36:25   460.9      32.4    0.8333334E-02  0.8333334E-02  0.3333334E-01  0.0000000E+00  0.8333334E-02  0.1083333E+00  0.2018333E+02  0.2714167E+02  0.1552500E+02  0.0000000E+00  0.0000000E+00  0.0000000E+00
 1999 182 14:42:33   481.6      39.9    0.0000000E+00  0.0000000E+00  0.1666667E-01  0.0000000E+00  0.0000000E+00  0.7500000E-01  0.2033333E+02  0.2598333E+02  0.1564167E+02  0.0000000E+00  0.0000000E+00  0.0000000E+00
 1999 182 14:48:42   482.2      35.8    0.0000000E+00  0.8333334E-02  0.1666667E-01  0.0000000E+00  0.0000000E+00  0.8333334E-01  0.2139167E+02  0.2610833E+02  0.1643333E+02  0.0000000E+00  0.0000000E+00  0.0000000E+00
 1999 182 14:54:51   479.2      34.4    0.1666667E-01  0.8333334E-02  0.8333334E-02  0.0000000E+00  0.0000000E+00  0.1000000E+00  0.2048333E+02  0.2641667E+02  0.1604167E+02  0.0000000E+00  0.0000000E+00  0.0000000E+00
 1999 182 15:01:00   491.3      33.9    0.1666667E-01  0.8333334E-02  0.8333334E-02  0.0000000E+00  0.0000000E+00  0.8333334E-01  0.2067500E+02  0.2643333E+02  0.1605000E+02  0.0000000E+00  0.0000000E+00  0.0000000E+00
 1999 182 15:07:08   491.1      42.6    0.8333334E-02  0.1666667E-01  0.8333334E-02  0.0000000E+00  0.0000000E+00  0.6666667E-01  0.2060833E+02  0.2586667E+02  0.1618333E+02  0.0000000E+00  0.0000000E+00  0.0000000E+00
 1999 182 15:13:17   472.4      34.3    0.3333334E-01  0.0000000E+00  0.1666667E-01  0.0000000E+00  0.0000000E+00  0.1250000E+00  0.2100000E+02  0.2599167E+02  0.1658333E+02  0.0000000E+00  0.0000000E+00  0.0000000E+00
 1999 182 15:19:26   485.2      30.9    0.0000000E+00  0.8333334E-02  0.1666667E-01  0.8333334E-02  0.3333334E-01  0.7500000E-01  0.1978333E+02  0.2635000E+02  0.1696667E+02  0.0000000E+00  0.0000000E+00  0.0000000E+00
 1999 182 15:25:35   498.5      42.8    0.2500000E-01  0.8333334E-02  0.2500000E-01  0.0000000E+00  0.1666667E-01  0.9166667E-01  0.2051667E+02  0.2578333E+02  0.1552500E+02  0.0000000E+00  0.0000000E+00  0.0000000E+00
 1999 182 15:31:43   497.1      37.8    0.8333334E-02  0.0000000E+00  0.1666667E-01  0.0000000E+00  0.8333334E-02  0.9166667E-01  0.1996667E+02  0.2604167E+02  0.1631667E+02  0.0000000E+00  0.0000000E+00  0.0000000E+00
 1999 182 15:37:52   515.1      39.3    0.4166667E-01  0.1666667E-01  0.8333334E-02  0.0000000E+00  0.0000000E+00  0.1000000E+00  0.2059167E+02  0.2640833E+02  0.1650833E+02  0.0000000E+00  0.0000000E+00  0.0000000E+00
 1999 182 15:44:01   510.5      27.7    0.0000000E+00  0.0000000E+00  0.0000000E+00  0.0000000E+00  0.1666667E-01  0.6666667E-01  0.2043333E+02  0.2692500E+02  0.1627500E+02  0.0000000E+00  0.0000000E+00  0.0000000E+00
 1999 182 15:50:09   515.4      41.7    0.8333334E-02  0.8333334E-02  0.2500000E-01  0.0000000E+00  0.1666667E-01  0.9166667E-01  0.2049167E+02  0.2685833E+02  0.1574167E+02  0.0000000E+00  0.0000000E+00  0.0000000E+00
 1999 182 15:56:18   509.2      34.7    0.2500000E-01  0.0000000E+00  0.1666667E-01  0.8333334E-02  0.8333334E-02  0.1333333E+00  0.2090000E+02  0.2624167E+02  0.1699167E+02  0.0000000E+00  0.0000000E+00  0.0000000E+00
 1999 182 16:02:27   522.2      36.3    0.8333334E-02  0.1666667E-01  0.2500000E-01  0.8333334E-02  0.8333334E-02  0.1083333E+00  0.1971667E+02  0.2586667E+02  0.1649167E+02  0.0000000E+00  0.0000000E+00  0.0000000E+00
 1999 182 16:08:36   497.2      44.0    0.3333334E-01  0.1666667E-01  0.1666667E-01  0.8333334E-02  0.8333334E-02  0.1000000E+00  0.2055833E+02  0.2625000E+02  0.1626667E+02  0.0000000E+00  0.0000000E+00  0.0000000E+00
 1999 182 16:14:44   461.6      28.8    0.5833333E-01  0.8333334E-02  0.2500000E-01  0.0000000E+00  0.0000000E+00  0.1500000E+00  0.1991667E+02  0.2653333E+02  0.1680000E+02  0.0000000E+00  0.0000000E+00  0.0000000E+00
 1999 182 16:20:53   453.8      24.7    0.8333334E-02  0.1666667E-01  0.4166667E-01  0.0000000E+00  0.0000000E+00  0.1333333E+00  0.1985000E+02  0.2656667E+02  0.1680833E+02  0.0000000E+00  0.0000000E+00  0.0000000E+00
 1999 182 16:27:02   448.9      21.9    0.2500000E-01  0.0000000E+00  0.2500000E-01  0.0000000E+00  0.8333334E-02  0.1666667E+00  0.2051667E+02  0.2651667E+02  0.1692500E+02  0.0000000E+00  0.0000000E+00  0.0000000E+00
 1999 182 16:33:11   449.3      22.1    0.8333334E-02  0.1666667E-01  0.3333334E-01  0.0000000E+00  0.0000000E+00  0.9166667E-01  0.2056667E+02  0.2648333E+02  0.1611667E+02  0.0000000E+00  0.0000000E+00  0.0000000E+00
 1999 182 16:39:19   447.5      19.3    0.1666667E-01  0.0000000E+00  0.1666667E-01  0.0000000E+00  0.8333334E-02  0.7500000E-01  0.1980833E+02  0.2666667E+02  0.1594167E+02  0.0000000E+00  0.0000000E+00  0.0000000E+00
 1999 182 16:45:28   454.1      26.7    0.3333334E-01  0.0000000E+00  0.2500000E-01  0.0000000E+00  0.8333334E-02  0.1416667E+00  0.1994167E+02  0.2688333E+02  0.1677500E+02  0.0000000E+00  0.0000000E+00  0.0000000E+00
 1999 182 16:51:37   487.5      35.6    0.1666667E-01  0.0000000E+00  0.1666667E-01  0.0000000E+00  0.8333334E-02  0.1166667E+00  0.2117500E+02  0.2584167E+02  0.1682500E+02  0.0000000E+00  0.0000000E+00  0.0000000E+00
 1999 182 16:57:46   504.4      41.4    0.3333334E-01  0.0000000E+00  0.2500000E-01  0.0000000E+00  0.1666667E-01  0.1000000E+00  0.2089167E+02  0.2624167E+02  0.1698333E+02  0.0000000E+00  0.0000000E+00  0.0000000E+00
 1999 182 17:03:54   471.3      33.5    0.2500000E-01  0.8333334E-02  0.8333334E-02  0.0000000E+00  0.8333334E-02  0.1000000E+00  0.2080000E+02  0.2614167E+02  0.1645833E+02  0.0000000E+00  0.0000000E+00  0.0000000E+00
 1999 182 17:10:03   484.2      36.9    0.2500000E-01  0.0000000E+00  0.0000000E+00  0.0000000E+00  0.0000000E+00  0.9166667E-01  0.2030833E+02  0.2678333E+02  0.1576667E+02  0.0000000E+00  0.0000000E+00  0.0000000E+00
 1999 182 17:16:12   452.0      21.2    0.8333334E-02  0.1666667E-01  0.8333334E-02  0.8333334E-02  0.8333334E-02  0.1083333E+00  0.2068333E+02  0.2735000E+02  0.1672500E+02  0.0000000E+00  0.8333334E-02  0.0000000E+00
 1999 182 17:22:21   470.3      28.2    0.0000000E+00  0.0000000E+00  0.1666667E-01  0.0000000E+00  0.0000000E+00  0.1083333E+00  0.1986667E+02  0.2548333E+02  0.1610833E+02  0.0000000E+00  0.0000000E+00  0.0000000E+00
 1999 182 17:28:29   468.0      27.8    0.2500000E-01  0.8333334E-02  0.5000000E-01  0.0000000E+00  0.8333334E-02  0.1583333E+00  0.2051667E+02  0.2811667E+02  0.1675833E+02  0.0000000E+00  0.0000000E+00  0.0000000E+00
 1999 182 17:34:38   472.1      31.2    0.0000000E+00  0.8333334E-02  0.1666667E-01  0.0000000E+00  0.0000000E+00  0.1250000E+00  0.2079167E+02  0.2650000E+02  0.1635000E+02  0.0000000E+00  0.0000000E+00  0.0000000E+00
 1999 182 17:40:47   497.7      28.8    0.1666667E-01  0.0000000E+00  0.2500000E-01  0.0000000E+00  0.1666667E-01  0.1416667E+00  0.2045000E+02  0.2594167E+02  0.1672500E+02  0.0000000E+00  0.0000000E+00  0.0000000E+00
 1999 182 17:46:55   480.9      28.1    0.1666667E-01  0.0000000E+00  0.1666667E-01  0.0000000E+00  0.8333334E-02  0.9166667E-01  0.2101667E+02  0.2592500E+02  0.1591667E+02  0.0000000E+00  0.0000000E+00  0.0000000E+00
 1999 182 17:53:04   487.7      33.0    0.8333334E-02  0.8333334E-02  0.2500000E-01  0.0000000E+00  0.0000000E+00  0.1416667E+00  0.1962500E+02  0.2607500E+02  0.1557500E+02  0.0000000E+00  0.0000000E+00  0.0000000E+00
 1999 182 17:59:13   470.5      27.8    0.0000000E+00  0.8333334E-02  0.2500000E-01  0.0000000E+00  0.8333334E-02  0.9166667E-01  0.2046667E+02  0.2655000E+02  0.1638333E+02  0.0000000E+00  0.0000000E+00  0.0000000E+00
 1999 182 18:05:22   498.9      39.7    0.1666667E-01  0.0000000E+00  0.3333334E-01  0.0000000E+00  0.0000000E+00  0.1166667E+00  0.1945000E+02  0.2636667E+02  0.1633333E+02  0.0000000E+00  0.0000000E+00  0.0000000E+00
 1999 182 18:11:30   488.4      36.3    0.3333334E-01  0.8333334E-02  0.8333334E-02  0.0000000E+00  0.0000000E+00  0.8333334E-01  0.2001667E+02  0.2607500E+02  0.1671667E+02  0.0000000E+00  0.0000000E+00  0.0000000E+00
 1999 182 18:17:39   502.2      36.7    0.5000000E-01  0.8333334E-02  0.0000000E+00  0.0000000E+00  0.0000000E+00  0.1416667E+00  0.2177500E+02  0.2632500E+02  0.1680833E+02  0.0000000E+00  0.0000000E+00  0.0000000E+00
 1999 182 18:23:48   485.2      42.0    0.3333334E-01  0.0000000E+00  0.1666667E-01  0.0000000E+00  0.8333334E-02  0.1166667E+00  0.2098333E+02  0.2633333E+02  0.1583333E+02  0.0000000E+00  0.0000000E+00  0.0000000E+00
 1999 182 18:29:57   504.9      24.5    0.2500000E-01  0.8333334E-02  0.3333334E-01  0.0000000E+00  0.8333334E-02  0.1500000E+00  0.2059167E+02  0.2637500E+02  0.1639167E+02  0.0000000E+00  0.0000000E+00  0.0000000E+00
 1999 182 18:36:06   484.0      35.9    0.2500000E-01  0.8333334E-02  0.8333334E-02  0.8333334E-02  0.1666667E-01  0.1166667E+00  0.2097500E+02  0.2578333E+02  0.1615833E+02  0.0000000E+00  0.0000000E+00  0.0000000E+00
 1999 182 18:42:14   486.9      30.3    0.3333334E-01  0.0000000E+00  0.3333334E-01  0.0000000E+00  0.8333334E-02  0.1250000E+00  0.2063333E+02  0.2711667E+02  0.1610000E+02  0.0000000E+00  0.0000000E+00  0.0000000E+00
 1999 182 18:48:23   489.6      32.7    0.5000000E-01  0.1666667E-01  0.1666667E-01  0.0000000E+00  0.1666667E-01  0.1416667E+00  0.2117500E+02  0.2597500E+02  0.1602500E+02  0.0000000E+00  0.0000000E+00  0.0000000E+00
 1999 182 18:54:32   488.8      34.5    0.1666667E-01  0.8333334E-02  0.8333334E-02  0.0000000E+00  0.0000000E+00  0.8333334E-01  0.2078333E+02  0.2597500E+02  0.1641667E+02  0.0000000E+00  0.0000000E+00  0.0000000E+00
 1999 182 19:00:41   504.5      42.6    0.2500000E-01  0.1666667E-01  0.3333334E-01  0.0000000E+00  0.8333334E-02  0.1083333E+00  0.2105833E+02  0.2586667E+02  0.1662500E+02  0.0000000E+00  0.0000000E+00  0.0000000E+00
 1999 182 19:06:49   484.6      30.4    0.3333334E-01  0.8333334E-02  0.8333334E-02  0.0000000E+00  0.0000000E+00  0.1083333E+00  0.1994167E+02  0.2605000E+02  0.1593333E+02  0.0000000E+00  0.0000000E+00  0.0000000E+00
 1999 182 19:12:58   485.9      33.4    0.6666667E-01  0.8333334E-02  0.1666667E-01  0.0000000E+00  0.0000000E+00  0.1000000E+00  0.2007500E+02  0.2551667E+02  0.1630000E+02  0.0000000E+00  0.0000000E+00  0.0000000E+00
 1999 182 19:19:07   481.8      31.5    0.5833333E-01  0.1666667E-01  0.2500000E-01  0.0000000E+00  0.0000000E+00  0.1583333E+00  0.2026667E+02  0.2626667E+02  0.1635833E+02  0.0000000E+00  0.0000000E+00  0.0000000E+00
 1999 182 19:25:16   492.4      38.2    0.6666667E-01  0.1666667E-01  0.8333334E-02  0.0000000E+00  0.0000000E+00  0.1416667E+00  0.2105833E+02  0.2533333E+02  0.1668333E+02  0.0000000E+00  0.0000000E+00  0.0000000E+00
 1999 182 19:31:24   468.8      26.9    0.5000000E-01  0.8333334E-02  0.2500000E-01  0.0000000E+00  0.8333334E-02  0.1250000E+00  0.2005833E+02  0.2655000E+02  0.1658333E+02  0.0000000E+00  0.0000000E+00  0.0000000E+00
 1999 182 19:37:33   471.6      30.4    0.5000000E-01  0.8333334E-02  0.2500000E-01  0.0000000E+00  0.0000000E+00  0.1500000E+00  0.2040833E+02  0.2622500E+02  0.1699167E+02  0.0000000E+00  0.0000000E+00  0.0000000E+00
 1999 182 19:43:42   473.0      27.4    0.2500000E-01  0.2500000E-01  0.1666667E-01  0.0000000E+00  0.2500000E-01  0.1250000E+00  0.2090833E+02  0.2735000E+02  0.1619167E+02  0.0000000E+00  0.0000000E+00  0.0000000E+00
 1999 182 19:49:51   480.1      31.0    0.5833333E-01  0.0000000E+00  0.5833333E-01  0.0000000E+00  0.8333334E-02  0.2083333E+00  0.2086667E+02  0.2692500E+02  0.1672500E+02  0.0000000E+00  0.0000000E+00  0.0000000E+00
 1999 182 19:55:59   496.8      32.3    0.5000000E-01  0.2500000E-01  0.2500000E-01  0.0000000E+00  0.0000000E+00  0.1916667E+00  0.2092500E+02  0.2603333E+02  0.1641667E+02  0.0000000E+00  0.0000000E+00  0.0000000E+00
 1999 182 20:02:08   488.8      34.2    0.1666667E-01  0.1666667E-01  0.4166667E-01  0.0000000E+00  0.8333334E-02  0.1500000E+00  0.2050000E+02  0.2611667E+02  0.1636667E+02  0.0000000E+00  0.0000000E+00  0.0000000E+00
 1999 182 20:08:17   497.6      35.3    0.1666667E-01  0.8333334E-02  0.2500000E-01  0.8333334E-02  0.8333334E-02  0.9166667E-01  0.2061667E+02  0.2704167E+02  0.1643333E+02  0.0000000E+00  0.0000000E+00  0.0000000E+00
 1999 182 20:14:25   481.1      33.2    0.2500000E-01  0.0000000E+00  0.3333334E-01  0.8333334E-02  0.8333334E-02  0.9166667E-01  0.2065000E+02  0.2737500E+02  0.1601667E+02  0.0000000E+00  0.0000000E+00  0.0000000E+00
 1999 182 20:20:34   469.6      32.3    0.3333334E-01  0.2500000E-01  0.1666667E-01  0.8333334E-02  0.0000000E+00  0.1083333E+00  0.2033333E+02  0.2662500E+02  0.1641667E+02  0.0000000E+00  0.0000000E+00  0.0000000E+00
 1999 182 20:26:43   474.4      32.5    0.8333334E-01  0.8333334E-02  0.1666667E-01  0.0000000E+00  0.0000000E+00  0.1416667E+00  0.2052500E+02  0.2584167E+02  0.1664167E+02  0.0000000E+00  0.0000000E+00  0.0000000E+00
 1999 182 20:32:52   467.2      28.0    0.5000000E-01  0.0000000E+00  0.4166667E-01  0.0000000E+00  0.8333334E-02  0.1416667E+00  0.2127500E+02  0.2663333E+02  0.1615000E+02  0.0000000E+00  0.0000000E+00  0.0000000E+00
 1999 182 20:39:00   461.4      31.5    0.5833333E-01  0.8333334E-02  0.8333334E-02  0.0000000E+00  0.0000000E+00  0.1166667E+00  0.2042500E+02  0.2655000E+02  0.1707500E+02  0.0000000E+00  0.0000000E+00  0.0000000E+00
 1999 182 20:45:09   464.9      27.9    0.8333334E-01  0.2500000E-01  0.3333334E-01  0.0000000E+00  0.0000000E+00  0.1750000E+00  0.2071667E+02  0.2593333E+02  0.1654167E+02  0.0000000E+00  0.0000000E+00  0.0000000E+00
 1999 182 20:51:18   460.8      26.1    0.3333334E-01  0.5833333E-01  0.5000000E-01  0.0000000E+00  0.8333334E-02  0.2083333E+00  0.2165000E+02  0.2662500E+02  0.1640833E+02  0.0000000E+00  0.0000000E+00  0.0000000E+00
 1999 182 20:57:27   456.2      26.6    0.4166667E-01  0.1666667E-01  0.2500000E-01  0.0000000E+00  0.8333334E-02  0.1583333E+00  0.2130833E+02  0.2668333E+02  0.1687500E+02  0.0000000E+00  0.0000000E+00  0.0000000E+00
 1999 182 21:03:35   451.6      21.0    0.2500000E-01  0.0000000E+00  0.7500000E-01  0.8333334E-02  0.8333334E-02  0.1333333E+00  0.2130000E+02  0.2625833E+02  0.1562500E+02  0.0000000E+00  0.0000000E+00  0.0000000E+00
 1999 182 21:09:44   450.7      23.5    0.5833333E-01  0.8333334E-02  0.8333334E-02  0.8333334E-02  0.8333334E-02  0.1416667E+00  0.2068333E+02  0.2639167E+02  0.1685000E+02  0.0000000E+00  0.8333334E-02  0.0000000E+00
 1999 182 21:15:53   458.8      26.6    0.5000000E-01  0.0000000E+00  0.2500000E-01  0.0000000E+00  0.0000000E+00  0.1500000E+00  0.2065833E+02  0.2541667E+02  0.1615000E+02  0.0000000E+00  0.0000000E+00  0.0000000E+00
 1999 182 21:22:02   487.8      34.6    0.5000000E-01  0.1666667E-01  0.4166667E-01  0.8333334E-02  0.8333334E-02  0.1750000E+00  0.2068333E+02  0.2570833E+02  0.1670833E+02  0.0000000E+00  0.0000000E+00  0.0000000E+00
 1999 182 21:28:10   482.8      34.5    0.2500000E-01  0.0000000E+00  0.0000000E+00  0.8333334E-02  0.1666667E-01  0.6666667E-01  0.2055833E+02  0.2721667E+02  0.1620000E+02  0.0000000E+00  0.0000000E+00  0.0000000E+00
 1999 182 21:34:19   459.5      34.1    0.4166667E-01  0.1666667E-01  0.3333334E-01  0.0000000E+00  0.8333334E-02  0.1333333E+00  0.2050833E+02  0.2596667E+02  0.1613333E+02  0.0000000E+00  0.0000000E+00  0.0000000E+00
 1999 182 21:40:28   480.6      36.0    0.2500000E-01  0.8333334E-02  0.2500000E-01  0.0000000E+00  0.1666667E-01  0.1000000E+00  0.2069167E+02  0.2624167E+02  0.1650000E+02  0.0000000E+00  0.0000000E+00  0.0000000E+00
 1999 182 21:46:37   479.4      29.1    0.2500000E-01  0.1666667E-01  0.2500000E-01  0.0000000E+00  0.1666667E-01  0.1000000E+00  0.2054167E+02  0.2745000E+02  0.1655000E+02  0.0000000E+00  0.0000000E+00  0.0000000E+00
 1999 182 21:52:45   508.5      38.1    0.8333334E-02  0.8333334E-02  0.2500000E-01  0.0000000E+00  0.8333334E-02  0.1000000E+00  0.2073333E+02  0.2645000E+02  0.1671667E+02  0.0000000E+00  0.0000000E+00  0.0000000E+00
 1999 182 21:58:54   457.9      27.9    0.1666667E-01  0.0000000E+00  0.1666667E-01  0.0000000E+00  0.8333334E-02  0.6666667E-01  0.2106667E+02  0.2682500E+02  0.1608333E+02  0.0000000E+00  0.0000000E+00  0.0000000E+00
 1999 182 22:05:03   450.1      25.1    0.5833333E-01  0.1666667E-01  0.3333334E-01  0.0000000E+00  0.0000000E+00  0.1666667E+00  0.2055000E+02  0.2684167E+02  0.1690000E+02  0.0000000E+00  0.0000000E+00  0.0000000E+00
 1999 182 22:11:11   451.5      25.9    0.3333334E-01  0.0000000E+00  0.5833333E-01  0.0000000E+00  0.0000000E+00  0.1083333E+00  0.2049167E+02  0.2628333E+02  0.1677500E+02  0.0000000E+00  0.0000000E+00  0.0000000E+00
 1999 182 22:17:20   449.6      24.4    0.5833333E-01  0.1666667E-01  0.4166667E-01  0.0000000E+00  0.4166667E-01  0.2083333E+00  0.2030833E+02  0.2626667E+02  0.1575000E+02  0.0000000E+00  0.0000000E+00  0.0000000E+00
 1999 182 22:23:29   450.7      24.9    0.2500000E-01  0.8333334E-02  0.3333334E-01  0.0000000E+00  0.8333334E-02  0.1250000E+00  0.1985000E+02  0.2702500E+02  0.1681667E+02  0.0000000E+00  0.0000000E+00  0.0000000E+00
 1999 182 22:29:38   443.8      25.5    0.4166667E-01  0.8333334E-02  0.4166667E-01  0.0000000E+00  0.8333334E-02  0.1083333E+00  0.2104167E+02  0.2695000E+02  0.1635833E+02  0.0000000E+00  0.0000000E+00  0.0000000E+00
 1999 182 22:35:46   454.3      27.7    0.4166667E-01  0.2500000E-01  0.3333334E-01  0.0000000E+00  0.0000000E+00  0.1416667E+00  0.1981667E+02  0.2724167E+02  0.1567500E+02  0.0000000E+00  0.0000000E+00  0.0000000E+00
 1999 182 22:41:55   459.6      28.6    0.2500000E-01  0.1666667E-01  0.4166667E-01  0.0000000E+00  0.0000000E+00  0.1750000E+00  0.2039167E+02  0.2696667E+02  0.1598333E+02  0.0000000E+00  0.0000000E+00  0.0000000E+00
 1999 182 22:48:04   480.7      27.9    0.4166667E-01  0.8333334E-02  0.5833333E-01  0.0000000E+00  0.0000000E+00  0.1500000E+00  0.2110833E+02  0.2644167E+02  0.1669167E+02  0.0000000E+00  0.0000000E+00  0.0000000E+00
 1999 182 22:54:13   500.0      38.3    0.5000000E-01  0.1666667E-01  0.1666667E-01  0.0000000E+00  0.0000000E+00  0.1583333E+00  0.2144167E+02  0.2603333E+02  0.1720833E+02  0.0000000E+00  0.0000000E+00  0.0000000E+00
 1999 182 23:00:21   504.0      32.3    0.1666667E-01  0.1666667E-01  0.3333334E-01  0.0000000E+00  0.8333334E-02  0.1166667E+00  0.2066667E+02  0.2623333E+02  0.1665000E+02  0.0000000E+00  0.0000000E+00  0.0000000E+00
 1999 182 23:06:30   507.8      32.5    0.2500000E-01  0.8333334E-02  0.6666667E-01  0.0000000E+00  0.8333334E-02  0.1666667E+00  0.2064167E+02  0.2690000E+02  0.1715000E+02  0.0000000E+00  0.0000000E+00  0.0000000E+00
 1999 182 23:12:39   488.3      45.2    0.5000000E-01  0.0000000E+00  0.2500000E-01  0.0000000E+00  0.0000000E+00  0.1166667E+00  0.2117500E+02  0.2690833E+02  0.1639167E+02  0.0000000E+00  0.0000000E+00  0.0000000E+00
 1999 182 23:18:48   499.1      34.7    0.4166667E-01  0.8333334E-02  0.2500000E-01  0.0000000E+00  0.1666667E-01  0.1333333E+00  0.2093333E+02  0.2683333E+02  0.1602500E+02  0.0000000E+00  0.0000000E+00  0.0000000E+00
 1999 182 23:24:57   485.3      35.3    0.8333334E-02  0.8333334E-02  0.2500000E-01  0.8333334E-02  0.0000000E+00  0.6666667E-01  0.2064167E+02  0.2685833E+02  0.1685833E+02  0.0000000E+00  0.8333334E-02  0.0000000E+00
 1999 182 23:31:05   471.4      34.0    0.0000000E+00  0.0000000E+00  0.7500000E-01  0.0000000E+00  0.8333334E-02  0.1250000E+00  0.2029167E+02  0.2730833E+02  0.1740833E+02  0.0000000E+00  0.0000000E+00  0.0000000E+00
 1999 182 23:37:14   449.4      32.0    0.1666667E-01  0.1666667E-01  0.1666667E-01  0.0000000E+00  0.0000000E+00  0.7500000E-01  0.2050000E+02  0.2741667E+02  0.1616667E+02  0.0000000E+00  0.0000000E+00  0.0000000E+00
 1999 182 23:43:23   466.4      36.6    0.8333334E-01  0.1666667E-01  0.5833333E-01  0.0000000E+00  0.0000000E+00  0.2250000E+00  0.2073333E+02  0.2755000E+02  0.1670833E+02  0.0000000E+00  0.0000000E+00  0.0000000E+00
